I210818 18:30:53.170401 1 util/log/sync_buffer.go:70  [config] file created at: 2021/08/18 18:30:53
I210818 18:30:53.170401 1 util/log/sync_buffer.go:70  [config] running on machine: DESKTOP-GU2JBJ3
I210818 18:30:53.170401 1 util/log/sync_buffer.go:70  [config] binary: CockroachDB CCL v20.1.17 (x86_64-w64-mingw32, built 2021/05/17 16:42:38, go1.13.9)
I210818 18:30:53.170401 1 util/log/sync_buffer.go:70  [config] arguments: [C:\cockroach\cockroach.exe start --insecure --host 127.0.0.1]
I210818 18:30:53.170401 1 util/log/sync_buffer.go:70  line format: [IWEF]yymmdd hh:mm:ss.uuuuuu goid file:line msg utf8=✓
I210818 18:30:53.170397 1 cli/start.go:1051  logging to directory C:\Users\Nothing\Desktop\network\cockroach-data\logs
W210818 18:30:53.172257 1 cli/start.go:1100  RUNNING IN INSECURE MODE!

- Your cluster is open for any client that can access 127.0.0.1.
- Any user, even root, can log in without providing a password.
- Any user, connecting as root, can read or write any data in your cluster.
- There is no network encryption nor authentication, and thus no confidentiality.

Check out how to secure your cluster: https://www.cockroachlabs.com/docs/v20.1/secure-a-cluster.html
W210818 18:30:53.172287 1 cli/start.go:972  Using the default setting for --cache (128 MiB).
  A significantly larger value is usually needed for good performance.
  If you have a dedicated server a reasonable setting is --cache=.25 (1.9 GiB).
I210818 18:30:53.172298 1 cli/start.go:1114  CockroachDB CCL v20.1.17 (x86_64-w64-mingw32, built 2021/05/17 16:42:38, go1.13.9)
W210818 18:30:53.172988 1 cli/start.go:376  running 'cockroach start' without --join is deprecated.
Consider using 'cockroach start-single-node' or 'cockroach init' instead.
I210818 18:30:53.178087 1 server/config.go:404  system total memory: 7.8 GiB
I210818 18:30:53.178127 1 server/config.go:406  server configuration:
max offset             500000000
cache size             128 MiB
SQL memory pool size   1.9 GiB
scan interval          10m0s
scan min idle time     10ms
scan max idle time     1s
event log enabled      true
I210818 18:30:53.178143 1 cli/start.go:957  process identity: uid S-1-5-21-3555808950-1563559068-697072965-1001, gid S-1-5-21-3555808950-1563559068-697072965-513
I210818 18:30:53.178596 1 cli/start.go:525  starting cockroach node
I210818 18:30:53.180433 101 storage/rocksdb.go:606  opening rocksdb instance at "C:\\Users\\Nothing\\Desktop\\network\\cockroach-data\\cockroach-temp038360955"
I210818 18:30:55.686768 101 server/server.go:1075  [n?] monitoring forward clock jumps based on server.clock.forward_jump_check_enabled
I210818 18:30:55.688124 101 storage/rocksdb.go:606  opening rocksdb instance at "C:\\Users\\Nothing\\Desktop\\network\\cockroach-data"
I210818 18:30:55.731450 101 server/config.go:578  [n?] 1 storage engine initialized
I210818 18:30:55.731457 101 server/config.go:581  [n?] RocksDB cache size: 128 MiB
I210818 18:30:55.731461 101 server/config.go:581  [n?] store 0: RocksDB, max size 0 B, max open file limit 10000
I210818 18:30:55.738269 101 server/server.go:1121  [n?] Sleeping till wall time 1629311455738245900 to catches up to 1629311456186743301 to ensure monotonicity. Delta: 448.497401ms
I210818 18:30:56.192010 101 gossip/gossip.go:395  [n1] NodeDescriptor set to node_id:1 address:<network_field:"tcp" address_field:"127.0.0.1:26257" > attrs:<> locality:<> ServerVersion:<major_val:20 minor_val:1 patch:0 unstable:0 > build_tag:"v20.1.17" started_at:1629311456191842100 cluster_name:"" sql_address:<network_field:"tcp" address_field:"127.0.0.1:26257" > 
W210818 18:30:56.208840 291 kv/kvserver/replica_range_lease.go:554  can't determine lease status due to node liveness error: node not in the liveness table
github.com/cockroachdb/cockroach/pkg/kv/kvserver.init
	/go/src/github.com/cockroachdb/cockroach/pkg/kv/kvserver/node_liveness.go:44
runtime.doInit
	/usr/local/go/src/runtime/proc.go:5222
runtime.doInit
	/usr/local/go/src/runtime/proc.go:5217
runtime.doInit
	/usr/local/go/src/runtime/proc.go:5217
runtime.doInit
	/usr/local/go/src/runtime/proc.go:5217
runtime.doInit
	/usr/local/go/src/runtime/proc.go:5217
runtime.main
	/usr/local/go/src/runtime/proc.go:190
runtime.goexit
	/usr/local/go/src/runtime/asm_amd64.s:1357
W210818 18:30:56.208918 291 kv/kvserver/store.go:1643  [n1,s1,r6/1:/Table/{SystemCon…-11}] could not gossip system config: [NotLeaseHolderError] r6: replica (n1,s1):1 not lease holder; lease holder unknown
I210818 18:30:56.211575 101 server/node.go:428  [n1] initialized store [n1,s1]: disk (capacity=118 GiB, available=40 GiB, used=2.1 MiB, logicalBytes=8.4 MiB), ranges=110, leases=0, queries=0.00, writes=0.00, bytesPerReplica={p10=0.00 p25=0.00 p50=0.00 p75=0.00 p90=5618.00 pMax=7819366.00}, writesPerReplica={p10=0.00 p25=0.00 p50=0.00 p75=0.00 p90=0.00 pMax=0.00}
I210818 18:30:56.211652 101 kv/kvserver/stores.go:256  [n1] read 0 node addresses from persistent storage
I210818 18:30:56.216922 101 server/node.go:649  [n1] connecting to gossip network to verify cluster ID...
I210818 18:30:56.216941 101 server/node.go:669  [n1] node connected via gossip and verified as part of cluster "eefe0bde-41cb-48a8-9934-e97c8491448b"
I210818 18:30:56.220121 101 server/node.go:512  [n1] node=1: started with [<no-attributes>=C:\Users\Nothing\Desktop\network\cockroach-data] engine(s) and attributes []
I210818 18:30:56.220262 101 server/goroutinedumper/goroutinedumper.go:120  [n1] writing goroutine dumps to C:\Users\Nothing\Desktop\network\cockroach-data\logs\goroutine_dump
I210818 18:30:56.220328 101 server/heapprofiler/heapprofiler.go:45  [n1] writing go heap profiles to C:\Users\Nothing\Desktop\network\cockroach-data\logs\heap_profiler at least every 1h0m0s
I210818 18:30:56.220358 101 server/heapprofiler/cgoprofiler.go:49  [n1] to enable jmalloc profiling: "export MALLOC_CONF=prof:true" or "ln -s prof:true /etc/malloc.conf"
I210818 18:30:56.220365 101 server/heapprofiler/statsprofiler.go:50  [n1] writing memory stats to C:\Users\Nothing\Desktop\network\cockroach-data\logs\heap_profiler at last every 1h0m0s
I210818 18:30:56.220402 73 sql/temporary_schema.go:470  [n1] running temporary object cleanup background job
I210818 18:30:56.220485 101 server/server.go:1660  [n1] starting http server at 127.0.0.1:8080 (use: 127.0.0.1:8080)
I210818 18:30:56.220495 101 server/server.go:1667  [n1] starting grpc/postgres server at 127.0.0.1:26257
I210818 18:30:56.220502 101 server/server.go:1668  [n1] advertising CockroachDB node at 127.0.0.1:26257
I210818 18:30:56.241039 101 server/server.go:1828  [n1] done ensuring all necessary migrations have run
I210818 18:30:56.241063 101 server/server.go:2070  [n1] serving sql connections
I210818 18:30:56.241187 326 sqlmigrations/migrations.go:668  [n1] starting wait for upgrade finalization before schema change job migration
I210818 18:30:56.241256 101 cli/start.go:685  [config] clusterID: eefe0bde-41cb-48a8-9934-e97c8491448b
I210818 18:30:56.241314 101 cli/start.go:694  node startup completed:
CockroachDB node starting at 2021-08-18 18:30:56.2411062 +0000 UTC (took 3.1s)
build:               CCL v20.1.17 @ 2021/05/17 16:42:38 (go1.13.9)
webui:               http://127.0.0.1:8080
sql:                 postgresql://root@127.0.0.1:26257?sslmode=disable
RPC client flags:    C:\cockroach\cockroach.exe <client cmd> --host=127.0.0.1:26257 --insecure
logs:                C:\Users\Nothing\Desktop\network\cockroach-data\logs
temp dir:            C:\Users\Nothing\Desktop\network\cockroach-data\cockroach-temp038360955
external I/O path:   C:\Users\Nothing\Desktop\network\cockroach-data\extern
store[0]:            path=C:\Users\Nothing\Desktop\network\cockroach-data
storage engine:      rocksdb
status:              restarted pre-existing node
clusterID:           eefe0bde-41cb-48a8-9934-e97c8491448b
nodeID:              1
I210818 18:30:56.241619 326 sqlmigrations/migrations.go:694  [n1] schema change job migration already complete
I210818 18:30:56.251249 73 sql/temporary_schema.go:505  [n1] found 0 temporary schemas
I210818 18:30:56.251265 73 sql/temporary_schema.go:508  [n1] early exiting temporary schema cleaner as no temporary schemas were found
I210818 18:30:56.251280 73 sql/temporary_schema.go:509  [n1] completed temporary object cleanup job
I210818 18:30:56.251300 73 sql/temporary_schema.go:586  [n1] temporary object cleaner next scheduled to run at 2021-08-18 19:00:56.2201935 +0000 UTC
I210818 18:30:56.253735 324 server/server_update.go:55  [n1] no need to upgrade, cluster already at the newest version
I210818 18:30:56.267255 379 sql/lease.go:1976  released orphaned table lease: {id:131 version:5 expiration:{Time:{wall:291263000 ext:63764907856 loc:<nil>}}}
I210818 18:30:56.269070 327 sql/event_log.go:132  [n1] Event: "node_restart", target: 1, info: {Descriptor:{NodeID:1 Address:127.0.0.1:26257 Attrs: Locality: ServerVersion:20.1 BuildTag:v20.1.17 StartedAt:1629311456191842100 LocalityAddress:[] ClusterName: SQLAddress:127.0.0.1:26257} ClusterID:eefe0bde-41cb-48a8-9934-e97c8491448b StartedAt:1629311456191842100 LastUp:1629310868018255700}
I210818 18:30:56.272435 375 sql/lease.go:1976  released orphaned table lease: {id:23 version:1 expiration:{Time:{wall:401047000 ext:63764907852 loc:<nil>}}}
I210818 18:30:56.272454 376 sql/lease.go:1976  released orphaned table lease: {id:128 version:8 expiration:{Time:{wall:383074000 ext:63764907858 loc:<nil>}}}
I210818 18:30:56.272457 377 sql/lease.go:1976  released orphaned table lease: {id:129 version:2 expiration:{Time:{wall:691029000 ext:63764907870 loc:<nil>}}}
I210818 18:30:56.272457 378 sql/lease.go:1976  released orphaned table lease: {id:130 version:8 expiration:{Time:{wall:85830000 ext:63764907852 loc:<nil>}}}
I210818 18:30:56.277197 472 sql/lease.go:1976  released orphaned table lease: {id:132 version:2 expiration:{Time:{wall:281973000 ext:63764907844 loc:<nil>}}}
I210818 18:30:56.280371 643 sql/lease.go:1976  released orphaned table lease: {id:133 version:6 expiration:{Time:{wall:678510000 ext:63764907846 loc:<nil>}}}
I210818 18:30:56.280414 474 sql/lease.go:1976  released orphaned table lease: {id:135 version:5 expiration:{Time:{wall:123503000 ext:63764907762 loc:<nil>}}}
I210818 18:30:56.280416 473 sql/lease.go:1976  released orphaned table lease: {id:134 version:2 expiration:{Time:{wall:675485000 ext:63764907858 loc:<nil>}}}
I210818 18:30:57.440850 166 gossip/gossip.go:1527  [n1] node has connected to cluster via gossip
I210818 18:30:57.444413 166 kv/kvserver/stores.go:275  [n1] wrote 0 node addresses to persistent storage
W210818 18:31:06.221979 75 server/status/runtime.go:447  [n1] unable to get file descriptor usage (will not try again): not implemented on windows
I210818 18:31:06.521424 75 server/status/runtime.go:516  [n1] runtime stats: 86 MiB RSS, 206 goroutines, 58 MiB/1.2 MiB/74 MiB GO alloc/idle/total, 17 MiB/21 MiB CGO alloc/total, 0.0 CGO/sec, 0.0/0.0 %(u/s)time, 0.0 %gc (8x), 178 B/671 B (r/w)net
I210818 18:31:16.234045 69 kv/kvserver/store.go:2486  [n1,s1] sstables (read amplification = 1):
6 [ 650K 1 ]: 650K
I210818 18:31:16.234184 69 kv/kvserver/store.go:2487  [n1,s1] 
** Compaction Stats [default] **
Level    Files   Size     Score Read(GB)  Rn(GB) Rnp1(GB) Write(GB) Wnew(GB) Moved(GB) W-Amp Rd(MB/s) Wr(MB/s) Comp(sec) CompMergeCPU(sec) Comp(cnt) Avg(sec) KeyIn KeyDrop
----------------------------------------------------------------------------------------------------------------------------------------------------------------------------
  L0      0/0    0.00 KB   0.0      0.0     0.0      0.0       0.0      0.0       0.0   1.0      0.0      5.0      0.01              0.00         1    0.015       0      0
  L6      1/0   650.19 KB   0.0      0.0     0.0      0.0       0.0      0.0       0.0   0.9     35.0     31.8      0.02              0.00         1    0.020     12K    271
 Sum      1/0   650.19 KB   0.0      0.0     0.0      0.0       0.0      0.0       0.0   9.4     20.0     20.3      0.03              0.00         2    0.017     12K    271
 Int      0/0    0.00 KB   0.0      0.0     0.0      0.0       0.0      0.0       0.0   9.4     20.0     20.3      0.03              0.00         2    0.017     12K    271

** Compaction Stats [default] **
Priority    Files   Size     Score Read(GB)  Rn(GB) Rnp1(GB) Write(GB) Wnew(GB) Moved(GB) W-Amp Rd(MB/s) Wr(MB/s) Comp(sec) CompMergeCPU(sec) Comp(cnt) Avg(sec) KeyIn KeyDrop
-------------------------------------------------------------------------------------------------------------------------------------------------------------------------------
 Low      0/0    0.00 KB   0.0      0.0     0.0      0.0       0.0      0.0       0.0   0.0     35.0     31.8      0.02              0.00         1    0.020     12K    271
User      0/0    0.00 KB   0.0      0.0     0.0      0.0       0.0      0.0       0.0   0.0      0.0      5.0      0.01              0.00         1    0.015       0      0
Uptime(secs): 20.5 total, 20.5 interval
Flush(GB): cumulative 0.000, interval 0.000
AddFile(GB): cumulative 0.000, interval 0.000
AddFile(Total Files): cumulative 0, interval 0
AddFile(L0 Files): cumulative 0, interval 0
AddFile(Keys): cumulative 0, interval 0
Cumulative compaction: 0.00 GB write, 0.03 MB/s write, 0.00 GB read, 0.03 MB/s read, 0.0 seconds
Interval compaction: 0.00 GB write, 0.03 MB/s write, 0.00 GB read, 0.03 MB/s read, 0.0 seconds
Stalls(count): 0 level0_slowdown, 0 level0_slowdown_with_compaction, 0 level0_numfiles, 0 level0_numfiles_with_compaction, 0 stop for pending_compaction_bytes, 0 slowdown for pending_compaction_bytes, 0 memtable_compaction, 0 memtable_slowdown, interval 0 total count
estimated_pending_compaction_bytes: 0 B
I210818 18:31:16.526628 75 server/status/runtime.go:516  [n1] runtime stats: 93 MiB RSS, 208 goroutines, 66 MiB/840 KiB/83 MiB GO alloc/idle/total, 17 MiB/22 MiB CGO alloc/total, 392.1 CGO/sec, 0.2/0.3 %(u/s)time, 0.0 %gc (0x), 5.9 KiB/3.3 KiB (r/w)net
I210818 18:31:26.254938 323 jobs/registry.go:1226  job 685635358431969281: resuming execution
I210818 18:31:26.256920 1140 jobs/registry.go:845  [n1] job 685635358431969281: stepping through state running with error <nil>
I210818 18:31:26.260856 323 jobs/registry.go:1226  job 685637482141155329: resuming execution
I210818 18:31:26.262691 1135 jobs/registry.go:845  [n1] job 685637482141155329: stepping through state running with error <nil>
I210818 18:31:26.269581 323 jobs/registry.go:1226  job 685637778559565825: resuming execution
I210818 18:31:26.273774 1157 jobs/registry.go:845  [n1] job 685637778559565825: stepping through state running with error <nil>
I210818 18:31:26.276918 323 jobs/registry.go:1226  job 685637873905401857: resuming execution
I210818 18:31:26.278634 1176 jobs/registry.go:845  [n1] job 685637873905401857: stepping through state running with error <nil>
I210818 18:31:26.281588 323 jobs/registry.go:1226  job 685637547424448513: resuming execution
I210818 18:31:26.283343 462 jobs/registry.go:845  [n1] job 685637547424448513: stepping through state running with error <nil>
I210818 18:31:26.286534 323 jobs/registry.go:1226  job 685635358317903873: resuming execution
I210818 18:31:26.288472 1115 jobs/registry.go:845  [n1] job 685635358317903873: stepping through state running with error <nil>
I210818 18:31:26.291703 323 jobs/registry.go:1226  job 685637547454300161: resuming execution
I210818 18:31:26.298115 1087 jobs/registry.go:845  [n1] job 685637547454300161: stepping through state running with error <nil>
I210818 18:31:26.299637 323 jobs/registry.go:1226  job 685637778548916225: resuming execution
I210818 18:31:26.301520 617 jobs/registry.go:845  [n1] job 685637778548916225: stepping through state running with error <nil>
I210818 18:31:26.303067 323 jobs/registry.go:1226  job 685638448998481921: resuming execution
I210818 18:31:26.305039 1224 jobs/registry.go:845  [n1] job 685638448998481921: stepping through state running with error <nil>
I210818 18:31:26.307842 323 jobs/registry.go:1226  job 685637432238669825: resuming execution
I210818 18:31:26.309592 1165 jobs/registry.go:845  [n1] job 685637432238669825: stepping through state running with error <nil>
I210818 18:31:26.532252 75 server/status/runtime.go:516  [n1] runtime stats: 101 MiB RSS, 210 goroutines, 76 MiB/40 KiB/92 MiB GO alloc/idle/total, 18 MiB/23 MiB CGO alloc/total, 488.5 CGO/sec, 0.6/0.5 %(u/s)time, 0.0 %gc (0x), 1.7 KiB/4.7 KiB (r/w)net
I210818 18:31:36.544842 75 server/status/runtime.go:516  [n1] runtime stats: 111 MiB RSS, 239 goroutines, 54 MiB/31 MiB/100 MiB GO alloc/idle/total, 19 MiB/24 MiB CGO alloc/total, 1027.4 CGO/sec, 0.5/0.0 %(u/s)time, 0.0 %gc (1x), 1.2 KiB/1.5 KiB (r/w)net
I210818 18:31:46.538942 75 server/status/runtime.go:516  [n1] runtime stats: 113 MiB RSS, 239 goroutines, 62 MiB/24 MiB/100 MiB GO alloc/idle/total, 19 MiB/24 MiB CGO alloc/total, 425.0 CGO/sec, 0.2/0.3 %(u/s)time, 0.0 %gc (0x), 5.8 KiB/6.5 KiB (r/w)net
I210818 18:31:56.220648 70 gossip/gossip.go:567  [n1] gossip status (ok, 1 node)
gossip client (0/3 cur/max conns)
gossip server (0/3 cur/max conns, infos 0/0 sent/received, bytes 0B/0B sent/received)
gossip connectivity
  n1 [sentinel];
I210818 18:31:56.313990 323 jobs/registry.go:1226  job 685637874095357953: resuming execution
I210818 18:31:56.315958 1754 jobs/registry.go:845  [n1] job 685637874095357953: stepping through state running with error <nil>
I210818 18:31:56.319412 323 jobs/registry.go:1226  job 685636223655182337: resuming execution
I210818 18:31:56.321586 1780 jobs/registry.go:845  [n1] job 685636223655182337: stepping through state running with error <nil>
I210818 18:31:56.325399 323 jobs/registry.go:1226  job 685637432397103105: resuming execution
I210818 18:31:56.327087 1795 jobs/registry.go:845  [n1] job 685637432397103105: stepping through state running with error <nil>
I210818 18:31:56.330057 323 jobs/registry.go:1226  job 685637547439095809: resuming execution
I210818 18:31:56.331933 1674 jobs/registry.go:845  [n1] job 685637547439095809: stepping through state running with error <nil>
I210818 18:31:56.334795 323 jobs/registry.go:1226  job 685637482229301249: resuming execution
I210818 18:31:56.336570 1812 jobs/registry.go:845  [n1] job 685637482229301249: stepping through state running with error <nil>
I210818 18:31:56.339690 323 jobs/registry.go:1226  job 685637432161271809: resuming execution
I210818 18:31:56.341426 1774 jobs/registry.go:845  [n1] job 685637432161271809: stepping through state running with error <nil>
I210818 18:31:56.344268 323 jobs/registry.go:1226  job 685637432146198529: resuming execution
I210818 18:31:56.345997 1804 jobs/registry.go:845  [n1] job 685637432146198529: stepping through state running with error <nil>
I210818 18:31:56.349074 323 jobs/registry.go:1226  job 685638448930684929: resuming execution
I210818 18:31:56.350646 1831 jobs/registry.go:845  [n1] job 685638448930684929: stepping through state running with error <nil>
I210818 18:31:56.353583 323 jobs/registry.go:1226  job 685634938520174593: resuming execution
I210818 18:31:56.355606 1822 jobs/registry.go:845  [n1] job 685634938520174593: stepping through state running with error <nil>
I210818 18:31:56.358907 323 jobs/registry.go:1226  job 685634938516013057: resuming execution
I210818 18:31:56.360713 1840 jobs/registry.go:845  [n1] job 685634938516013057: stepping through state running with error <nil>
I210818 18:31:56.531034 75 server/status/runtime.go:516  [n1] runtime stats: 118 MiB RSS, 242 goroutines, 73 MiB/13 MiB/100 MiB GO alloc/idle/total, 20 MiB/25 MiB CGO alloc/total, 687.3 CGO/sec, 1.1/0.3 %(u/s)time, 0.0 %gc (0x), 78 B/86 B (r/w)net
I210818 18:32:06.550767 75 server/status/runtime.go:516  [n1] runtime stats: 128 MiB RSS, 269 goroutines, 49 MiB/39 MiB/108 MiB GO alloc/idle/total, 20 MiB/26 MiB CGO alloc/total, 1325.5 CGO/sec, 1.2/0.3 %(u/s)time, 0.0 %gc (1x), 8.0 KiB/3.6 KiB (r/w)net
I210818 18:32:16.552093 75 server/status/runtime.go:516  [n1] runtime stats: 128 MiB RSS, 269 goroutines, 56 MiB/32 MiB/108 MiB GO alloc/idle/total, 21 MiB/26 MiB CGO alloc/total, 399.5 CGO/sec, 0.8/0.0 %(u/s)time, 0.0 %gc (0x), 6.9 KiB/5.7 KiB (r/w)net
I210818 18:32:26.366599 323 jobs/registry.go:1226  job 685638448905486337: resuming execution
I210818 18:32:26.368658 2241 jobs/registry.go:845  [n1] job 685638448905486337: stepping through state running with error <nil>
I210818 18:32:26.371828 323 jobs/registry.go:1226  job 685637873809063937: resuming execution
I210818 18:32:26.373754 2304 jobs/registry.go:845  [n1] job 685637873809063937: stepping through state running with error <nil>
I210818 18:32:26.377406 323 jobs/registry.go:1226  job 685636223441829889: resuming execution
I210818 18:32:26.379106 2341 jobs/registry.go:845  [n1] job 685636223441829889: stepping through state running with error <nil>
I210818 18:32:26.382329 323 jobs/registry.go:1226  job 685637873847861249: resuming execution
I210818 18:32:26.383925 2251 jobs/registry.go:845  [n1] job 685637873847861249: stepping through state running with error <nil>
I210818 18:32:26.386932 323 jobs/registry.go:1226  job 685637432173428737: resuming execution
I210818 18:32:26.388642 2377 jobs/registry.go:845  [n1] job 685637432173428737: stepping through state running with error <nil>
I210818 18:32:26.391602 323 jobs/registry.go:1226  job 685637482375380993: resuming execution
I210818 18:32:26.393346 2404 jobs/registry.go:845  [n1] job 685637482375380993: stepping through state running with error <nil>
I210818 18:32:26.394800 323 jobs/registry.go:1226  job 685636223512674305: resuming execution
I210818 18:32:26.396456 2368 jobs/registry.go:845  [n1] job 685636223512674305: stepping through state running with error <nil>
I210818 18:32:26.399365 323 jobs/registry.go:1226  job 685637778533679105: resuming execution
I210818 18:32:26.400997 2413 jobs/registry.go:845  [n1] job 685637778533679105: stepping through state running with error <nil>
I210818 18:32:26.402452 323 jobs/registry.go:1226  job 685637547666440193: resuming execution
I210818 18:32:26.404250 2390 jobs/registry.go:845  [n1] job 685637547666440193: stepping through state running with error <nil>
I210818 18:32:26.405735 323 jobs/registry.go:1226  job 685637778795528193: resuming execution
I210818 18:32:26.407515 2351 jobs/registry.go:845  [n1] job 685637778795528193: stepping through state running with error <nil>
I210818 18:32:26.557704 75 server/status/runtime.go:516  [n1] runtime stats: 130 MiB RSS, 269 goroutines, 64 MiB/26 MiB/108 MiB GO alloc/idle/total, 21 MiB/27 MiB CGO alloc/total, 454.1 CGO/sec, 0.3/0.3 %(u/s)time, 0.0 %gc (0x), 6.4 KiB/3.2 KiB (r/w)net
I210818 18:32:36.554870 75 server/status/runtime.go:516  [n1] runtime stats: 130 MiB RSS, 300 goroutines, 77 MiB/16 MiB/108 MiB GO alloc/idle/total, 21 MiB/27 MiB CGO alloc/total, 1023.2 CGO/sec, 0.9/0.5 %(u/s)time, 0.0 %gc (0x), 4.9 KiB/3.7 KiB (r/w)net
I210818 18:32:46.564768 75 server/status/runtime.go:516  [n1] runtime stats: 132 MiB RSS, 299 goroutines, 86 MiB/6.7 MiB/108 MiB GO alloc/idle/total, 21 MiB/27 MiB CGO alloc/total, 412.5 CGO/sec, 0.2/0.3 %(u/s)time, 0.0 %gc (0x), 8.2 KiB/4.9 KiB (r/w)net
I210818 18:32:56.226611 70 gossip/gossip.go:567  [n1] gossip status (ok, 1 node)
gossip client (0/3 cur/max conns)
gossip server (0/3 cur/max conns, infos 0/0 sent/received, bytes 0B/0B sent/received)
I210818 18:32:56.429576 323 jobs/registry.go:1226  job 685638449127784449: resuming execution
I210818 18:32:56.431311 2796 jobs/registry.go:845  [n1] job 685638449127784449: stepping through state running with error <nil>
I210818 18:32:56.435531 323 jobs/registry.go:1226  job 685637778604752897: resuming execution
I210818 18:32:56.440615 2839 jobs/registry.go:845  [n1] job 685637778604752897: stepping through state running with error <nil>
I210818 18:32:56.444613 323 jobs/registry.go:1226  job 685635358312890369: resuming execution
I210818 18:32:56.446618 2833 jobs/registry.go:845  [n1] job 685635358312890369: stepping through state running with error <nil>
I210818 18:32:56.448171 323 jobs/registry.go:1226  job 685637547503943681: resuming execution
I210818 18:32:56.450042 2899 jobs/registry.go:845  [n1] job 685637547503943681: stepping through state running with error <nil>
I210818 18:32:56.455534 323 jobs/registry.go:1226  job 685636223492554753: resuming execution
I210818 18:32:56.458546 2871 jobs/registry.go:845  [n1] job 685636223492554753: stepping through state running with error <nil>
I210818 18:32:56.459976 323 jobs/registry.go:1226  job 685637482176937985: resuming execution
I210818 18:32:56.461796 2893 jobs/registry.go:845  [n1] job 685637482176937985: stepping through state running with error <nil>
I210818 18:32:56.464988 323 jobs/registry.go:1226  job 685638448920657921: resuming execution
I210818 18:32:56.467403 2906 jobs/registry.go:845  [n1] job 685638448920657921: stepping through state running with error <nil>
I210818 18:32:56.473650 323 jobs/registry.go:1226  job 685635358179557377: resuming execution
I210818 18:32:56.475507 2860 jobs/registry.go:845  [n1] job 685635358179557377: stepping through state running with error <nil>
I210818 18:32:56.478835 323 jobs/registry.go:1226  job 685637482126376961: resuming execution
I210818 18:32:56.480589 2949 jobs/registry.go:845  [n1] job 685637482126376961: stepping through state running with error <nil>
I210818 18:32:56.484670 323 jobs/registry.go:1226  job 685636223476957185: resuming execution
I210818 18:32:56.489483 2935 jobs/registry.go:845  [n1] job 685636223476957185: stepping through state running with error <nil>
I210818 18:32:56.579309 75 server/status/runtime.go:516  [n1] runtime stats: 135 MiB RSS, 300 goroutines, 52 MiB/36 MiB/112 MiB GO alloc/idle/total, 21 MiB/27 MiB CGO alloc/total, 380.1 CGO/sec, 1.6/0.6 %(u/s)time, 0.0 %gc (1x), 5.9 KiB/5.3 KiB (r/w)net
I210818 18:33:06.564393 75 server/status/runtime.go:516  [n1] runtime stats: 135 MiB RSS, 328 goroutines, 66 MiB/26 MiB/112 MiB GO alloc/idle/total, 21 MiB/27 MiB CGO alloc/total, 959.2 CGO/sec, 1.6/0.3 %(u/s)time, 0.0 %gc (0x), 200 KiB/28 KiB (r/w)net
I210818 18:33:16.563034 75 server/status/runtime.go:516  [n1] runtime stats: 136 MiB RSS, 328 goroutines, 72 MiB/20 MiB/112 MiB GO alloc/idle/total, 21 MiB/27 MiB CGO alloc/total, 292.8 CGO/sec, 0.3/0.3 %(u/s)time, 0.0 %gc (0x), 3.8 MiB/118 KiB (r/w)net
I210818 18:33:26.495096 323 jobs/registry.go:1226  job 685637873867096065: resuming execution
I210818 18:33:26.497298 3304 jobs/registry.go:845  [n1] job 685637873867096065: stepping through state running with error <nil>
I210818 18:33:26.500384 323 jobs/registry.go:1226  job 685635358260494337: resuming execution
I210818 18:33:26.502371 3136 jobs/registry.go:845  [n1] job 685635358260494337: stepping through state running with error <nil>
I210818 18:33:26.555948 75 server/status/runtime.go:516  [n1] runtime stats: 136 MiB RSS, 329 goroutines, 79 MiB/14 MiB/112 MiB GO alloc/idle/total, 21 MiB/27 MiB CGO alloc/total, 264.2 CGO/sec, 0.2/0.2 %(u/s)time, 0.0 %gc (0x), 3.2 MiB/43 KiB (r/w)net
I210818 18:33:36.565335 75 server/status/runtime.go:516  [n1] runtime stats: 137 MiB RSS, 335 goroutines, 87 MiB/5.9 MiB/112 MiB GO alloc/idle/total, 21 MiB/27 MiB CGO alloc/total, 452.7 CGO/sec, 0.2/0.3 %(u/s)time, 0.0 %gc (0x), 437 KiB/7.4 KiB (r/w)net
I210818 18:33:46.570223 75 server/status/runtime.go:516  [n1] runtime stats: 138 MiB RSS, 335 goroutines, 53 MiB/35 MiB/112 MiB GO alloc/idle/total, 21 MiB/28 MiB CGO alloc/total, 291.5 CGO/sec, 0.5/0.0 %(u/s)time, 0.0 %gc (1x), 2.6 MiB/33 KiB (r/w)net
I210818 18:33:56.223145 70 gossip/gossip.go:567  [n1] gossip status (ok, 1 node)
gossip client (0/3 cur/max conns)
gossip server (0/3 cur/max conns, infos 0/0 sent/received, bytes 0B/0B sent/received)
I210818 18:33:56.566539 75 server/status/runtime.go:516  [n1] runtime stats: 138 MiB RSS, 334 goroutines, 60 MiB/29 MiB/112 MiB GO alloc/idle/total, 22 MiB/28 MiB CGO alloc/total, 326.5 CGO/sec, 0.0/0.3 %(u/s)time, 0.0 %gc (0x), 555 B/1020 B (r/w)net
I210818 18:34:06.570088 75 server/status/runtime.go:516  [n1] runtime stats: 139 MiB RSS, 334 goroutines, 68 MiB/22 MiB/112 MiB GO alloc/idle/total, 21 MiB/28 MiB CGO alloc/total, 400.4 CGO/sec, 0.2/0.0 %(u/s)time, 0.0 %gc (0x), 28 KiB/18 KiB (r/w)net
I210818 18:34:16.578018 75 server/status/runtime.go:516  [n1] runtime stats: 139 MiB RSS, 334 goroutines, 75 MiB/16 MiB/112 MiB GO alloc/idle/total, 21 MiB/28 MiB CGO alloc/total, 271.0 CGO/sec, 0.1/0.2 %(u/s)time, 0.0 %gc (0x), 2.6 MiB/24 KiB (r/w)net
I210818 18:34:26.592326 75 server/status/runtime.go:516  [n1] runtime stats: 139 MiB RSS, 335 goroutines, 82 MiB/9.4 MiB/112 MiB GO alloc/idle/total, 21 MiB/28 MiB CGO alloc/total, 262.1 CGO/sec, 0.3/0.2 %(u/s)time, 0.0 %gc (0x), 1.2 KiB/2.7 KiB (r/w)net
I210818 18:34:36.593368 75 server/status/runtime.go:516  [n1] runtime stats: 140 MiB RSS, 335 goroutines, 89 MiB/3.1 MiB/112 MiB GO alloc/idle/total, 21 MiB/28 MiB CGO alloc/total, 289.7 CGO/sec, 0.5/0.1 %(u/s)time, 0.0 %gc (0x), 1.3 KiB/1.8 KiB (r/w)net
I210818 18:34:46.606408 75 server/status/runtime.go:516  [n1] runtime stats: 141 MiB RSS, 335 goroutines, 55 MiB/37 MiB/113 MiB GO alloc/idle/total, 21 MiB/28 MiB CGO alloc/total, 280.9 CGO/sec, 2.2/0.3 %(u/s)time, 0.0 %gc (1x), 5.4 KiB/4.2 KiB (r/w)net
I210818 18:34:56.224569 70 gossip/gossip.go:567  [n1] gossip status (ok, 1 node)
gossip client (0/3 cur/max conns)
gossip server (0/3 cur/max conns, infos 0/0 sent/received, bytes 0B/0B sent/received)
I210818 18:34:56.599254 75 server/status/runtime.go:516  [n1] runtime stats: 142 MiB RSS, 334 goroutines, 62 MiB/32 MiB/113 MiB GO alloc/idle/total, 21 MiB/28 MiB CGO alloc/total, 312.6 CGO/sec, 0.2/0.3 %(u/s)time, 0.0 %gc (0x), 992 B/2.0 KiB (r/w)net
I210818 18:35:06.588455 75 server/status/runtime.go:516  [n1] runtime stats: 142 MiB RSS, 334 goroutines, 71 MiB/24 MiB/113 MiB GO alloc/idle/total, 21 MiB/28 MiB CGO alloc/total, 385.3 CGO/sec, 0.3/0.6 %(u/s)time, 0.0 %gc (0x), 11 KiB/6.7 KiB (r/w)net
I210818 18:35:16.619045 75 server/status/runtime.go:516  [n1] runtime stats: 142 MiB RSS, 334 goroutines, 77 MiB/18 MiB/113 MiB GO alloc/idle/total, 21 MiB/28 MiB CGO alloc/total, 254.2 CGO/sec, 0.8/0.0 %(u/s)time, 0.0 %gc (0x), 6.8 KiB/5.1 KiB (r/w)net
I210818 18:35:26.603164 75 server/status/runtime.go:516  [n1] runtime stats: 142 MiB RSS, 335 goroutines, 84 MiB/12 MiB/113 MiB GO alloc/idle/total, 21 MiB/28 MiB CGO alloc/total, 281.2 CGO/sec, 0.5/0.5 %(u/s)time, 0.0 %gc (0x), 721 KiB/16 KiB (r/w)net
I210818 18:35:36.603339 75 server/status/runtime.go:516  [n1] runtime stats: 143 MiB RSS, 335 goroutines, 91 MiB/5.6 MiB/113 MiB GO alloc/idle/total, 21 MiB/28 MiB CGO alloc/total, 271.6 CGO/sec, 0.2/0.3 %(u/s)time, 0.0 %gc (0x), 20 KiB/14 KiB (r/w)net
I210818 18:35:46.604895 75 server/status/runtime.go:516  [n1] runtime stats: 143 MiB RSS, 335 goroutines, 53 MiB/40 MiB/114 MiB GO alloc/idle/total, 21 MiB/28 MiB CGO alloc/total, 278.4 CGO/sec, 0.6/0.0 %(u/s)time, 0.0 %gc (1x), 15 KiB/15 KiB (r/w)net
I210818 18:35:56.232607 70 gossip/gossip.go:567  [n1] gossip status (ok, 1 node)
gossip client (0/3 cur/max conns)
gossip server (0/3 cur/max conns, infos 0/0 sent/received, bytes 0B/0B sent/received)
I210818 18:35:56.615333 75 server/status/runtime.go:516  [n1] runtime stats: 144 MiB RSS, 334 goroutines, 60 MiB/34 MiB/114 MiB GO alloc/idle/total, 21 MiB/28 MiB CGO alloc/total, 304.2 CGO/sec, 0.3/0.2 %(u/s)time, 0.0 %gc (0x), 1.7 KiB/4.1 KiB (r/w)net
I210818 18:36:06.623442 75 server/status/runtime.go:516  [n1] runtime stats: 144 MiB RSS, 334 goroutines, 69 MiB/26 MiB/114 MiB GO alloc/idle/total, 21 MiB/28 MiB CGO alloc/total, 439.5 CGO/sec, 0.0/0.3 %(u/s)time, 0.0 %gc (0x), 5.3 KiB/4.4 KiB (r/w)net
I210818 18:36:16.614924 75 server/status/runtime.go:516  [n1] runtime stats: 144 MiB RSS, 334 goroutines, 76 MiB/20 MiB/114 MiB GO alloc/idle/total, 29 MiB/36 MiB CGO alloc/total, 273.9 CGO/sec, 0.0/0.2 %(u/s)time, 0.0 %gc (0x), 3.0 KiB/5.7 KiB (r/w)net
I210818 18:36:26.632200 75 server/status/runtime.go:516  [n1] runtime stats: 145 MiB RSS, 335 goroutines, 83 MiB/13 MiB/114 MiB GO alloc/idle/total, 29 MiB/36 MiB CGO alloc/total, 294.4 CGO/sec, 0.9/0.0 %(u/s)time, 0.0 %gc (0x), 2.7 MiB/35 KiB (r/w)net
I210818 18:36:36.637830 75 server/status/runtime.go:516  [n1] runtime stats: 145 MiB RSS, 335 goroutines, 48 MiB/44 MiB/114 MiB GO alloc/idle/total, 29 MiB/36 MiB CGO alloc/total, 282.3 CGO/sec, 1.9/0.3 %(u/s)time, 0.0 %gc (1x), 972 B/2.2 KiB (r/w)net
I210818 18:36:46.626557 75 server/status/runtime.go:516  [n1] runtime stats: 145 MiB RSS, 335 goroutines, 55 MiB/38 MiB/114 MiB GO alloc/idle/total, 29 MiB/36 MiB CGO alloc/total, 258.7 CGO/sec, 0.2/0.5 %(u/s)time, 0.0 %gc (0x), 0 B/0 B (r/w)net
I210818 18:36:56.227787 70 gossip/gossip.go:567  [n1] gossip status (ok, 1 node)
gossip client (0/3 cur/max conns)
gossip server (0/3 cur/max conns, infos 0/0 sent/received, bytes 0B/0B sent/received)
I210818 18:36:56.655898 75 server/status/runtime.go:516  [n1] runtime stats: 145 MiB RSS, 336 goroutines, 64 MiB/31 MiB/114 MiB GO alloc/idle/total, 29 MiB/36 MiB CGO alloc/total, 389.1 CGO/sec, 0.0/0.5 %(u/s)time, 0.0 %gc (0x), 6.2 KiB/6.9 KiB (r/w)net
I210818 18:37:06.638357 75 server/status/runtime.go:516  [n1] runtime stats: 146 MiB RSS, 334 goroutines, 71 MiB/24 MiB/114 MiB GO alloc/idle/total, 29 MiB/36 MiB CGO alloc/total, 371.7 CGO/sec, 0.2/0.5 %(u/s)time, 0.0 %gc (0x), 1.9 KiB/1.6 KiB (r/w)net
I210818 18:37:16.653217 75 server/status/runtime.go:516  [n1] runtime stats: 146 MiB RSS, 334 goroutines, 78 MiB/18 MiB/114 MiB GO alloc/idle/total, 29 MiB/36 MiB CGO alloc/total, 250.6 CGO/sec, 0.0/0.3 %(u/s)time, 0.0 %gc (0x), 6.4 KiB/5.5 KiB (r/w)net
I210818 18:37:26.656437 75 server/status/runtime.go:516  [n1] runtime stats: 146 MiB RSS, 335 goroutines, 85 MiB/11 MiB/114 MiB GO alloc/idle/total, 29 MiB/36 MiB CGO alloc/total, 266.5 CGO/sec, 0.5/0.2 %(u/s)time, 0.0 %gc (0x), 1.4 KiB/4.3 KiB (r/w)net
I210818 18:37:36.664944 75 server/status/runtime.go:516  [n1] runtime stats: 147 MiB RSS, 335 goroutines, 48 MiB/43 MiB/114 MiB GO alloc/idle/total, 29 MiB/36 MiB CGO alloc/total, 337.0 CGO/sec, 0.6/0.3 %(u/s)time, 0.0 %gc (1x), 1.2 KiB/1.5 KiB (r/w)net
I210818 18:37:46.660345 75 server/status/runtime.go:516  [n1] runtime stats: 147 MiB RSS, 335 goroutines, 55 MiB/37 MiB/114 MiB GO alloc/idle/total, 29 MiB/36 MiB CGO alloc/total, 272.9 CGO/sec, 0.5/0.3 %(u/s)time, 0.0 %gc (0x), 2.5 KiB/3.4 KiB (r/w)net
I210818 18:37:56.221138 70 gossip/gossip.go:567  [n1] gossip status (ok, 1 node)
gossip client (0/3 cur/max conns)
gossip server (0/3 cur/max conns, infos 0/0 sent/received, bytes 0B/0B sent/received)
I210818 18:37:56.673376 75 server/status/runtime.go:516  [n1] runtime stats: 148 MiB RSS, 335 goroutines, 63 MiB/31 MiB/114 MiB GO alloc/idle/total, 29 MiB/36 MiB CGO alloc/total, 365.6 CGO/sec, 0.0/0.3 %(u/s)time, 0.0 %gc (0x), 2.6 MiB/35 KiB (r/w)net
I210818 18:38:06.676379 75 server/status/runtime.go:516  [n1] runtime stats: 148 MiB RSS, 334 goroutines, 71 MiB/24 MiB/114 MiB GO alloc/idle/total, 29 MiB/36 MiB CGO alloc/total, 348.0 CGO/sec, 0.5/0.3 %(u/s)time, 0.0 %gc (0x), 2.5 MiB/24 KiB (r/w)net
I210818 18:38:16.686827 75 server/status/runtime.go:516  [n1] runtime stats: 148 MiB RSS, 334 goroutines, 78 MiB/17 MiB/114 MiB GO alloc/idle/total, 29 MiB/36 MiB CGO alloc/total, 259.4 CGO/sec, 0.0/0.0 %(u/s)time, 0.0 %gc (0x), 576 KiB/12 KiB (r/w)net
I210818 18:38:26.677063 75 server/status/runtime.go:516  [n1] runtime stats: 149 MiB RSS, 335 goroutines, 84 MiB/11 MiB/114 MiB GO alloc/idle/total, 29 MiB/36 MiB CGO alloc/total, 267.9 CGO/sec, 0.2/0.0 %(u/s)time, 0.0 %gc (0x), 7.0 KiB/5.4 KiB (r/w)net
I210818 18:38:36.686506 75 server/status/runtime.go:516  [n1] runtime stats: 149 MiB RSS, 335 goroutines, 48 MiB/44 MiB/114 MiB GO alloc/idle/total, 29 MiB/36 MiB CGO alloc/total, 343.6 CGO/sec, 0.8/0.0 %(u/s)time, 0.0 %gc (1x), 922 B/1.9 KiB (r/w)net
I210818 18:38:46.701267 75 server/status/runtime.go:516  [n1] runtime stats: 149 MiB RSS, 335 goroutines, 54 MiB/38 MiB/114 MiB GO alloc/idle/total, 29 MiB/36 MiB CGO alloc/total, 254.4 CGO/sec, 0.3/0.1 %(u/s)time, 0.0 %gc (0x), 708 KiB/18 KiB (r/w)net
I210818 18:38:56.223218 70 gossip/gossip.go:567  [n1] gossip status (ok, 1 node)
gossip client (0/3 cur/max conns)
gossip server (0/3 cur/max conns, infos 0/0 sent/received, bytes 0B/0B sent/received)
I210818 18:38:56.726844 75 server/status/runtime.go:516  [n1] runtime stats: 149 MiB RSS, 334 goroutines, 63 MiB/32 MiB/114 MiB GO alloc/idle/total, 29 MiB/36 MiB CGO alloc/total, 415.5 CGO/sec, 0.2/0.3 %(u/s)time, 0.0 %gc (0x), 1.9 MiB/21 KiB (r/w)net
I210818 18:39:06.735829 75 server/status/runtime.go:516  [n1] runtime stats: 150 MiB RSS, 334 goroutines, 70 MiB/25 MiB/114 MiB GO alloc/idle/total, 29 MiB/36 MiB CGO alloc/total, 276.4 CGO/sec, 0.3/0.3 %(u/s)time, 0.0 %gc (0x), 5.0 KiB/4.0 KiB (r/w)net
I210818 18:39:16.713713 75 server/status/runtime.go:516  [n1] runtime stats: 150 MiB RSS, 334 goroutines, 77 MiB/19 MiB/114 MiB GO alloc/idle/total, 29 MiB/36 MiB CGO alloc/total, 278.5 CGO/sec, 0.6/0.6 %(u/s)time, 0.0 %gc (0x), 2.5 MiB/28 KiB (r/w)net
I210818 18:39:26.701920 75 server/status/runtime.go:516  [n1] runtime stats: 150 MiB RSS, 335 goroutines, 84 MiB/12 MiB/114 MiB GO alloc/idle/total, 29 MiB/36 MiB CGO alloc/total, 250.7 CGO/sec, 0.5/0.0 %(u/s)time, 0.0 %gc (0x), 842 B/1001 B (r/w)net
I210818 18:39:36.724579 75 server/status/runtime.go:516  [n1] runtime stats: 150 MiB RSS, 335 goroutines, 90 MiB/6.0 MiB/114 MiB GO alloc/idle/total, 29 MiB/36 MiB CGO alloc/total, 278.8 CGO/sec, 0.3/0.2 %(u/s)time, 0.0 %gc (0x), 5.3 KiB/3.7 KiB (r/w)net
I210818 18:39:46.720523 75 server/status/runtime.go:516  [n1] runtime stats: 151 MiB RSS, 335 goroutines, 53 MiB/40 MiB/114 MiB GO alloc/idle/total, 29 MiB/36 MiB CGO alloc/total, 261.0 CGO/sec, 0.0/0.2 %(u/s)time, 0.0 %gc (1x), 1.2 KiB/2.3 KiB (r/w)net
I210818 18:39:56.220808 70 gossip/gossip.go:567  [n1] gossip status (ok, 1 node)
gossip client (0/3 cur/max conns)
gossip server (0/3 cur/max conns, infos 0/0 sent/received, bytes 0B/0B sent/received)
I210818 18:39:56.720775 75 server/status/runtime.go:516  [n1] runtime stats: 151 MiB RSS, 334 goroutines, 61 MiB/33 MiB/114 MiB GO alloc/idle/total, 29 MiB/36 MiB CGO alloc/total, 416.1 CGO/sec, 0.2/0.1 %(u/s)time, 0.0 %gc (0x), 676 B/1.1 KiB (r/w)net
I210818 18:40:06.736978 75 server/status/runtime.go:516  [n1] runtime stats: 151 MiB RSS, 335 goroutines, 68 MiB/27 MiB/114 MiB GO alloc/idle/total, 29 MiB/36 MiB CGO alloc/total, 273.9 CGO/sec, 0.5/0.3 %(u/s)time, 0.0 %gc (0x), 5.6 KiB/5.1 KiB (r/w)net
I210818 18:40:16.742167 75 server/status/runtime.go:516  [n1] runtime stats: 152 MiB RSS, 335 goroutines, 75 MiB/20 MiB/114 MiB GO alloc/idle/total, 29 MiB/36 MiB CGO alloc/total, 259.4 CGO/sec, 0.3/0.3 %(u/s)time, 0.0 %gc (0x), 2.1 MiB/27 KiB (r/w)net
I210818 18:40:26.759836 75 server/status/runtime.go:516  [n1] runtime stats: 152 MiB RSS, 335 goroutines, 82 MiB/14 MiB/114 MiB GO alloc/idle/total, 29 MiB/36 MiB CGO alloc/total, 263.9 CGO/sec, 0.0/0.6 %(u/s)time, 0.0 %gc (0x), 1.3 KiB/1010 B (r/w)net
I210818 18:40:36.745143 75 server/status/runtime.go:516  [n1] runtime stats: 152 MiB RSS, 335 goroutines, 89 MiB/7.2 MiB/114 MiB GO alloc/idle/total, 29 MiB/36 MiB CGO alloc/total, 269.5 CGO/sec, 0.2/0.2 %(u/s)time, 0.0 %gc (0x), 622 B/1.2 KiB (r/w)net
I210818 18:40:46.740602 75 server/status/runtime.go:516  [n1] runtime stats: 152 MiB RSS, 335 goroutines, 53 MiB/39 MiB/114 MiB GO alloc/idle/total, 29 MiB/36 MiB CGO alloc/total, 282.4 CGO/sec, 0.5/0.0 %(u/s)time, 0.0 %gc (1x), 749 B/1.3 KiB (r/w)net
I210818 18:40:56.221336 70 gossip/gossip.go:567  [n1] gossip status (ok, 1 node)
gossip client (0/3 cur/max conns)
gossip server (0/3 cur/max conns, infos 0/0 sent/received, bytes 0B/0B sent/received)
E210818 18:40:56.261298 175 kv/kvserver/queue.go:1205  [n1,replicate] 110 replicas failing with "0 of 1 live stores are able to take a new replica for the range (1 already has a replica); likely not enough nodes in cluster"
I210818 18:40:56.733688 75 server/status/runtime.go:516  [n1] runtime stats: 153 MiB RSS, 334 goroutines, 62 MiB/32 MiB/114 MiB GO alloc/idle/total, 29 MiB/36 MiB CGO alloc/total, 431.2 CGO/sec, 0.2/0.3 %(u/s)time, 0.0 %gc (0x), 77 KiB/24 KiB (r/w)net
I210818 18:41:06.756279 75 server/status/runtime.go:516  [n1] runtime stats: 153 MiB RSS, 334 goroutines, 70 MiB/25 MiB/114 MiB GO alloc/idle/total, 29 MiB/36 MiB CGO alloc/total, 337.1 CGO/sec, 0.3/0.3 %(u/s)time, 0.0 %gc (0x), 120 KiB/42 KiB (r/w)net
I210818 18:41:16.220914 69 kv/kvserver/store.go:2486  [n1,s1] sstables (read amplification = 1):
6 [ 650K 1 ]: 650K
I210818 18:41:16.221036 69 kv/kvserver/store.go:2487  [n1,s1] 
** Compaction Stats [default] **
Level    Files   Size     Score Read(GB)  Rn(GB) Rnp1(GB) Write(GB) Wnew(GB) Moved(GB) W-Amp Rd(MB/s) Wr(MB/s) Comp(sec) CompMergeCPU(sec) Comp(cnt) Avg(sec) KeyIn KeyDrop
----------------------------------------------------------------------------------------------------------------------------------------------------------------------------
  L0      0/0    0.00 KB   0.0      0.0     0.0      0.0       0.0      0.0       0.0   1.0      0.0      5.0      0.01              0.00         1    0.015       0      0
  L6      1/0   650.19 KB   0.0      0.0     0.0      0.0       0.0      0.0       0.0   0.9     35.0     31.8      0.02              0.00         1    0.020     12K    271
 Sum      1/0   650.19 KB   0.0      0.0     0.0      0.0       0.0      0.0       0.0   9.4     20.0     20.3      0.03              0.00         2    0.017     12K    271
 Int      0/0    0.00 KB   0.0      0.0     0.0      0.0       0.0      0.0       0.0   0.0      0.0      0.0      0.00              0.00         0    0.000       0      0

** Compaction Stats [default] **
Priority    Files   Size     Score Read(GB)  Rn(GB) Rnp1(GB) Write(GB) Wnew(GB) Moved(GB) W-Amp Rd(MB/s) Wr(MB/s) Comp(sec) CompMergeCPU(sec) Comp(cnt) Avg(sec) KeyIn KeyDrop
-------------------------------------------------------------------------------------------------------------------------------------------------------------------------------
 Low      0/0    0.00 KB   0.0      0.0     0.0      0.0       0.0      0.0       0.0   0.0     35.0     31.8      0.02              0.00         1    0.020     12K    271
User      0/0    0.00 KB   0.0      0.0     0.0      0.0       0.0      0.0       0.0   0.0      0.0      5.0      0.01              0.00         1    0.015       0      0
Uptime(secs): 620.5 total, 600.0 interval
Flush(GB): cumulative 0.000, interval 0.000
AddFile(GB): cumulative 0.000, interval 0.000
AddFile(Total Files): cumulative 0, interval 0
AddFile(L0 Files): cumulative 0, interval 0
AddFile(Keys): cumulative 0, interval 0
Cumulative compaction: 0.00 GB write, 0.00 MB/s write, 0.00 GB read, 0.00 MB/s read, 0.0 seconds
Interval compaction: 0.00 GB write, 0.00 MB/s write, 0.00 GB read, 0.00 MB/s read, 0.0 seconds
Stalls(count): 0 level0_slowdown, 0 level0_slowdown_with_compaction, 0 level0_numfiles, 0 level0_numfiles_with_compaction, 0 stop for pending_compaction_bytes, 0 slowdown for pending_compaction_bytes, 0 memtable_compaction, 0 memtable_slowdown, interval 0 total count
estimated_pending_compaction_bytes: 0 B
I210818 18:41:16.745908 75 server/status/runtime.go:516  [n1] runtime stats: 154 MiB RSS, 334 goroutines, 77 MiB/19 MiB/114 MiB GO alloc/idle/total, 29 MiB/36 MiB CGO alloc/total, 253.7 CGO/sec, 0.3/0.5 %(u/s)time, 0.0 %gc (0x), 73 KiB/24 KiB (r/w)net
I210818 18:41:26.743162 75 server/status/runtime.go:516  [n1] runtime stats: 154 MiB RSS, 335 goroutines, 84 MiB/12 MiB/114 MiB GO alloc/idle/total, 29 MiB/36 MiB CGO alloc/total, 316.1 CGO/sec, 0.3/0.0 %(u/s)time, 0.0 %gc (0x), 28 KiB/7.1 KiB (r/w)net
I210818 18:41:36.743082 75 server/status/runtime.go:516  [n1] runtime stats: 154 MiB RSS, 335 goroutines, 48 MiB/43 MiB/114 MiB GO alloc/idle/total, 29 MiB/36 MiB CGO alloc/total, 269.8 CGO/sec, 0.3/0.2 %(u/s)time, 0.0 %gc (1x), 78 B/86 B (r/w)net
I210818 18:41:46.764271 75 server/status/runtime.go:516  [n1] runtime stats: 154 MiB RSS, 335 goroutines, 55 MiB/38 MiB/114 MiB GO alloc/idle/total, 29 MiB/36 MiB CGO alloc/total, 264.1 CGO/sec, 0.5/0.3 %(u/s)time, 0.0 %gc (0x), 19 KiB/13 KiB (r/w)net
I210818 18:41:56.220928 70 gossip/gossip.go:567  [n1] gossip status (ok, 1 node)
gossip client (0/3 cur/max conns)
gossip server (0/3 cur/max conns, infos 0/0 sent/received, bytes 0B/0B sent/received)
I210818 18:41:56.758294 75 server/status/runtime.go:516  [n1] runtime stats: 154 MiB RSS, 334 goroutines, 64 MiB/30 MiB/114 MiB GO alloc/idle/total, 37 MiB/44 MiB CGO alloc/total, 464.0 CGO/sec, 0.6/0.3 %(u/s)time, 0.0 %gc (0x), 5.5 KiB/9.0 KiB (r/w)net
I210818 18:42:06.743291 75 server/status/runtime.go:516  [n1] runtime stats: 155 MiB RSS, 334 goroutines, 71 MiB/24 MiB/114 MiB GO alloc/idle/total, 37 MiB/44 MiB CGO alloc/total, 274.5 CGO/sec, 0.3/0.2 %(u/s)time, 0.0 %gc (0x), 2.8 KiB/4.2 KiB (r/w)net
I210818 18:42:16.743613 75 server/status/runtime.go:516  [n1] runtime stats: 155 MiB RSS, 334 goroutines, 78 MiB/17 MiB/114 MiB GO alloc/idle/total, 36 MiB/44 MiB CGO alloc/total, 278.7 CGO/sec, 0.2/0.3 %(u/s)time, 0.0 %gc (0x), 1.4 KiB/164 B (r/w)net
I210818 18:42:26.753889 75 server/status/runtime.go:516  [n1] runtime stats: 155 MiB RSS, 335 goroutines, 85 MiB/9.9 MiB/114 MiB GO alloc/idle/total, 36 MiB/44 MiB CGO alloc/total, 305.6 CGO/sec, 0.9/0.0 %(u/s)time, 0.0 %gc (0x), 6.1 KiB/4.5 KiB (r/w)net
I210818 18:42:36.752815 75 server/status/runtime.go:516  [n1] runtime stats: 156 MiB RSS, 335 goroutines, 92 MiB/3.5 MiB/114 MiB GO alloc/idle/total, 36 MiB/44 MiB CGO alloc/total, 278.1 CGO/sec, 0.0/0.2 %(u/s)time, 0.0 %gc (0x), 4.1 MiB/45 KiB (r/w)net
I210818 18:42:46.752643 75 server/status/runtime.go:516  [n1] runtime stats: 156 MiB RSS, 335 goroutines, 56 MiB/37 MiB/115 MiB GO alloc/idle/total, 36 MiB/44 MiB CGO alloc/total, 280.2 CGO/sec, 0.2/0.0 %(u/s)time, 0.0 %gc (1x), 63 KiB/530 B (r/w)net
I210818 18:42:56.221866 70 gossip/gossip.go:567  [n1] gossip status (ok, 1 node)
gossip client (0/3 cur/max conns)
gossip server (0/3 cur/max conns, infos 0/0 sent/received, bytes 0B/0B sent/received)
I210818 18:42:56.757199 75 server/status/runtime.go:516  [n1] runtime stats: 156 MiB RSS, 336 goroutines, 64 MiB/30 MiB/115 MiB GO alloc/idle/total, 36 MiB/44 MiB CGO alloc/total, 399.2 CGO/sec, 0.0/0.0 %(u/s)time, 0.0 %gc (0x), 735 KiB/10 KiB (r/w)net
I210818 18:43:06.794981 75 server/status/runtime.go:516  [n1] runtime stats: 157 MiB RSS, 334 goroutines, 72 MiB/23 MiB/115 MiB GO alloc/idle/total, 36 MiB/44 MiB CGO alloc/total, 323.2 CGO/sec, 0.5/0.0 %(u/s)time, 0.0 %gc (0x), 6.0 KiB/6.6 KiB (r/w)net
I210818 18:43:16.755611 75 server/status/runtime.go:516  [n1] runtime stats: 157 MiB RSS, 334 goroutines, 78 MiB/17 MiB/115 MiB GO alloc/idle/total, 36 MiB/44 MiB CGO alloc/total, 270.4 CGO/sec, 0.3/0.3 %(u/s)time, 0.0 %gc (0x), 324 B/239 B (r/w)net
I210818 18:43:26.759449 75 server/status/runtime.go:516  [n1] runtime stats: 157 MiB RSS, 335 goroutines, 85 MiB/10 MiB/115 MiB GO alloc/idle/total, 36 MiB/44 MiB CGO alloc/total, 259.0 CGO/sec, 0.0/0.2 %(u/s)time, 0.0 %gc (0x), 6.6 KiB/5.7 KiB (r/w)net
I210818 18:43:36.779148 75 server/status/runtime.go:516  [n1] runtime stats: 158 MiB RSS, 335 goroutines, 48 MiB/43 MiB/115 MiB GO alloc/idle/total, 36 MiB/44 MiB CGO alloc/total, 342.5 CGO/sec, 1.2/0.6 %(u/s)time, 0.0 %gc (1x), 1.5 MiB/20 KiB (r/w)net
I210818 18:43:46.771905 75 server/status/runtime.go:516  [n1] runtime stats: 158 MiB RSS, 335 goroutines, 55 MiB/37 MiB/115 MiB GO alloc/idle/total, 36 MiB/44 MiB CGO alloc/total, 300.0 CGO/sec, 1.4/0.5 %(u/s)time, 0.0 %gc (0x), 9.0 MiB/83 KiB (r/w)net
I210818 18:43:56.236617 70 gossip/gossip.go:567  [n1] gossip status (ok, 1 node)
gossip client (0/3 cur/max conns)
gossip server (0/3 cur/max conns, infos 0/0 sent/received, bytes 0B/0B sent/received)
I210818 18:43:56.770875 75 server/status/runtime.go:516  [n1] runtime stats: 158 MiB RSS, 334 goroutines, 62 MiB/31 MiB/115 MiB GO alloc/idle/total, 36 MiB/44 MiB CGO alloc/total, 296.5 CGO/sec, 0.3/0.5 %(u/s)time, 0.0 %gc (0x), 4.5 MiB/46 KiB (r/w)net
I210818 18:44:06.778643 75 server/status/runtime.go:516  [n1] runtime stats: 158 MiB RSS, 334 goroutines, 71 MiB/24 MiB/115 MiB GO alloc/idle/total, 36 MiB/44 MiB CGO alloc/total, 390.6 CGO/sec, 0.2/0.5 %(u/s)time, 0.0 %gc (0x), 428 KiB/7.5 KiB (r/w)net
I210818 18:44:16.780879 75 server/status/runtime.go:516  [n1] runtime stats: 159 MiB RSS, 334 goroutines, 78 MiB/18 MiB/115 MiB GO alloc/idle/total, 36 MiB/44 MiB CGO alloc/total, 254.9 CGO/sec, 0.3/0.3 %(u/s)time, 0.0 %gc (0x), 1.6 MiB/14 KiB (r/w)net
I210818 18:44:26.775257 75 server/status/runtime.go:516  [n1] runtime stats: 159 MiB RSS, 335 goroutines, 84 MiB/11 MiB/115 MiB GO alloc/idle/total, 36 MiB/44 MiB CGO alloc/total, 277.6 CGO/sec, 0.5/0.2 %(u/s)time, 0.0 %gc (0x), 2.6 MiB/32 KiB (r/w)net
I210818 18:44:36.798743 75 server/status/runtime.go:516  [n1] runtime stats: 159 MiB RSS, 335 goroutines, 92 MiB/4.7 MiB/115 MiB GO alloc/idle/total, 36 MiB/44 MiB CGO alloc/total, 284.9 CGO/sec, 0.5/0.5 %(u/s)time, 0.0 %gc (0x), 7.0 KiB/4.2 KiB (r/w)net
I210818 18:44:46.803019 75 server/status/runtime.go:516  [n1] runtime stats: 160 MiB RSS, 335 goroutines, 52 MiB/40 MiB/115 MiB GO alloc/idle/total, 36 MiB/44 MiB CGO alloc/total, 254.7 CGO/sec, 0.1/0.5 %(u/s)time, 0.0 %gc (1x), 9.1 KiB/6.8 KiB (r/w)net
I210818 18:44:56.231954 70 gossip/gossip.go:567  [n1] gossip status (ok, 1 node)
gossip client (0/3 cur/max conns)
gossip server (0/3 cur/max conns, infos 0/0 sent/received, bytes 0B/0B sent/received)
I210818 18:44:56.796769 75 server/status/runtime.go:516  [n1] runtime stats: 160 MiB RSS, 336 goroutines, 60 MiB/34 MiB/115 MiB GO alloc/idle/total, 36 MiB/44 MiB CGO alloc/total, 340.6 CGO/sec, 0.3/0.3 %(u/s)time, 0.0 %gc (0x), 1.3 KiB/4.7 KiB (r/w)net
I210818 18:45:06.811462 75 server/status/runtime.go:516  [n1] runtime stats: 160 MiB RSS, 334 goroutines, 68 MiB/27 MiB/115 MiB GO alloc/idle/total, 36 MiB/44 MiB CGO alloc/total, 365.4 CGO/sec, 0.6/0.1 %(u/s)time, 0.0 %gc (0x), 1.8 KiB/1.5 KiB (r/w)net
I210818 18:45:16.812812 75 server/status/runtime.go:516  [n1] runtime stats: 160 MiB RSS, 334 goroutines, 75 MiB/20 MiB/115 MiB GO alloc/idle/total, 36 MiB/44 MiB CGO alloc/total, 268.2 CGO/sec, 0.5/0.3 %(u/s)time, 0.0 %gc (0x), 197 KiB/30 KiB (r/w)net
I210818 18:45:26.838529 75 server/status/runtime.go:516  [n1] runtime stats: 160 MiB RSS, 335 goroutines, 82 MiB/14 MiB/115 MiB GO alloc/idle/total, 36 MiB/44 MiB CGO alloc/total, 267.0 CGO/sec, 0.3/0.5 %(u/s)time, 0.0 %gc (0x), 4.7 MiB/129 KiB (r/w)net
I210818 18:45:36.832435 75 server/status/runtime.go:516  [n1] runtime stats: 161 MiB RSS, 335 goroutines, 89 MiB/7.6 MiB/115 MiB GO alloc/idle/total, 36 MiB/44 MiB CGO alloc/total, 293.7 CGO/sec, 0.2/0.2 %(u/s)time, 0.0 %gc (0x), 3.8 MiB/99 KiB (r/w)net
I210818 18:45:46.859372 75 server/status/runtime.go:516  [n1] runtime stats: 161 MiB RSS, 335 goroutines, 52 MiB/41 MiB/115 MiB GO alloc/idle/total, 36 MiB/44 MiB CGO alloc/total, 254.9 CGO/sec, 0.8/0.3 %(u/s)time, 0.0 %gc (1x), 23 MiB/280 KiB (r/w)net
I210818 18:45:56.233294 70 gossip/gossip.go:567  [n1] gossip status (ok, 1 node)
gossip client (0/3 cur/max conns)
gossip server (0/3 cur/max conns, infos 0/0 sent/received, bytes 0B/0B sent/received)
I210818 18:45:56.860785 75 server/status/runtime.go:516  [n1] runtime stats: 161 MiB RSS, 335 goroutines, 60 MiB/34 MiB/115 MiB GO alloc/idle/total, 36 MiB/44 MiB CGO alloc/total, 407.4 CGO/sec, 0.5/0.2 %(u/s)time, 0.0 %gc (0x), 4.7 MiB/94 KiB (r/w)net
I210818 18:46:06.844350 75 server/status/runtime.go:516  [n1] runtime stats: 162 MiB RSS, 334 goroutines, 68 MiB/27 MiB/115 MiB GO alloc/idle/total, 35 MiB/44 MiB CGO alloc/total, 348.2 CGO/sec, 0.5/0.2 %(u/s)time, 0.0 %gc (0x), 296 KiB/33 KiB (r/w)net
I210818 18:46:16.837151 75 server/status/runtime.go:516  [n1] runtime stats: 162 MiB RSS, 334 goroutines, 75 MiB/21 MiB/115 MiB GO alloc/idle/total, 35 MiB/44 MiB CGO alloc/total, 255.0 CGO/sec, 0.2/0.3 %(u/s)time, 0.0 %gc (0x), 2.6 MiB/33 KiB (r/w)net
I210818 18:46:26.845123 75 server/status/runtime.go:516  [n1] runtime stats: 162 MiB RSS, 335 goroutines, 82 MiB/14 MiB/115 MiB GO alloc/idle/total, 35 MiB/44 MiB CGO alloc/total, 290.3 CGO/sec, 0.6/0.1 %(u/s)time, 0.0 %gc (0x), 1.3 KiB/1.1 KiB (r/w)net
I210818 18:46:36.952624 75 server/status/runtime.go:516  [n1] runtime stats: 162 MiB RSS, 335 goroutines, 89 MiB/7.1 MiB/115 MiB GO alloc/idle/total, 35 MiB/44 MiB CGO alloc/total, 272.4 CGO/sec, 0.3/0.3 %(u/s)time, 0.0 %gc (0x), 2.1 MiB/25 KiB (r/w)net
I210818 18:46:46.854681 75 server/status/runtime.go:516  [n1] runtime stats: 163 MiB RSS, 335 goroutines, 52 MiB/40 MiB/115 MiB GO alloc/idle/total, 35 MiB/44 MiB CGO alloc/total, 272.4 CGO/sec, 0.2/0.3 %(u/s)time, 0.0 %gc (1x), 5.7 KiB/4.4 KiB (r/w)net
I210818 18:46:56.222055 70 gossip/gossip.go:567  [n1] gossip status (ok, 1 node)
gossip client (0/3 cur/max conns)
gossip server (0/3 cur/max conns, infos 0/0 sent/received, bytes 0B/0B sent/received)
W210818 18:46:59.564256 75 server/status/runtime.go:457  [n1] problem fetching disk stats: context deadline exceeded; disk stats will be empty.
I210818 18:46:59.569717 75 server/status/runtime.go:516  [n1] runtime stats: 163 MiB RSS, 336 goroutines, 61 MiB/33 MiB/115 MiB GO alloc/idle/total(stale), 35 MiB/44 MiB CGO alloc/total, 356.8 CGO/sec, 0.0/0.1 %(u/s)time, 0.0 %gc (0x), 16 KiB/3.8 KiB (r/w)net
I210818 18:47:06.863712 75 server/status/runtime.go:516  [n1] runtime stats: 163 MiB RSS, 334 goroutines, 68 MiB/26 MiB/115 MiB GO alloc/idle/total, 35 MiB/44 MiB CGO alloc/total, 411.8 CGO/sec, 0.4/0.0 %(u/s)time, 0.0 %gc (0x), 11 KiB/7.3 KiB (r/w)net
I210818 18:47:16.865248 75 server/status/runtime.go:516  [n1] runtime stats: 163 MiB RSS, 334 goroutines, 75 MiB/20 MiB/115 MiB GO alloc/idle/total, 35 MiB/44 MiB CGO alloc/total, 254.9 CGO/sec, 0.3/0.0 %(u/s)time, 0.0 %gc (0x), 5.6 KiB/2.1 KiB (r/w)net
I210818 18:47:26.855160 75 server/status/runtime.go:516  [n1] runtime stats: 164 MiB RSS, 335 goroutines, 82 MiB/13 MiB/115 MiB GO alloc/idle/total, 35 MiB/44 MiB CGO alloc/total, 327.6 CGO/sec, 0.3/0.0 %(u/s)time, 0.0 %gc (0x), 2.2 KiB/2.0 KiB (r/w)net
I210818 18:47:36.866208 75 server/status/runtime.go:516  [n1] runtime stats: 164 MiB RSS, 335 goroutines, 90 MiB/6.1 MiB/115 MiB GO alloc/idle/total, 43 MiB/52 MiB CGO alloc/total, 275.3 CGO/sec, 0.2/0.1 %(u/s)time, 0.0 %gc (0x), 11 KiB/6.7 KiB (r/w)net
I210818 18:47:46.873875 75 server/status/runtime.go:516  [n1] runtime stats: 164 MiB RSS, 335 goroutines, 51 MiB/41 MiB/115 MiB GO alloc/idle/total, 43 MiB/52 MiB CGO alloc/total, 261.3 CGO/sec, 0.2/0.6 %(u/s)time, 0.0 %gc (1x), 5.7 KiB/5.3 KiB (r/w)net
I210818 18:47:56.235247 70 gossip/gossip.go:567  [n1] gossip status (ok, 1 node)
gossip client (0/3 cur/max conns)
gossip server (0/3 cur/max conns, infos 0/0 sent/received, bytes 0B/0B sent/received)
I210818 18:47:56.890554 75 server/status/runtime.go:516  [n1] runtime stats: 164 MiB RSS, 336 goroutines, 60 MiB/34 MiB/115 MiB GO alloc/idle/total, 43 MiB/52 MiB CGO alloc/total, 420.0 CGO/sec, 0.8/0.0 %(u/s)time, 0.0 %gc (0x), 4.8 MiB/51 KiB (r/w)net
I210818 18:48:06.881883 75 server/status/runtime.go:516  [n1] runtime stats: 165 MiB RSS, 334 goroutines, 67 MiB/27 MiB/115 MiB GO alloc/idle/total, 43 MiB/52 MiB CGO alloc/total, 288.1 CGO/sec, 0.2/0.3 %(u/s)time, 0.0 %gc (0x), 708 KiB/11 KiB (r/w)net
I210818 18:48:16.927204 75 server/status/runtime.go:516  [n1] runtime stats: 165 MiB RSS, 334 goroutines, 73 MiB/21 MiB/115 MiB GO alloc/idle/total, 43 MiB/52 MiB CGO alloc/total, 270.1 CGO/sec, 0.5/0.2 %(u/s)time, 0.0 %gc (0x), 2.0 MiB/18 KiB (r/w)net
I210818 18:48:26.906326 75 server/status/runtime.go:516  [n1] runtime stats: 165 MiB RSS, 335 goroutines, 80 MiB/15 MiB/115 MiB GO alloc/idle/total, 43 MiB/52 MiB CGO alloc/total, 255.7 CGO/sec, 0.3/0.2 %(u/s)time, 0.0 %gc (0x), 544 B/1.0 KiB (r/w)net
I210818 18:48:36.908968 75 server/status/runtime.go:516  [n1] runtime stats: 165 MiB RSS, 335 goroutines, 88 MiB/7.8 MiB/115 MiB GO alloc/idle/total, 43 MiB/52 MiB CGO alloc/total, 344.4 CGO/sec, 0.3/0.2 %(u/s)time, 0.0 %gc (0x), 8.9 KiB/6.7 KiB (r/w)net
I210818 18:48:46.905430 75 server/status/runtime.go:516  [n1] runtime stats: 166 MiB RSS, 335 goroutines, 51 MiB/41 MiB/115 MiB GO alloc/idle/total, 43 MiB/52 MiB CGO alloc/total, 254.3 CGO/sec, 0.0/0.2 %(u/s)time, 0.0 %gc (1x), 5.8 KiB/5.7 KiB (r/w)net
I210818 18:48:56.227994 70 gossip/gossip.go:567  [n1] gossip status (ok, 1 node)
gossip client (0/3 cur/max conns)
gossip server (0/3 cur/max conns, infos 0/0 sent/received, bytes 0B/0B sent/received)
I210818 18:48:56.936832 75 server/status/runtime.go:516  [n1] runtime stats: 166 MiB RSS, 334 goroutines, 59 MiB/35 MiB/115 MiB GO alloc/idle/total, 43 MiB/52 MiB CGO alloc/total, 420.3 CGO/sec, 0.8/0.2 %(u/s)time, 0.0 %gc (0x), 466 B/868 B (r/w)net
I210818 18:49:06.930603 75 server/status/runtime.go:516  [n1] runtime stats: 166 MiB RSS, 334 goroutines, 66 MiB/28 MiB/115 MiB GO alloc/idle/total, 43 MiB/52 MiB CGO alloc/total, 284.9 CGO/sec, 0.6/0.2 %(u/s)time, 0.0 %gc (0x), 6.2 KiB/6.7 KiB (r/w)net
I210818 18:49:16.929833 75 server/status/runtime.go:516  [n1] runtime stats: 166 MiB RSS, 334 goroutines, 73 MiB/22 MiB/115 MiB GO alloc/idle/total, 43 MiB/52 MiB CGO alloc/total, 255.2 CGO/sec, 0.2/0.2 %(u/s)time, 0.0 %gc (0x), 5.7 KiB/4.2 KiB (r/w)net
I210818 18:49:26.949187 75 server/status/runtime.go:516  [n1] runtime stats: 167 MiB RSS, 335 goroutines, 80 MiB/16 MiB/115 MiB GO alloc/idle/total, 43 MiB/52 MiB CGO alloc/total, 265.1 CGO/sec, 0.5/0.2 %(u/s)time, 0.0 %gc (0x), 949 B/2.8 KiB (r/w)net
I210818 18:49:36.965708 75 server/status/runtime.go:516  [n1] runtime stats: 167 MiB RSS, 335 goroutines, 87 MiB/9.0 MiB/115 MiB GO alloc/idle/total, 43 MiB/52 MiB CGO alloc/total, 280.3 CGO/sec, 0.8/0.3 %(u/s)time, 0.0 %gc (0x), 3.9 KiB/3.1 KiB (r/w)net
I210818 18:49:46.968958 75 server/status/runtime.go:516  [n1] runtime stats: 167 MiB RSS, 335 goroutines, 50 MiB/42 MiB/115 MiB GO alloc/idle/total, 43 MiB/52 MiB CGO alloc/total, 277.1 CGO/sec, 1.7/0.2 %(u/s)time, 0.0 %gc (1x), 1.3 KiB/4.3 KiB (r/w)net
I210818 18:49:56.220987 70 gossip/gossip.go:567  [n1] gossip status (ok, 1 node)
gossip client (0/3 cur/max conns)
gossip server (0/3 cur/max conns, infos 0/0 sent/received, bytes 0B/0B sent/received)
I210818 18:49:56.961947 75 server/status/runtime.go:516  [n1] runtime stats: 168 MiB RSS, 334 goroutines, 59 MiB/35 MiB/115 MiB GO alloc/idle/total, 43 MiB/52 MiB CGO alloc/total, 403.5 CGO/sec, 0.2/0.3 %(u/s)time, 0.0 %gc (0x), 478 B/999 B (r/w)net
I210818 18:50:06.979510 75 server/status/runtime.go:516  [n1] runtime stats: 168 MiB RSS, 334 goroutines, 66 MiB/29 MiB/115 MiB GO alloc/idle/total, 43 MiB/52 MiB CGO alloc/total, 286.1 CGO/sec, 0.3/0.5 %(u/s)time, 0.0 %gc (0x), 1.4 KiB/2.6 KiB (r/w)net
I210818 18:50:16.986427 75 server/status/runtime.go:516  [n1] runtime stats: 168 MiB RSS, 334 goroutines, 73 MiB/23 MiB/115 MiB GO alloc/idle/total, 43 MiB/52 MiB CGO alloc/total, 250.0 CGO/sec, 0.3/0.2 %(u/s)time, 0.0 %gc (0x), 9.0 KiB/4.4 KiB (r/w)net
I210818 18:50:26.981120 75 server/status/runtime.go:516  [n1] runtime stats: 168 MiB RSS, 335 goroutines, 80 MiB/16 MiB/115 MiB GO alloc/idle/total, 43 MiB/52 MiB CGO alloc/total, 271.9 CGO/sec, 0.8/0.3 %(u/s)time, 0.0 %gc (0x), 6.4 KiB/5.9 KiB (r/w)net
I210818 18:50:36.985482 75 server/status/runtime.go:516  [n1] runtime stats: 168 MiB RSS, 335 goroutines, 87 MiB/9.7 MiB/115 MiB GO alloc/idle/total, 43 MiB/52 MiB CGO alloc/total, 285.9 CGO/sec, 0.2/0.1 %(u/s)time, 0.0 %gc (0x), 2.7 MiB/32 KiB (r/w)net
I210818 18:50:46.979775 75 server/status/runtime.go:516  [n1] runtime stats: 169 MiB RSS, 335 goroutines, 47 MiB/45 MiB/115 MiB GO alloc/idle/total, 43 MiB/52 MiB CGO alloc/total, 254.5 CGO/sec, 0.2/0.0 %(u/s)time, 0.0 %gc (1x), 5.3 KiB/6.5 KiB (r/w)net
I210818 18:50:56.221205 70 gossip/gossip.go:567  [n1] gossip status (ok, 1 node)
gossip client (0/3 cur/max conns)
gossip server (0/3 cur/max conns, infos 0/0 sent/received, bytes 0B/0B sent/received)
E210818 18:50:56.261109 175 kv/kvserver/queue.go:1205  [n1,replicate] 110 replicas failing with "0 of 1 live stores are able to take a new replica for the range (1 already has a replica); likely not enough nodes in cluster"
I210818 18:50:56.991179 75 server/status/runtime.go:516  [n1] runtime stats: 169 MiB RSS, 334 goroutines, 56 MiB/38 MiB/115 MiB GO alloc/idle/total, 43 MiB/52 MiB CGO alloc/total, 439.7 CGO/sec, 0.9/0.2 %(u/s)time, 0.0 %gc (0x), 5.8 KiB/5.8 KiB (r/w)net
I210818 18:51:06.992352 75 server/status/runtime.go:516  [n1] runtime stats: 169 MiB RSS, 334 goroutines, 64 MiB/32 MiB/115 MiB GO alloc/idle/total, 43 MiB/52 MiB CGO alloc/total, 335.6 CGO/sec, 0.0/0.3 %(u/s)time, 0.0 %gc (0x), 2.3 MiB/25 KiB (r/w)net
I210818 18:51:16.231686 69 kv/kvserver/store.go:2486  [n1,s1] sstables (read amplification = 1):
6 [ 650K 1 ]: 650K
I210818 18:51:16.231808 69 kv/kvserver/store.go:2487  [n1,s1] 
** Compaction Stats [default] **
Level    Files   Size     Score Read(GB)  Rn(GB) Rnp1(GB) Write(GB) Wnew(GB) Moved(GB) W-Amp Rd(MB/s) Wr(MB/s) Comp(sec) CompMergeCPU(sec) Comp(cnt) Avg(sec) KeyIn KeyDrop
----------------------------------------------------------------------------------------------------------------------------------------------------------------------------
  L0      0/0    0.00 KB   0.0      0.0     0.0      0.0       0.0      0.0       0.0   1.0      0.0      5.0      0.01              0.00         1    0.015       0      0
  L6      1/0   650.19 KB   0.0      0.0     0.0      0.0       0.0      0.0       0.0   0.9     35.0     31.8      0.02              0.00         1    0.020     12K    271
 Sum      1/0   650.19 KB   0.0      0.0     0.0      0.0       0.0      0.0       0.0   9.4     20.0     20.3      0.03              0.00         2    0.017     12K    271
 Int      0/0    0.00 KB   0.0      0.0     0.0      0.0       0.0      0.0       0.0   0.0      0.0      0.0      0.00              0.00         0    0.000       0      0

** Compaction Stats [default] **
Priority    Files   Size     Score Read(GB)  Rn(GB) Rnp1(GB) Write(GB) Wnew(GB) Moved(GB) W-Amp Rd(MB/s) Wr(MB/s) Comp(sec) CompMergeCPU(sec) Comp(cnt) Avg(sec) KeyIn KeyDrop
-------------------------------------------------------------------------------------------------------------------------------------------------------------------------------
 Low      0/0    0.00 KB   0.0      0.0     0.0      0.0       0.0      0.0       0.0   0.0     35.0     31.8      0.02              0.00         1    0.020     12K    271
User      0/0    0.00 KB   0.0      0.0     0.0      0.0       0.0      0.0       0.0   0.0      0.0      5.0      0.01              0.00         1    0.015       0      0
Uptime(secs): 1220.5 total, 600.0 interval
Flush(GB): cumulative 0.000, interval 0.000
AddFile(GB): cumulative 0.000, interval 0.000
AddFile(Total Files): cumulative 0, interval 0
AddFile(L0 Files): cumulative 0, interval 0
AddFile(Keys): cumulative 0, interval 0
Cumulative compaction: 0.00 GB write, 0.00 MB/s write, 0.00 GB read, 0.00 MB/s read, 0.0 seconds
Interval compaction: 0.00 GB write, 0.00 MB/s write, 0.00 GB read, 0.00 MB/s read, 0.0 seconds
Stalls(count): 0 level0_slowdown, 0 level0_slowdown_with_compaction, 0 level0_numfiles, 0 level0_numfiles_with_compaction, 0 stop for pending_compaction_bytes, 0 slowdown for pending_compaction_bytes, 0 memtable_compaction, 0 memtable_slowdown, interval 0 total count
estimated_pending_compaction_bytes: 0 B
I210818 18:51:16.993797 75 server/status/runtime.go:516  [n1] runtime stats: 169 MiB RSS, 334 goroutines, 70 MiB/26 MiB/115 MiB GO alloc/idle/total, 43 MiB/52 MiB CGO alloc/total, 272.6 CGO/sec, 0.5/0.2 %(u/s)time, 0.0 %gc (0x), 366 KiB/5.0 KiB (r/w)net
I210818 18:51:26.992408 75 server/status/runtime.go:516  [n1] runtime stats: 170 MiB RSS, 335 goroutines, 78 MiB/18 MiB/115 MiB GO alloc/idle/total, 42 MiB/52 MiB CGO alloc/total, 318.8 CGO/sec, 0.5/0.0 %(u/s)time, 0.0 %gc (0x), 383 KiB/11 KiB (r/w)net
I210818 18:51:37.000284 75 server/status/runtime.go:516  [n1] runtime stats: 170 MiB RSS, 335 goroutines, 85 MiB/12 MiB/115 MiB GO alloc/idle/total, 42 MiB/52 MiB CGO alloc/total, 260.4 CGO/sec, 0.0/0.3 %(u/s)time, 0.0 %gc (0x), 6.8 KiB/5.8 KiB (r/w)net
I210818 18:51:47.006471 75 server/status/runtime.go:516  [n1] runtime stats: 170 MiB RSS, 335 goroutines, 48 MiB/43 MiB/115 MiB GO alloc/idle/total, 42 MiB/52 MiB CGO alloc/total, 258.1 CGO/sec, 0.3/0.3 %(u/s)time, 0.0 %gc (1x), 280 B/0 B (r/w)net
I210818 18:51:56.224599 70 gossip/gossip.go:567  [n1] gossip status (ok, 1 node)
gossip client (0/3 cur/max conns)
gossip server (0/3 cur/max conns, infos 0/0 sent/received, bytes 0B/0B sent/received)
I210818 18:51:56.998781 75 server/status/runtime.go:516  [n1] runtime stats: 170 MiB RSS, 334 goroutines, 58 MiB/36 MiB/115 MiB GO alloc/idle/total, 42 MiB/52 MiB CGO alloc/total, 512.2 CGO/sec, 0.3/0.2 %(u/s)time, 0.0 %gc (0x), 5.7 KiB/5.6 KiB (r/w)net
I210818 18:52:06.998672 75 server/status/runtime.go:516  [n1] runtime stats: 171 MiB RSS, 334 goroutines, 65 MiB/30 MiB/115 MiB GO alloc/idle/total, 42 MiB/52 MiB CGO alloc/total, 260.2 CGO/sec, 0.2/0.3 %(u/s)time, 0.0 %gc (0x), 7.3 KiB/2.4 KiB (r/w)net
I210818 18:52:17.015243 75 server/status/runtime.go:516  [n1] runtime stats: 171 MiB RSS, 338 goroutines, 73 MiB/23 MiB/115 MiB GO alloc/idle/total, 42 MiB/52 MiB CGO alloc/total, 264.7 CGO/sec, 0.2/0.2 %(u/s)time, 0.0 %gc (0x), 1.0 KiB/1.4 KiB (r/w)net
I210818 18:52:27.002232 75 server/status/runtime.go:516  [n1] runtime stats: 171 MiB RSS, 335 goroutines, 81 MiB/15 MiB/115 MiB GO alloc/idle/total, 42 MiB/51 MiB CGO alloc/total, 361.5 CGO/sec, 0.3/0.3 %(u/s)time, 0.0 %gc (0x), 754 B/1.4 KiB (r/w)net
I210818 18:52:37.018965 75 server/status/runtime.go:516  [n1] runtime stats: 171 MiB RSS, 335 goroutines, 87 MiB/8.5 MiB/115 MiB GO alloc/idle/total, 42 MiB/51 MiB CGO alloc/total, 266.0 CGO/sec, 0.3/0.2 %(u/s)time, 0.0 %gc (0x), 14 KiB/10 KiB (r/w)net
I210818 18:52:47.029512 75 server/status/runtime.go:516  [n1] runtime stats: 172 MiB RSS, 333 goroutines, 50 MiB/42 MiB/115 MiB GO alloc/idle/total, 42 MiB/51 MiB CGO alloc/total, 254.9 CGO/sec, 0.6/0.0 %(u/s)time, 0.0 %gc (1x), 842 B/172 B (r/w)net
I210818 18:52:56.222372 70 gossip/gossip.go:567  [n1] gossip status (ok, 1 node)
gossip client (0/3 cur/max conns)
gossip server (0/3 cur/max conns, infos 0/0 sent/received, bytes 0B/0B sent/received)
I210818 18:52:57.020525 75 server/status/runtime.go:516  [n1] runtime stats: 172 MiB RSS, 332 goroutines, 59 MiB/34 MiB/115 MiB GO alloc/idle/total, 42 MiB/51 MiB CGO alloc/total, 462.7 CGO/sec, 0.3/0.5 %(u/s)time, 0.0 %gc (0x), 5.7 KiB/6.8 KiB (r/w)net
I210818 18:53:07.016495 75 server/status/runtime.go:516  [n1] runtime stats: 172 MiB RSS, 332 goroutines, 66 MiB/28 MiB/115 MiB GO alloc/idle/total, 42 MiB/51 MiB CGO alloc/total, 259.4 CGO/sec, 0.2/0.3 %(u/s)time, 0.0 %gc (0x), 546 B/193 B (r/w)net
I210818 18:53:17.024697 75 server/status/runtime.go:516  [n1] runtime stats: 172 MiB RSS, 332 goroutines, 73 MiB/22 MiB/115 MiB GO alloc/idle/total, 50 MiB/60 MiB CGO alloc/total, 257.5 CGO/sec, 0.5/0.3 %(u/s)time, 0.0 %gc (0x), 5.2 KiB/4.4 KiB (r/w)net
I210818 18:53:27.056587 75 server/status/runtime.go:516  [n1] runtime stats: 173 MiB RSS, 333 goroutines, 80 MiB/15 MiB/115 MiB GO alloc/idle/total, 50 MiB/60 MiB CGO alloc/total, 301.2 CGO/sec, 0.2/0.5 %(u/s)time, 0.0 %gc (0x), 12 KiB/5.4 KiB (r/w)net
I210818 18:53:37.020990 75 server/status/runtime.go:516  [n1] runtime stats: 173 MiB RSS, 333 goroutines, 87 MiB/8.6 MiB/115 MiB GO alloc/idle/total, 50 MiB/60 MiB CGO alloc/total, 308.8 CGO/sec, 0.2/0.3 %(u/s)time, 0.0 %gc (0x), 84 KiB/21 KiB (r/w)net
I210818 18:53:47.059124 75 server/status/runtime.go:516  [n1] runtime stats: 173 MiB RSS, 333 goroutines, 50 MiB/41 MiB/115 MiB GO alloc/idle/total, 50 MiB/60 MiB CGO alloc/total, 250.1 CGO/sec, 0.3/0.3 %(u/s)time, 0.0 %gc (1x), 6.0 MiB/103 KiB (r/w)net
I210818 18:53:56.233194 70 gossip/gossip.go:567  [n1] gossip status (ok, 1 node)
gossip client (0/3 cur/max conns)
gossip server (0/3 cur/max conns, infos 0/0 sent/received, bytes 0B/0B sent/received)
I210818 18:53:57.055923 75 server/status/runtime.go:516  [n1] runtime stats: 173 MiB RSS, 332 goroutines, 59 MiB/35 MiB/115 MiB GO alloc/idle/total, 50 MiB/60 MiB CGO alloc/total, 425.9 CGO/sec, 1.1/0.5 %(u/s)time, 0.0 %gc (0x), 10 MiB/81 KiB (r/w)net
I210818 18:54:07.051692 75 server/status/runtime.go:516  [n1] runtime stats: 174 MiB RSS, 332 goroutines, 66 MiB/28 MiB/115 MiB GO alloc/idle/total, 50 MiB/60 MiB CGO alloc/total, 266.7 CGO/sec, 0.3/0.2 %(u/s)time, 0.0 %gc (0x), 9.6 MiB/41 KiB (r/w)net
I210818 18:54:17.048107 75 server/status/runtime.go:516  [n1] runtime stats: 174 MiB RSS, 332 goroutines, 73 MiB/22 MiB/115 MiB GO alloc/idle/total, 50 MiB/60 MiB CGO alloc/total, 252.8 CGO/sec, 0.3/0.2 %(u/s)time, 0.0 %gc (0x), 24 KiB/15 KiB (r/w)net
I210818 18:54:27.042428 75 server/status/runtime.go:516  [n1] runtime stats: 174 MiB RSS, 333 goroutines, 80 MiB/16 MiB/115 MiB GO alloc/idle/total, 50 MiB/60 MiB CGO alloc/total, 275.7 CGO/sec, 0.3/0.0 %(u/s)time, 0.0 %gc (0x), 452 KiB/6.6 KiB (r/w)net
I210818 18:54:37.044474 75 server/status/runtime.go:516  [n1] runtime stats: 174 MiB RSS, 333 goroutines, 87 MiB/9.2 MiB/115 MiB GO alloc/idle/total, 50 MiB/60 MiB CGO alloc/total, 255.9 CGO/sec, 0.3/0.0 %(u/s)time, 0.0 %gc (0x), 4.0 MiB/15 KiB (r/w)net
I210818 18:54:47.061323 75 server/status/runtime.go:516  [n1] runtime stats: 175 MiB RSS, 333 goroutines, 93 MiB/3.0 MiB/115 MiB GO alloc/idle/total, 50 MiB/60 MiB CGO alloc/total, 254.0 CGO/sec, 0.2/0.3 %(u/s)time, 0.0 %gc (0x), 650 KiB/8.8 KiB (r/w)net
I210818 18:54:56.225448 70 gossip/gossip.go:567  [n1] gossip status (ok, 1 node)
gossip client (0/3 cur/max conns)
gossip server (0/3 cur/max conns, infos 0/0 sent/received, bytes 0B/0B sent/received)
I210818 18:54:57.048262 75 server/status/runtime.go:516  [n1] runtime stats: 176 MiB RSS, 332 goroutines, 59 MiB/36 MiB/116 MiB GO alloc/idle/total, 50 MiB/60 MiB CGO alloc/total, 464.0 CGO/sec, 0.5/0.3 %(u/s)time, 0.0 %gc (1x), 1.5 KiB/2.8 KiB (r/w)net
I210818 18:55:07.047462 75 server/status/runtime.go:516  [n1] runtime stats: 176 MiB RSS, 332 goroutines, 66 MiB/29 MiB/116 MiB GO alloc/idle/total, 50 MiB/60 MiB CGO alloc/total, 261.6 CGO/sec, 0.3/0.2 %(u/s)time, 0.0 %gc (0x), 1.4 KiB/2.6 KiB (r/w)net
I210818 18:55:17.053276 75 server/status/runtime.go:516  [n1] runtime stats: 177 MiB RSS, 332 goroutines, 72 MiB/23 MiB/116 MiB GO alloc/idle/total, 50 MiB/60 MiB CGO alloc/total, 249.7 CGO/sec, 0.0/0.6 %(u/s)time, 0.0 %gc (0x), 640 B/1.2 KiB (r/w)net
I210818 18:55:27.083093 75 server/status/runtime.go:516  [n1] runtime stats: 176 MiB RSS, 333 goroutines, 79 MiB/17 MiB/116 MiB GO alloc/idle/total, 50 MiB/60 MiB CGO alloc/total, 278.7 CGO/sec, 0.6/0.3 %(u/s)time, 0.0 %gc (0x), 1.1 KiB/3.1 KiB (r/w)net
I210818 18:55:37.104356 75 server/status/runtime.go:516  [n1] runtime stats: 177 MiB RSS, 333 goroutines, 86 MiB/10 MiB/116 MiB GO alloc/idle/total, 50 MiB/59 MiB CGO alloc/total, 260.6 CGO/sec, 0.2/0.0 %(u/s)time, 0.0 %gc (0x), 32 KiB/14 KiB (r/w)net
I210818 18:55:47.069123 75 server/status/runtime.go:516  [n1] runtime stats: 177 MiB RSS, 333 goroutines, 93 MiB/3.5 MiB/116 MiB GO alloc/idle/total, 50 MiB/59 MiB CGO alloc/total, 252.8 CGO/sec, 0.3/0.5 %(u/s)time, 0.0 %gc (0x), 1.7 MiB/4.3 KiB (r/w)net
I210818 18:55:56.220719 70 gossip/gossip.go:567  [n1] gossip status (ok, 1 node)
gossip client (0/3 cur/max conns)
gossip server (0/3 cur/max conns, infos 0/0 sent/received, bytes 0B/0B sent/received)
I210818 18:55:57.094864 75 server/status/runtime.go:516  [n1] runtime stats: 177 MiB RSS, 332 goroutines, 56 MiB/38 MiB/116 MiB GO alloc/idle/total, 50 MiB/59 MiB CGO alloc/total, 431.0 CGO/sec, 0.6/0.2 %(u/s)time, 0.0 %gc (1x), 7.3 MiB/37 KiB (r/w)net
I210818 18:56:07.086591 75 server/status/runtime.go:516  [n1] runtime stats: 178 MiB RSS, 332 goroutines, 63 MiB/32 MiB/116 MiB GO alloc/idle/total, 50 MiB/60 MiB CGO alloc/total, 315.3 CGO/sec, 0.3/0.6 %(u/s)time, 0.0 %gc (0x), 6.5 MiB/35 KiB (r/w)net
I210818 18:56:17.065123 75 server/status/runtime.go:516  [n1] runtime stats: 178 MiB RSS, 332 goroutines, 70 MiB/25 MiB/116 MiB GO alloc/idle/total, 50 MiB/59 MiB CGO alloc/total, 253.4 CGO/sec, 0.3/0.2 %(u/s)time, 0.0 %gc (0x), 240 KiB/6.6 KiB (r/w)net
I210818 18:56:27.061303 75 server/status/runtime.go:516  [n1] runtime stats: 178 MiB RSS, 333 goroutines, 78 MiB/18 MiB/116 MiB GO alloc/idle/total, 50 MiB/60 MiB CGO alloc/total, 331.4 CGO/sec, 0.3/0.5 %(u/s)time, 0.0 %gc (0x), 2.1 MiB/10 KiB (r/w)net
I210818 18:56:37.084230 75 server/status/runtime.go:516  [n1] runtime stats: 178 MiB RSS, 333 goroutines, 84 MiB/12 MiB/116 MiB GO alloc/idle/total, 50 MiB/59 MiB CGO alloc/total, 266.9 CGO/sec, 0.3/0.2 %(u/s)time, 0.0 %gc (0x), 7.1 KiB/4.4 KiB (r/w)net
I210818 18:56:47.089101 75 server/status/runtime.go:516  [n1] runtime stats: 179 MiB RSS, 335 goroutines, 91 MiB/5.4 MiB/116 MiB GO alloc/idle/total, 50 MiB/59 MiB CGO alloc/total, 254.2 CGO/sec, 0.0/0.3 %(u/s)time, 0.0 %gc (0x), 2.7 MiB/14 KiB (r/w)net
I210818 18:56:56.226221 70 gossip/gossip.go:567  [n1] gossip status (ok, 1 node)
gossip client (0/3 cur/max conns)
gossip server (0/3 cur/max conns, infos 0/0 sent/received, bytes 0B/0B sent/received)
I210818 18:56:57.077314 75 server/status/runtime.go:516  [n1] runtime stats: 179 MiB RSS, 334 goroutines, 57 MiB/37 MiB/116 MiB GO alloc/idle/total, 50 MiB/59 MiB CGO alloc/total, 547.1 CGO/sec, 0.8/0.3 %(u/s)time, 0.0 %gc (1x), 7.5 KiB/2.7 KiB (r/w)net
I210818 18:57:07.104068 75 server/status/runtime.go:516  [n1] runtime stats: 179 MiB RSS, 334 goroutines, 64 MiB/31 MiB/116 MiB GO alloc/idle/total, 50 MiB/59 MiB CGO alloc/total, 290.2 CGO/sec, 0.8/0.3 %(u/s)time, 0.0 %gc (0x), 4.7 MiB/21 KiB (r/w)net
I210818 18:57:17.103795 75 server/status/runtime.go:516  [n1] runtime stats: 179 MiB RSS, 334 goroutines, 70 MiB/24 MiB/116 MiB GO alloc/idle/total, 50 MiB/59 MiB CGO alloc/total, 256.9 CGO/sec, 0.2/0.0 %(u/s)time, 0.0 %gc (0x), 10 MiB/35 KiB (r/w)net
I210818 18:57:27.120411 75 server/status/runtime.go:516  [n1] runtime stats: 179 MiB RSS, 335 goroutines, 78 MiB/17 MiB/116 MiB GO alloc/idle/total, 50 MiB/59 MiB CGO alloc/total, 337.2 CGO/sec, 0.3/0.2 %(u/s)time, 0.0 %gc (0x), 4.0 MiB/24 KiB (r/w)net
I210818 18:57:37.107630 75 server/status/runtime.go:516  [n1] runtime stats: 180 MiB RSS, 335 goroutines, 85 MiB/11 MiB/116 MiB GO alloc/idle/total, 49 MiB/59 MiB CGO alloc/total, 253.5 CGO/sec, 0.8/0.2 %(u/s)time, 0.0 %gc (0x), 1.7 KiB/2.1 KiB (r/w)net
I210818 18:57:47.111432 75 server/status/runtime.go:516  [n1] runtime stats: 180 MiB RSS, 335 goroutines, 48 MiB/43 MiB/116 MiB GO alloc/idle/total, 49 MiB/59 MiB CGO alloc/total, 251.1 CGO/sec, 0.0/0.0 %(u/s)time, 0.0 %gc (1x), 203 KiB/2.9 KiB (r/w)net
I210818 18:57:56.221248 70 gossip/gossip.go:567  [n1] gossip status (ok, 1 node)
gossip client (0/3 cur/max conns)
gossip server (0/3 cur/max conns, infos 0/0 sent/received, bytes 0B/0B sent/received)
I210818 18:57:57.123548 75 server/status/runtime.go:516  [n1] runtime stats: 180 MiB RSS, 334 goroutines, 57 MiB/36 MiB/116 MiB GO alloc/idle/total, 49 MiB/59 MiB CGO alloc/total, 478.6 CGO/sec, 0.5/0.3 %(u/s)time, 0.0 %gc (0x), 5.8 KiB/5.3 KiB (r/w)net
I210818 18:58:07.121722 75 server/status/runtime.go:516  [n1] runtime stats: 180 MiB RSS, 334 goroutines, 64 MiB/30 MiB/116 MiB GO alloc/idle/total, 49 MiB/59 MiB CGO alloc/total, 249.2 CGO/sec, 0.3/0.3 %(u/s)time, 0.0 %gc (0x), 6.2 KiB/5.6 KiB (r/w)net
I210818 18:58:17.143783 75 server/status/runtime.go:516  [n1] runtime stats: 181 MiB RSS, 334 goroutines, 72 MiB/23 MiB/116 MiB GO alloc/idle/total, 49 MiB/59 MiB CGO alloc/total, 261.9 CGO/sec, 0.3/0.0 %(u/s)time, 0.0 %gc (0x), 511 B/917 B (r/w)net
I210818 18:58:27.142745 75 server/status/runtime.go:516  [n1] runtime stats: 181 MiB RSS, 335 goroutines, 79 MiB/16 MiB/116 MiB GO alloc/idle/total, 49 MiB/59 MiB CGO alloc/total, 295.8 CGO/sec, 0.2/0.0 %(u/s)time, 0.0 %gc (0x), 14 KiB/9.4 KiB (r/w)net
I210818 18:58:37.146296 75 server/status/runtime.go:516  [n1] runtime stats: 181 MiB RSS, 335 goroutines, 86 MiB/9.5 MiB/116 MiB GO alloc/idle/total, 49 MiB/59 MiB CGO alloc/total, 317.5 CGO/sec, 0.8/0.3 %(u/s)time, 0.0 %gc (0x), 1.5 KiB/3.8 KiB (r/w)net
