I210819 02:06:20.808701 1 util/log/sync_buffer.go:70  [config] file created at: 2021/08/19 02:06:20
I210819 02:06:20.808701 1 util/log/sync_buffer.go:70  [config] running on machine: DESKTOP-GU2JBJ3
I210819 02:06:20.808701 1 util/log/sync_buffer.go:70  [config] binary: CockroachDB CCL v20.1.17 (x86_64-w64-mingw32, built 2021/05/17 16:42:38, go1.13.9)
I210819 02:06:20.808701 1 util/log/sync_buffer.go:70  [config] arguments: [C:\cockroach\cockroach.exe start --insecure --host 127.0.0.1]
I210819 02:06:20.808701 1 util/log/sync_buffer.go:70  line format: [IWEF]yymmdd hh:mm:ss.uuuuuu goid file:line msg utf8=✓
I210819 02:06:20.808691 1 cli/start.go:1051  logging to directory C:\Users\Nothing\Desktop\network\cockroach-data\logs
W210819 02:06:20.812441 1 cli/start.go:1100  RUNNING IN INSECURE MODE!

- Your cluster is open for any client that can access 127.0.0.1.
- Any user, even root, can log in without providing a password.
- Any user, connecting as root, can read or write any data in your cluster.
- There is no network encryption nor authentication, and thus no confidentiality.

Check out how to secure your cluster: https://www.cockroachlabs.com/docs/v20.1/secure-a-cluster.html
W210819 02:06:20.812800 1 cli/start.go:972  Using the default setting for --cache (128 MiB).
  A significantly larger value is usually needed for good performance.
  If you have a dedicated server a reasonable setting is --cache=.25 (1.9 GiB).
I210819 02:06:20.812814 1 cli/start.go:1114  CockroachDB CCL v20.1.17 (x86_64-w64-mingw32, built 2021/05/17 16:42:38, go1.13.9)
W210819 02:06:20.814380 1 cli/start.go:376  running 'cockroach start' without --join is deprecated.
Consider using 'cockroach start-single-node' or 'cockroach init' instead.
I210819 02:06:20.823682 1 server/config.go:404  system total memory: 7.8 GiB
I210819 02:06:20.824003 1 server/config.go:406  server configuration:
max offset             500000000
cache size             128 MiB
SQL memory pool size   1.9 GiB
scan interval          10m0s
scan min idle time     10ms
scan max idle time     1s
event log enabled      true
I210819 02:06:20.824020 1 cli/start.go:957  process identity: uid S-1-5-21-3555808950-1563559068-697072965-1001, gid S-1-5-21-3555808950-1563559068-697072965-513
I210819 02:06:20.824656 1 cli/start.go:525  starting cockroach node
I210819 02:06:20.837244 55 storage/rocksdb.go:606  opening rocksdb instance at "C:\\Users\\Nothing\\Desktop\\network\\cockroach-data\\cockroach-temp694444359"
I210819 02:06:23.537485 55 server/server.go:1075  [n?] monitoring forward clock jumps based on server.clock.forward_jump_check_enabled
I210819 02:06:23.540566 55 storage/rocksdb.go:606  opening rocksdb instance at "C:\\Users\\Nothing\\Desktop\\network\\cockroach-data"
I210819 02:06:24.022935 55 server/config.go:578  [n?] 1 storage engine initialized
I210819 02:06:24.022944 55 server/config.go:581  [n?] RocksDB cache size: 128 MiB
I210819 02:06:24.022947 55 server/config.go:581  [n?] store 0: RocksDB, max size 0 B, max open file limit 10000
I210819 02:06:24.033410 55 server/server.go:1121  [n?] Sleeping till wall time 1629338784033001700 to catches up to 1629338784037456601 to ensure monotonicity. Delta: 4.454901ms
I210819 02:06:24.042572 55 gossip/gossip.go:395  [n1] NodeDescriptor set to node_id:1 address:<network_field:"tcp" address_field:"127.0.0.1:26257" > attrs:<> locality:<> ServerVersion:<major_val:20 minor_val:1 patch:0 unstable:0 > build_tag:"v20.1.17" started_at:1629338784040164600 cluster_name:"" sql_address:<network_field:"tcp" address_field:"127.0.0.1:26257" > 
W210819 02:06:24.088587 55 kv/kvserver/replica_range_lease.go:554  can't determine lease status due to node liveness error: node not in the liveness table
github.com/cockroachdb/cockroach/pkg/kv/kvserver.init
	/go/src/github.com/cockroachdb/cockroach/pkg/kv/kvserver/node_liveness.go:44
runtime.doInit
	/usr/local/go/src/runtime/proc.go:5222
runtime.doInit
	/usr/local/go/src/runtime/proc.go:5217
runtime.doInit
	/usr/local/go/src/runtime/proc.go:5217
runtime.doInit
	/usr/local/go/src/runtime/proc.go:5217
runtime.doInit
	/usr/local/go/src/runtime/proc.go:5217
runtime.main
	/usr/local/go/src/runtime/proc.go:190
runtime.goexit
	/usr/local/go/src/runtime/asm_amd64.s:1357
W210819 02:06:24.089092 236 kv/kvserver/store.go:1643  [n1,s1,r6/1:/Table/{SystemCon…-11}] could not gossip system config: [NotLeaseHolderError] r6: replica (n1,s1):1 not lease holder; lease holder unknown
I210819 02:06:24.093416 55 server/node.go:428  [n1] initialized store [n1,s1]: disk (capacity=118 GiB, available=40 GiB, used=2.7 MiB, logicalBytes=14 MiB), ranges=110, leases=0, queries=0.00, writes=0.00, bytesPerReplica={p10=0.00 p25=0.00 p50=0.00 p75=0.00 p90=5618.00 pMax=13478495.00}, writesPerReplica={p10=0.00 p25=0.00 p50=0.00 p75=0.00 p90=0.00 pMax=0.00}
I210819 02:06:24.093970 55 kv/kvserver/stores.go:256  [n1] read 0 node addresses from persistent storage
I210819 02:06:24.096937 55 server/node.go:649  [n1] connecting to gossip network to verify cluster ID...
I210819 02:06:24.096980 55 server/node.go:669  [n1] node connected via gossip and verified as part of cluster "eefe0bde-41cb-48a8-9934-e97c8491448b"
I210819 02:06:24.099859 55 server/node.go:512  [n1] node=1: started with [<no-attributes>=C:\Users\Nothing\Desktop\network\cockroach-data] engine(s) and attributes []
I210819 02:06:24.100941 55 server/goroutinedumper/goroutinedumper.go:120  [n1] writing goroutine dumps to C:\Users\Nothing\Desktop\network\cockroach-data\logs\goroutine_dump
I210819 02:06:24.101558 55 server/heapprofiler/heapprofiler.go:45  [n1] writing go heap profiles to C:\Users\Nothing\Desktop\network\cockroach-data\logs\heap_profiler at least every 1h0m0s
I210819 02:06:24.101567 55 server/heapprofiler/cgoprofiler.go:49  [n1] to enable jmalloc profiling: "export MALLOC_CONF=prof:true" or "ln -s prof:true /etc/malloc.conf"
I210819 02:06:24.101579 55 server/heapprofiler/statsprofiler.go:50  [n1] writing memory stats to C:\Users\Nothing\Desktop\network\cockroach-data\logs\heap_profiler at last every 1h0m0s
I210819 02:06:24.102029 55 server/server.go:1660  [n1] starting http server at 127.0.0.1:8080 (use: 127.0.0.1:8080)
I210819 02:06:24.102039 55 server/server.go:1667  [n1] starting grpc/postgres server at 127.0.0.1:26257
I210819 02:06:24.102047 55 server/server.go:1668  [n1] advertising CockroachDB node at 127.0.0.1:26257
I210819 02:06:24.104158 112 sql/temporary_schema.go:463  [n1] skipping temporary object cleanup run as it is not the leaseholder
I210819 02:06:24.104185 112 sql/temporary_schema.go:464  [n1] completed temporary object cleanup job
I210819 02:06:24.104200 112 sql/temporary_schema.go:586  [n1] temporary object cleaner next scheduled to run at 2021-08-19 02:36:24.1007226 +0000 UTC
I210819 02:06:24.160299 314 kv/kvserver/node_liveness.go:478  [n1,liveness-hb] heartbeat failed on epoch increment; retrying
I210819 02:06:24.171163 55 server/server.go:1828  [n1] done ensuring all necessary migrations have run
I210819 02:06:24.171191 55 server/server.go:2070  [n1] serving sql connections
I210819 02:06:24.173146 55 cli/start.go:685  [config] clusterID: eefe0bde-41cb-48a8-9934-e97c8491448b
I210819 02:06:24.173179 55 cli/start.go:694  node startup completed:
CockroachDB node starting at 2021-08-19 02:06:24.1730451 +0000 UTC (took 3.4s)
build:               CCL v20.1.17 @ 2021/05/17 16:42:38 (go1.13.9)
webui:               http://127.0.0.1:8080
sql:                 postgresql://root@127.0.0.1:26257?sslmode=disable
RPC client flags:    C:\cockroach\cockroach.exe <client cmd> --host=127.0.0.1:26257 --insecure
logs:                C:\Users\Nothing\Desktop\network\cockroach-data\logs
temp dir:            C:\Users\Nothing\Desktop\network\cockroach-data\cockroach-temp694444359
external I/O path:   C:\Users\Nothing\Desktop\network\cockroach-data\extern
store[0]:            path=C:\Users\Nothing\Desktop\network\cockroach-data
storage engine:      rocksdb
status:              restarted pre-existing node
clusterID:           eefe0bde-41cb-48a8-9934-e97c8491448b
nodeID:              1
I210819 02:06:24.173280 257 sqlmigrations/migrations.go:668  [n1] starting wait for upgrade finalization before schema change job migration
I210819 02:06:24.173528 257 sqlmigrations/migrations.go:694  [n1] schema change job migration already complete
I210819 02:06:24.206175 467 kv/kvserver/replica_command.go:663  [n1,merge,s1,r133/1:/Table/130{-/3}] initiating a merge of r134:/Table/13{0/3-1} [(n1,s1):1, next=2, gen=108, sticky=1629314249.600990400,0] into this range (lhs+rhs has (size=0 B+0 B=0 B qps=0.00+0.00=0.00qps) below threshold (size=128 MiB, qps=1250.00))
I210819 02:06:24.213062 255 server/server_update.go:55  [n1] no need to upgrade, cluster already at the newest version
I210819 02:06:24.231242 386 sql/event_log.go:132  [n1] Event: "node_restart", target: 1, info: {Descriptor:{NodeID:1 Address:127.0.0.1:26257 Attrs: Locality: ServerVersion:20.1 BuildTag:v20.1.17 StartedAt:1629338784040164600 LocalityAddress:[] ClusterName: SQLAddress:127.0.0.1:26257} ClusterID:eefe0bde-41cb-48a8-9934-e97c8491448b StartedAt:1629338784040164600 LastUp:1629313121224260400}
I210819 02:06:24.239215 408 sql/lease.go:1976  released orphaned table lease: {id:129 version:2 expiration:{Time:{wall:852506000 ext:63764910204 loc:<nil>}}}
I210819 02:06:24.239215 407 sql/lease.go:1976  released orphaned table lease: {id:128 version:8 expiration:{Time:{wall:949204000 ext:63764910218 loc:<nil>}}}
I210819 02:06:24.259997 148 kv/kvserver/store_remove_replica.go:127  [n1,s1,r133/1:/Table/130{-/3}] removing replica r134/1
I210819 02:06:24.274834 416 kv/kvserver/replica_command.go:663  [n1,merge,s1,r138/1:/Table/133{-/4}] initiating a merge of r139:/Table/13{3/4-4} [(n1,s1):1, next=2, gen=113, sticky=1629314250.204535100,0] into this range (lhs+rhs has (size=0 B+0 B=0 B qps=0.00+0.00=0.00qps) below threshold (size=128 MiB, qps=1250.00))
I210819 02:06:24.287784 182 kv/kvserver/store_remove_replica.go:127  [n1,s1,r138/1:/Table/133{-/4}] removing replica r139/1
I210819 02:06:25.273465 649 kv/kvserver/replica_command.go:663  [n1,merge,s1,r135/1:/Table/131{-/4}] initiating a merge of r136:/Table/13{1/4-2} [(n1,s1):1, next=2, gen=110, sticky=1629314249.865982000,0] into this range (lhs+rhs has (size=0 B+0 B=0 B qps=0.92+0.92=1.84qps) below threshold (size=128 MiB, qps=1250.00))
I210819 02:06:25.289945 142 kv/kvserver/store_remove_replica.go:127  [n1,s1,r135/1:/Table/131{-/4}] removing replica r136/1
I210819 02:06:25.857262 106 gossip/gossip.go:1527  [n1] node has connected to cluster via gossip
I210819 02:06:25.859025 106 kv/kvserver/stores.go:275  [n1] wrote 0 node addresses to persistent storage
I210819 02:06:26.279325 744 kv/kvserver/replica_command.go:663  [n1,merge,s1,r141/1:/Table/135{-/3}] initiating a merge of r142:/{Table/135/3-Max} [(n1,s1):1, next=2, gen=115, sticky=1629314250.518093500,0] into this range (lhs+rhs has (size=0 B+0 B=0 B qps=0.00+0.00=0.00qps) below threshold (size=128 MiB, qps=1250.00))
I210819 02:06:26.294581 224 kv/kvserver/store_remove_replica.go:127  [n1,s1,r141/1:/Table/135{-/3}] removing replica r142/1
W210819 02:06:34.103211 306 server/status/runtime.go:447  [n1] unable to get file descriptor usage (will not try again): not implemented on windows
I210819 02:06:34.402441 306 server/status/runtime.go:516  [n1] runtime stats: 91 MiB RSS, 219 goroutines, 61 MiB/880 KiB/78 MiB GO alloc/idle/total, 18 MiB/21 MiB CGO alloc/total, 0.0 CGO/sec, 0.0/0.0 %(u/s)time, 0.0 %gc (8x), 4.9 MiB/29 KiB (r/w)net
I210819 02:06:44.100438 108 kv/kvserver/store.go:2486  [n1,s1] sstables (read amplification = 2):
0 [ 286K 1 ]: 286K
6 [ 650K 1 ]: 650K
I210819 02:06:44.100549 108 kv/kvserver/store.go:2487  [n1,s1] 
** Compaction Stats [default] **
Level    Files   Size     Score Read(GB)  Rn(GB) Rnp1(GB) Write(GB) Wnew(GB) Moved(GB) W-Amp Rd(MB/s) Wr(MB/s) Comp(sec) CompMergeCPU(sec) Comp(cnt) Avg(sec) KeyIn KeyDrop
----------------------------------------------------------------------------------------------------------------------------------------------------------------------------
  L0      1/0   285.66 KB   0.5      0.0     0.0      0.0       0.0      0.0       0.0   1.0      0.0      1.0      0.28              0.00         1    0.281       0      0
  L6      1/0   650.19 KB   0.0      0.0     0.0      0.0       0.0      0.0       0.0   0.0      0.0      0.0      0.00              0.00         0    0.000       0      0
 Sum      2/0   935.84 KB   0.0      0.0     0.0      0.0       0.0      0.0       0.0   1.0      0.0      1.0      0.28              0.00         1    0.281       0      0
 Int      0/0    0.00 KB   0.0      0.0     0.0      0.0       0.0      0.0       0.0   1.0      0.0      1.0      0.28              0.00         1    0.281       0      0

** Compaction Stats [default] **
Priority    Files   Size     Score Read(GB)  Rn(GB) Rnp1(GB) Write(GB) Wnew(GB) Moved(GB) W-Amp Rd(MB/s) Wr(MB/s) Comp(sec) CompMergeCPU(sec) Comp(cnt) Avg(sec) KeyIn KeyDrop
-------------------------------------------------------------------------------------------------------------------------------------------------------------------------------
User      0/0    0.00 KB   0.0      0.0     0.0      0.0       0.0      0.0       0.0   0.0      0.0      1.0      0.28              0.00         1    0.281       0      0
Uptime(secs): 20.6 total, 20.6 interval
Flush(GB): cumulative 0.000, interval 0.000
AddFile(GB): cumulative 0.000, interval 0.000
AddFile(Total Files): cumulative 0, interval 0
AddFile(L0 Files): cumulative 0, interval 0
AddFile(Keys): cumulative 0, interval 0
Cumulative compaction: 0.00 GB write, 0.01 MB/s write, 0.00 GB read, 0.00 MB/s read, 0.3 seconds
Interval compaction: 0.00 GB write, 0.01 MB/s write, 0.00 GB read, 0.00 MB/s read, 0.3 seconds
Stalls(count): 0 level0_slowdown, 0 level0_slowdown_with_compaction, 0 level0_numfiles, 0 level0_numfiles_with_compaction, 0 stop for pending_compaction_bytes, 0 slowdown for pending_compaction_bytes, 0 memtable_compaction, 0 memtable_slowdown, interval 0 total count
estimated_pending_compaction_bytes: 0 B
I210819 02:06:44.403957 306 server/status/runtime.go:516  [n1] runtime stats: 99 MiB RSS, 217 goroutines, 70 MiB/4.0 MiB/88 MiB GO alloc/idle/total, 19 MiB/23 MiB CGO alloc/total, 416.7 CGO/sec, 0.2/0.5 %(u/s)time, 0.0 %gc (0x), 2.3 MiB/26 KiB (r/w)net
I210819 02:06:54.205381 254 jobs/registry.go:1226  job 685637547454300161: resuming execution
I210819 02:06:54.206850 1192 jobs/registry.go:845  [n1] job 685637547454300161: stepping through state running with error <nil>
I210819 02:06:54.210373 254 jobs/registry.go:1226  job 685634938516013057: resuming execution
I210819 02:06:54.212162 1169 jobs/registry.go:845  [n1] job 685634938516013057: stepping through state running with error <nil>
I210819 02:06:54.213851 254 jobs/registry.go:1226  job 685637873809063937: resuming execution
I210819 02:06:54.215865 1227 jobs/registry.go:845  [n1] job 685637873809063937: stepping through state running with error <nil>
I210819 02:06:54.217464 254 jobs/registry.go:1226  job 685638448930684929: resuming execution
I210819 02:06:54.219644 975 jobs/registry.go:845  [n1] job 685638448930684929: stepping through state running with error <nil>
I210819 02:06:54.224442 254 jobs/registry.go:1226  job 685636223655182337: resuming execution
I210819 02:06:54.226419 1282 jobs/registry.go:845  [n1] job 685636223655182337: stepping through state running with error <nil>
I210819 02:06:54.229483 254 jobs/registry.go:1226  job 685637547503943681: resuming execution
I210819 02:06:54.231425 1009 jobs/registry.go:845  [n1] job 685637547503943681: stepping through state running with error <nil>
I210819 02:06:54.234751 254 jobs/registry.go:1226  job 685638448920657921: resuming execution
I210819 02:06:54.236704 1272 jobs/registry.go:845  [n1] job 685638448920657921: stepping through state running with error <nil>
I210819 02:06:54.240172 254 jobs/registry.go:1226  job 685637778604752897: resuming execution
I210819 02:06:54.241973 1293 jobs/registry.go:845  [n1] job 685637778604752897: stepping through state running with error <nil>
I210819 02:06:54.245717 254 jobs/registry.go:1226  job 685636223441829889: resuming execution
I210819 02:06:54.248815 1281 jobs/registry.go:845  [n1] job 685636223441829889: stepping through state running with error <nil>
I210819 02:06:54.252673 254 jobs/registry.go:1226  job 685637482375380993: resuming execution
I210819 02:06:54.255023 1337 jobs/registry.go:845  [n1] job 685637482375380993: stepping through state running with error <nil>
I210819 02:06:54.396298 306 server/status/runtime.go:516  [n1] runtime stats: 106 MiB RSS, 217 goroutines, 51 MiB/29 MiB/97 MiB GO alloc/idle/total, 19 MiB/24 MiB CGO alloc/total, 540.8 CGO/sec, 0.3/0.0 %(u/s)time, 0.0 %gc (1x), 2.1 MiB/19 KiB (r/w)net
I210819 02:07:04.388887 306 server/status/runtime.go:516  [n1] runtime stats: 110 MiB RSS, 248 goroutines, 65 MiB/17 MiB/97 MiB GO alloc/idle/total, 20 MiB/25 MiB CGO alloc/total, 1151.2 CGO/sec, 1.7/0.3 %(u/s)time, 0.0 %gc (0x), 2.6 MiB/20 KiB (r/w)net
I210819 02:07:14.397880 306 server/status/runtime.go:516  [n1] runtime stats: 114 MiB RSS, 248 goroutines, 72 MiB/9.9 MiB/97 MiB GO alloc/idle/total, 21 MiB/26 MiB CGO alloc/total, 620.1 CGO/sec, 0.6/0.2 %(u/s)time, 0.0 %gc (0x), 2.3 MiB/28 KiB (r/w)net
I210819 02:07:24.100373 109 gossip/gossip.go:567  [n1] gossip status (ok, 1 node)
gossip client (0/3 cur/max conns)
gossip server (0/3 cur/max conns, infos 0/0 sent/received, bytes 0B/0B sent/received)
gossip connectivity
  n1 [sentinel];
I210819 02:07:24.259249 254 jobs/registry.go:1226  job 685637547424448513: resuming execution
I210819 02:07:24.261392 1876 jobs/registry.go:845  [n1] job 685637547424448513: stepping through state running with error <nil>
I210819 02:07:24.265047 254 jobs/registry.go:1226  job 685637482229301249: resuming execution
I210819 02:07:24.266970 1885 jobs/registry.go:845  [n1] job 685637482229301249: stepping through state running with error <nil>
I210819 02:07:24.270333 254 jobs/registry.go:1226  job 685638449127784449: resuming execution
I210819 02:07:24.272371 1857 jobs/registry.go:845  [n1] job 685638449127784449: stepping through state running with error <nil>
I210819 02:07:24.275726 254 jobs/registry.go:1226  job 685638448998481921: resuming execution
I210819 02:07:24.277542 1898 jobs/registry.go:845  [n1] job 685638448998481921: stepping through state running with error <nil>
I210819 02:07:24.281864 254 jobs/registry.go:1226  job 685635358312890369: resuming execution
I210819 02:07:24.283835 657 jobs/registry.go:845  [n1] job 685635358312890369: stepping through state running with error <nil>
I210819 02:07:24.287153 254 jobs/registry.go:1226  job 685635358260494337: resuming execution
I210819 02:07:24.288947 1864 jobs/registry.go:845  [n1] job 685635358260494337: stepping through state running with error <nil>
I210819 02:07:24.291938 254 jobs/registry.go:1226  job 685637432173428737: resuming execution
I210819 02:07:24.294813 1955 jobs/registry.go:845  [n1] job 685637432173428737: stepping through state running with error <nil>
I210819 02:07:24.296274 254 jobs/registry.go:1226  job 685637873905401857: resuming execution
I210819 02:07:24.298210 1942 jobs/registry.go:845  [n1] job 685637873905401857: stepping through state running with error <nil>
I210819 02:07:24.301653 254 jobs/registry.go:1226  job 685637432397103105: resuming execution
I210819 02:07:24.303570 1911 jobs/registry.go:845  [n1] job 685637432397103105: stepping through state running with error <nil>
I210819 02:07:24.305230 254 jobs/registry.go:1226  job 685637874095357953: resuming execution
I210819 02:07:24.307153 1970 jobs/registry.go:845  [n1] job 685637874095357953: stepping through state running with error <nil>
I210819 02:07:24.393964 306 server/status/runtime.go:516  [n1] runtime stats: 120 MiB RSS, 251 goroutines, 83 MiB/3.4 MiB/101 MiB GO alloc/idle/total, 21 MiB/26 MiB CGO alloc/total, 506.5 CGO/sec, 0.3/0.0 %(u/s)time, 0.0 %gc (0x), 2.0 MiB/14 KiB (r/w)net
I210819 02:07:34.397524 306 server/status/runtime.go:516  [n1] runtime stats: 130 MiB RSS, 277 goroutines, 56 MiB/38 MiB/112 MiB GO alloc/idle/total, 22 MiB/27 MiB CGO alloc/total, 1233.0 CGO/sec, 1.2/0.3 %(u/s)time, 0.0 %gc (1x), 3.1 MiB/32 KiB (r/w)net
I210819 02:07:44.418872 306 server/status/runtime.go:516  [n1] runtime stats: 132 MiB RSS, 277 goroutines, 64 MiB/31 MiB/112 MiB GO alloc/idle/total, 22 MiB/27 MiB CGO alloc/total, 398.4 CGO/sec, 0.5/0.3 %(u/s)time, 0.0 %gc (0x), 2.2 KiB/3.2 KiB (r/w)net
I210819 02:07:54.327664 254 jobs/registry.go:1226  job 685637547439095809: resuming execution
I210819 02:07:54.329551 2427 jobs/registry.go:845  [n1] job 685637547439095809: stepping through state running with error <nil>
I210819 02:07:54.335032 254 jobs/registry.go:1226  job 685634938520174593: resuming execution
I210819 02:07:54.336848 2381 jobs/registry.go:845  [n1] job 685634938520174593: stepping through state running with error <nil>
I210819 02:07:54.339788 254 jobs/registry.go:1226  job 685638448905486337: resuming execution
I210819 02:07:54.341523 2457 jobs/registry.go:845  [n1] job 685638448905486337: stepping through state running with error <nil>
I210819 02:07:54.346795 254 jobs/registry.go:1226  job 685637873847861249: resuming execution
I210819 02:07:54.350670 2486 jobs/registry.go:845  [n1] job 685637873847861249: stepping through state running with error <nil>
I210819 02:07:54.353645 254 jobs/registry.go:1226  job 685637432238669825: resuming execution
I210819 02:07:54.355416 2499 jobs/registry.go:845  [n1] job 685637432238669825: stepping through state running with error <nil>
I210819 02:07:54.358642 254 jobs/registry.go:1226  job 685636223512674305: resuming execution
I210819 02:07:54.360653 2495 jobs/registry.go:845  [n1] job 685636223512674305: stepping through state running with error <nil>
I210819 02:07:54.369038 254 jobs/registry.go:1226  job 685635358317903873: resuming execution
I210819 02:07:54.370788 2518 jobs/registry.go:845  [n1] job 685635358317903873: stepping through state running with error <nil>
I210819 02:07:54.374110 254 jobs/registry.go:1226  job 685635358431969281: resuming execution
I210819 02:07:54.376029 2441 jobs/registry.go:845  [n1] job 685635358431969281: stepping through state running with error <nil>
I210819 02:07:54.379030 254 jobs/registry.go:1226  job 685637432146198529: resuming execution
I210819 02:07:54.382756 2469 jobs/registry.go:845  [n1] job 685637432146198529: stepping through state running with error <nil>
I210819 02:07:54.386692 254 jobs/registry.go:1226  job 685637482176937985: resuming execution
I210819 02:07:54.388485 2512 jobs/registry.go:845  [n1] job 685637482176937985: stepping through state running with error <nil>
I210819 02:07:54.427406 306 server/status/runtime.go:516  [n1] runtime stats: 133 MiB RSS, 277 goroutines, 71 MiB/25 MiB/112 MiB GO alloc/idle/total, 22 MiB/28 MiB CGO alloc/total, 434.6 CGO/sec, 0.5/0.3 %(u/s)time, 0.0 %gc (0x), 2.1 MiB/27 KiB (r/w)net
I210819 02:08:04.417033 306 server/status/runtime.go:516  [n1] runtime stats: 135 MiB RSS, 308 goroutines, 84 MiB/13 MiB/113 MiB GO alloc/idle/total, 22 MiB/28 MiB CGO alloc/total, 1079.5 CGO/sec, 1.1/0.5 %(u/s)time, 0.0 %gc (0x), 7.2 KiB/5.6 KiB (r/w)net
I210819 02:08:14.422771 306 server/status/runtime.go:516  [n1] runtime stats: 138 MiB RSS, 308 goroutines, 49 MiB/42 MiB/114 MiB GO alloc/idle/total, 22 MiB/28 MiB CGO alloc/total, 392.1 CGO/sec, 0.6/0.0 %(u/s)time, 0.0 %gc (1x), 1.1 MiB/12 KiB (r/w)net
I210819 02:08:24.109187 109 gossip/gossip.go:567  [n1] gossip status (ok, 1 node)
gossip client (0/3 cur/max conns)
gossip server (0/3 cur/max conns, infos 0/0 sent/received, bytes 0B/0B sent/received)
I210819 02:08:24.396662 254 jobs/registry.go:1226  job 685637482141155329: resuming execution
I210819 02:08:24.398431 2972 jobs/registry.go:845  [n1] job 685637482141155329: stepping through state running with error <nil>
I210819 02:08:24.401610 254 jobs/registry.go:1226  job 685637873867096065: resuming execution
I210819 02:08:24.403336 2935 jobs/registry.go:845  [n1] job 685637873867096065: stepping through state running with error <nil>
I210819 02:08:24.406429 254 jobs/registry.go:1226  job 685637778795528193: resuming execution
I210819 02:08:24.408300 2913 jobs/registry.go:845  [n1] job 685637778795528193: stepping through state running with error <nil>
I210819 02:08:24.412410 254 jobs/registry.go:1226  job 685636223476957185: resuming execution
I210819 02:08:24.414283 2998 jobs/registry.go:845  [n1] job 685636223476957185: stepping through state running with error <nil>
I210819 02:08:24.417277 254 jobs/registry.go:1226  job 685637778559565825: resuming execution
I210819 02:08:24.419209 3018 jobs/registry.go:845  [n1] job 685637778559565825: stepping through state running with error <nil>
I210819 02:08:24.422434 254 jobs/registry.go:1226  job 685637432161271809: resuming execution
I210819 02:08:24.424594 2991 jobs/registry.go:845  [n1] job 685637432161271809: stepping through state running with error <nil>
I210819 02:08:24.427763 254 jobs/registry.go:1226  job 685637778548916225: resuming execution
I210819 02:08:24.429423 3045 jobs/registry.go:845  [n1] job 685637778548916225: stepping through state running with error <nil>
I210819 02:08:24.432410 254 jobs/registry.go:1226  job 685637778533679105: resuming execution
I210819 02:08:24.434150 3054 jobs/registry.go:845  [n1] job 685637778533679105: stepping through state running with error <nil>
I210819 02:08:24.436907 306 server/status/runtime.go:516  [n1] runtime stats: 138 MiB RSS, 310 goroutines, 57 MiB/36 MiB/114 MiB GO alloc/idle/total, 22 MiB/28 MiB CGO alloc/total, 351.7 CGO/sec, 0.3/0.3 %(u/s)time, 0.0 %gc (0x), 5.9 KiB/4.8 KiB (r/w)net
I210819 02:08:24.437079 254 jobs/registry.go:1226  job 685636223492554753: resuming execution
I210819 02:08:24.438870 3007 jobs/registry.go:845  [n1] job 685636223492554753: stepping through state running with error <nil>
I210819 02:08:24.443190 254 jobs/registry.go:1226  job 685637482126376961: resuming execution
I210819 02:08:24.445504 3061 jobs/registry.go:845  [n1] job 685637482126376961: stepping through state running with error <nil>
I210819 02:08:34.435459 306 server/status/runtime.go:516  [n1] runtime stats: 140 MiB RSS, 337 goroutines, 70 MiB/25 MiB/114 MiB GO alloc/idle/total, 22 MiB/28 MiB CGO alloc/total, 967.6 CGO/sec, 1.1/0.3 %(u/s)time, 0.0 %gc (0x), 1.3 KiB/1.5 KiB (r/w)net
I210819 02:08:44.437077 306 server/status/runtime.go:516  [n1] runtime stats: 140 MiB RSS, 337 goroutines, 77 MiB/19 MiB/114 MiB GO alloc/idle/total, 22 MiB/28 MiB CGO alloc/total, 290.7 CGO/sec, 0.3/0.2 %(u/s)time, 0.0 %gc (0x), 5.8 KiB/4.5 KiB (r/w)net
I210819 02:08:54.435682 306 server/status/runtime.go:516  [n1] runtime stats: 141 MiB RSS, 337 goroutines, 85 MiB/12 MiB/114 MiB GO alloc/idle/total, 22 MiB/28 MiB CGO alloc/total, 349.7 CGO/sec, 0.6/0.3 %(u/s)time, 0.0 %gc (0x), 6.0 KiB/5.5 KiB (r/w)net
I210819 02:08:54.451515 254 jobs/registry.go:1226  job 685637547666440193: resuming execution
I210819 02:08:54.453211 3423 jobs/registry.go:845  [n1] job 685637547666440193: stepping through state running with error <nil>
I210819 02:08:54.456236 254 jobs/registry.go:1226  job 685635358179557377: resuming execution
I210819 02:08:54.457938 3408 jobs/registry.go:845  [n1] job 685635358179557377: stepping through state running with error <nil>
I210819 02:09:04.431020 306 server/status/runtime.go:516  [n1] runtime stats: 142 MiB RSS, 344 goroutines, 51 MiB/41 MiB/114 MiB GO alloc/idle/total, 22 MiB/28 MiB CGO alloc/total, 459.9 CGO/sec, 0.2/0.0 %(u/s)time, 0.0 %gc (1x), 1.8 KiB/2.8 KiB (r/w)net
I210819 02:09:14.426306 306 server/status/runtime.go:516  [n1] runtime stats: 143 MiB RSS, 344 goroutines, 58 MiB/35 MiB/114 MiB GO alloc/idle/total, 22 MiB/28 MiB CGO alloc/total, 268.5 CGO/sec, 0.5/0.0 %(u/s)time, 0.0 %gc (0x), 20 KiB/7.2 KiB (r/w)net
I210819 02:09:24.100314 109 gossip/gossip.go:567  [n1] gossip status (ok, 1 node)
gossip client (0/3 cur/max conns)
gossip server (0/3 cur/max conns, infos 0/0 sent/received, bytes 0B/0B sent/received)
I210819 02:09:24.431920 306 server/status/runtime.go:516  [n1] runtime stats: 143 MiB RSS, 344 goroutines, 65 MiB/29 MiB/114 MiB GO alloc/idle/total, 22 MiB/29 MiB CGO alloc/total, 334.5 CGO/sec, 0.3/0.0 %(u/s)time, 0.0 %gc (0x), 267 KiB/22 KiB (r/w)net
I210819 02:09:34.432536 306 server/status/runtime.go:516  [n1] runtime stats: 143 MiB RSS, 343 goroutines, 74 MiB/21 MiB/114 MiB GO alloc/idle/total, 22 MiB/29 MiB CGO alloc/total, 405.2 CGO/sec, 0.5/0.5 %(u/s)time, 0.0 %gc (0x), 2.8 KiB/3.3 KiB (r/w)net
I210819 02:09:44.426052 306 server/status/runtime.go:516  [n1] runtime stats: 144 MiB RSS, 343 goroutines, 81 MiB/15 MiB/114 MiB GO alloc/idle/total, 22 MiB/29 MiB CGO alloc/total, 264.0 CGO/sec, 0.0/0.2 %(u/s)time, 0.0 %gc (0x), 5.7 KiB/2.2 KiB (r/w)net
I210819 02:09:54.440498 306 server/status/runtime.go:516  [n1] runtime stats: 144 MiB RSS, 343 goroutines, 89 MiB/7.5 MiB/114 MiB GO alloc/idle/total, 22 MiB/29 MiB CGO alloc/total, 339.9 CGO/sec, 0.3/0.0 %(u/s)time, 0.0 %gc (0x), 7.8 KiB/6.5 KiB (r/w)net
I210819 02:10:04.430029 306 server/status/runtime.go:516  [n1] runtime stats: 146 MiB RSS, 344 goroutines, 54 MiB/38 MiB/116 MiB GO alloc/idle/total, 22 MiB/29 MiB CGO alloc/total, 322.9 CGO/sec, 0.3/0.2 %(u/s)time, 0.0 %gc (1x), 7.3 MiB/113 KiB (r/w)net
I210819 02:10:14.431233 306 server/status/runtime.go:516  [n1] runtime stats: 146 MiB RSS, 344 goroutines, 61 MiB/32 MiB/116 MiB GO alloc/idle/total, 22 MiB/29 MiB CGO alloc/total, 282.7 CGO/sec, 0.3/0.2 %(u/s)time, 0.0 %gc (0x), 4.2 MiB/70 KiB (r/w)net
I210819 02:10:24.101684 109 gossip/gossip.go:567  [n1] gossip status (ok, 1 node)
gossip client (0/3 cur/max conns)
gossip server (0/3 cur/max conns, infos 0/0 sent/received, bytes 0B/0B sent/received)
I210819 02:10:24.429392 306 server/status/runtime.go:516  [n1] runtime stats: 146 MiB RSS, 344 goroutines, 68 MiB/26 MiB/116 MiB GO alloc/idle/total, 22 MiB/29 MiB CGO alloc/total, 301.6 CGO/sec, 0.3/0.5 %(u/s)time, 0.0 %gc (0x), 3.9 MiB/44 KiB (r/w)net
I210819 02:10:34.431988 306 server/status/runtime.go:516  [n1] runtime stats: 147 MiB RSS, 343 goroutines, 77 MiB/18 MiB/116 MiB GO alloc/idle/total, 22 MiB/29 MiB CGO alloc/total, 416.9 CGO/sec, 0.6/0.0 %(u/s)time, 0.0 %gc (0x), 5.3 MiB/55 KiB (r/w)net
I210819 02:10:44.440789 306 server/status/runtime.go:516  [n1] runtime stats: 147 MiB RSS, 343 goroutines, 84 MiB/12 MiB/116 MiB GO alloc/idle/total, 22 MiB/29 MiB CGO alloc/total, 257.1 CGO/sec, 0.3/0.5 %(u/s)time, 0.0 %gc (0x), 6.9 MiB/71 KiB (r/w)net
I210819 02:10:54.451527 306 server/status/runtime.go:516  [n1] runtime stats: 148 MiB RSS, 343 goroutines, 91 MiB/5.4 MiB/116 MiB GO alloc/idle/total, 22 MiB/29 MiB CGO alloc/total, 279.7 CGO/sec, 0.8/0.2 %(u/s)time, 0.0 %gc (0x), 4.8 MiB/47 KiB (r/w)net
I210819 02:11:04.457115 306 server/status/runtime.go:516  [n1] runtime stats: 149 MiB RSS, 344 goroutines, 54 MiB/42 MiB/117 MiB GO alloc/idle/total, 22 MiB/29 MiB CGO alloc/total, 317.7 CGO/sec, 0.3/0.0 %(u/s)time, 0.0 %gc (1x), 2.5 MiB/32 KiB (r/w)net
I210819 02:11:14.464219 306 server/status/runtime.go:516  [n1] runtime stats: 149 MiB RSS, 344 goroutines, 62 MiB/35 MiB/117 MiB GO alloc/idle/total, 22 MiB/29 MiB CGO alloc/total, 258.3 CGO/sec, 0.3/0.0 %(u/s)time, 0.0 %gc (0x), 2.1 MiB/26 KiB (r/w)net
I210819 02:11:24.099683 109 gossip/gossip.go:567  [n1] gossip status (ok, 1 node)
gossip client (0/3 cur/max conns)
gossip server (0/3 cur/max conns, infos 0/0 sent/received, bytes 0B/0B sent/received)
I210819 02:11:24.470821 306 server/status/runtime.go:516  [n1] runtime stats: 149 MiB RSS, 344 goroutines, 70 MiB/29 MiB/117 MiB GO alloc/idle/total, 22 MiB/29 MiB CGO alloc/total, 307.7 CGO/sec, 0.6/0.0 %(u/s)time, 0.0 %gc (0x), 2.1 MiB/25 KiB (r/w)net
I210819 02:11:34.460149 306 server/status/runtime.go:516  [n1] runtime stats: 150 MiB RSS, 343 goroutines, 79 MiB/21 MiB/117 MiB GO alloc/idle/total, 22 MiB/29 MiB CGO alloc/total, 488.5 CGO/sec, 0.6/0.3 %(u/s)time, 0.0 %gc (0x), 2.5 MiB/29 KiB (r/w)net
I210819 02:11:44.468758 306 server/status/runtime.go:516  [n1] runtime stats: 182 MiB RSS, 346 goroutines, 66 MiB/83 MiB/151 MiB GO alloc/idle/total, 22 MiB/29 MiB CGO alloc/total, 1173.7 CGO/sec, 2.0/1.2 %(u/s)time, 0.0 %gc (2x), 3.1 MiB/146 KiB (r/w)net
I210819 02:11:54.471977 306 server/status/runtime.go:516  [n1] runtime stats: 183 MiB RSS, 349 goroutines, 107 MiB/47 MiB/140 MiB GO alloc/idle/total, 26 MiB/35 MiB CGO alloc/total, 51383.9 CGO/sec, 57.3/1.4 %(u/s)time, 0.0 %gc (15x), 1.8 MiB/21 KiB (r/w)net
I210819 02:12:04.485598 306 server/status/runtime.go:516  [n1] runtime stats: 180 MiB RSS, 350 goroutines, 70 MiB/69 MiB/137 MiB GO alloc/idle/total, 26 MiB/35 MiB CGO alloc/total, 454.6 CGO/sec, 1.1/0.5 %(u/s)time, 0.0 %gc (1x), 13 KiB/6.7 KiB (r/w)net
I210819 02:12:14.488685 306 server/status/runtime.go:516  [n1] runtime stats: 182 MiB RSS, 350 goroutines, 80 MiB/61 MiB/139 MiB GO alloc/idle/total, 27 MiB/35 MiB CGO alloc/total, 260.5 CGO/sec, 0.3/0.1 %(u/s)time, 0.0 %gc (0x), 11 KiB/7.3 KiB (r/w)net
I210819 02:12:24.106152 109 gossip/gossip.go:567  [n1] gossip status (ok, 1 node)
gossip client (0/3 cur/max conns)
gossip server (0/3 cur/max conns, infos 0/0 sent/received, bytes 0B/0B sent/received)
I210819 02:12:24.500940 306 server/status/runtime.go:516  [n1] runtime stats: 183 MiB RSS, 349 goroutines, 87 MiB/53 MiB/139 MiB GO alloc/idle/total, 27 MiB/35 MiB CGO alloc/total, 328.2 CGO/sec, 0.3/0.2 %(u/s)time, 0.0 %gc (0x), 23 KiB/3.4 KiB (r/w)net
I210819 02:12:34.507508 306 server/status/runtime.go:516  [n1] runtime stats: 188 MiB RSS, 349 goroutines, 97 MiB/45 MiB/145 MiB GO alloc/idle/total, 27 MiB/35 MiB CGO alloc/total, 448.1 CGO/sec, 0.3/0.3 %(u/s)time, 0.0 %gc (0x), 96 KiB/45 KiB (r/w)net
I210819 02:12:44.510316 306 server/status/runtime.go:516  [n1] runtime stats: 193 MiB RSS, 349 goroutines, 58 MiB/79 MiB/149 MiB GO alloc/idle/total, 27 MiB/36 MiB CGO alloc/total, 291.8 CGO/sec, 0.2/0.2 %(u/s)time, 0.0 %gc (1x), 1.1 KiB/1.2 KiB (r/w)net
I210819 02:12:48.569215 1 cli/start.go:747  received signal 'interrupt'
I210819 02:12:48.570882 1 cli/start.go:834  initiating graceful shutdown of server
I210819 02:12:50.133945 16088 server/drain.go:173  [server drain process] drain remaining: 7
I210819 02:12:50.135394 16088 server/drain.go:175  [server drain process] drain details: SQL clients: 1, table leases: 5, liveness record: 1
E210819 02:12:50.137527 1 cli/start.go:869  received signal 'interrupt' during shutdown, initiating hard shutdown - node may take longer to restart & clients may need to wait for leases to expire
