I210819 04:54:40.612419 101 util/log/sync_buffer.go:70  [config] file created at: 2021/08/19 04:54:40
I210819 04:54:40.612419 101 util/log/sync_buffer.go:70  [config] running on machine: DESKTOP-GU2JBJ3
I210819 04:54:40.612419 101 util/log/sync_buffer.go:70  [config] binary: CockroachDB CCL v20.1.17 (x86_64-w64-mingw32, built 2021/05/17 16:42:38, go1.13.9)
I210819 04:54:40.612419 101 util/log/sync_buffer.go:70  [config] arguments: [C:\cockroach\cockroach.exe start --insecure --host 127.0.0.1]
I210819 04:54:40.612419 101 util/log/sync_buffer.go:70  line format: [IWEF]yymmdd hh:mm:ss.uuuuuu goid file:line msg utf8=✓
I210819 04:54:40.612417 101 storage/rocksdb.go:102  RocksDB version: 6.2.1
I210819 04:54:40.615551 101 storage/rocksdb.go:102  Git sha rocksdb_build_git_sha:@@
I210819 04:54:40.615559 101 storage/rocksdb.go:102  Compile date May 17 2021
I210819 04:54:40.615570 101 storage/rocksdb.go:102  DB SUMMARY
I210819 04:54:40.615708 101 storage/rocksdb.go:102  SST files in C:\Users\Nothing\Desktop\network\cockroach-data\cockroach-temp250863243 dir, Total Num: 0, files: 
I210819 04:54:40.615715 101 storage/rocksdb.go:102  Write Ahead Log file in C:\Users\Nothing\Desktop\network\cockroach-data\cockroach-temp250863243: 
I210819 04:54:40.615721 101 storage/rocksdb.go:102                          Options.error_if_exists: 0
I210819 04:54:40.615727 101 storage/rocksdb.go:102                        Options.create_if_missing: 1
I210819 04:54:40.615733 101 storage/rocksdb.go:102                          Options.paranoid_checks: 1
I210819 04:54:40.615739 101 storage/rocksdb.go:102                                      Options.env: 00000000106f1280
I210819 04:54:40.615744 101 storage/rocksdb.go:102                                 Options.info_log: 00000000127fe460
I210819 04:54:40.615749 101 storage/rocksdb.go:102                 Options.max_file_opening_threads: 16
I210819 04:54:40.615755 101 storage/rocksdb.go:102                               Options.statistics: 00000000106ff6b0
I210819 04:54:40.615760 101 storage/rocksdb.go:102                                Options.use_fsync: 0
I210819 04:54:40.615766 101 storage/rocksdb.go:102                        Options.max_log_file_size: 0
I210819 04:54:40.615788 101 storage/rocksdb.go:102                   Options.max_manifest_file_size: 134217728
I210819 04:54:40.615797 101 storage/rocksdb.go:102                    Options.log_file_time_to_roll: 0
I210819 04:54:40.615804 101 storage/rocksdb.go:102                        Options.keep_log_file_num: 1000
I210819 04:54:40.615810 101 storage/rocksdb.go:102                     Options.recycle_log_file_num: 1
I210819 04:54:40.615815 101 storage/rocksdb.go:102                          Options.allow_fallocate: 1
I210819 04:54:40.615824 101 storage/rocksdb.go:102                         Options.allow_mmap_reads: 0
I210819 04:54:40.615830 101 storage/rocksdb.go:102                        Options.allow_mmap_writes: 0
I210819 04:54:40.615835 101 storage/rocksdb.go:102                         Options.use_direct_reads: 0
I210819 04:54:40.615842 101 storage/rocksdb.go:102                         Options.use_direct_io_for_flush_and_compaction: 0
I210819 04:54:40.615848 101 storage/rocksdb.go:102           Options.create_missing_column_families: 0
I210819 04:54:40.615854 101 storage/rocksdb.go:102                               Options.db_log_dir: 
I210819 04:54:40.615860 101 storage/rocksdb.go:102                                  Options.wal_dir: C:\Users\Nothing\Desktop\network\cockroach-data\cockroach-temp250863243
I210819 04:54:40.615865 101 storage/rocksdb.go:102                 Options.table_cache_numshardbits: 6
I210819 04:54:40.615871 101 storage/rocksdb.go:102                       Options.max_subcompactions: 1
I210819 04:54:40.615877 101 storage/rocksdb.go:102                   Options.max_background_flushes: -1
I210819 04:54:40.615883 101 storage/rocksdb.go:102                          Options.WAL_ttl_seconds: 0
I210819 04:54:40.615889 101 storage/rocksdb.go:102                        Options.WAL_size_limit_MB: 0
I210819 04:54:40.615894 101 storage/rocksdb.go:102              Options.manifest_preallocation_size: 4194304
I210819 04:54:40.615900 101 storage/rocksdb.go:102                      Options.is_fd_close_on_exec: 1
I210819 04:54:40.615906 101 storage/rocksdb.go:102                    Options.advise_random_on_open: 1
I210819 04:54:40.615911 101 storage/rocksdb.go:102                     Options.db_write_buffer_size: 0
I210819 04:54:40.615917 101 storage/rocksdb.go:102                     Options.write_buffer_manager: 00000000127c92e0
I210819 04:54:40.615923 101 storage/rocksdb.go:102          Options.access_hint_on_compaction_start: 1
I210819 04:54:40.615928 101 storage/rocksdb.go:102   Options.new_table_reader_for_compaction_inputs: 0
I210819 04:54:40.615942 101 storage/rocksdb.go:102            Options.random_access_max_buffer_size: 1048576
I210819 04:54:40.615948 101 storage/rocksdb.go:102                       Options.use_adaptive_mutex: 0
I210819 04:54:40.615955 101 storage/rocksdb.go:102                             Options.rate_limiter: 0000000000000000
I210819 04:54:40.615968 101 storage/rocksdb.go:102      Options.sst_file_manager.rate_bytes_per_sec: 0
I210819 04:54:40.615974 101 storage/rocksdb.go:102                        Options.wal_recovery_mode: 0
I210819 04:54:40.615980 101 storage/rocksdb.go:102                   Options.enable_thread_tracking: 0
I210819 04:54:40.615988 101 storage/rocksdb.go:102                   Options.enable_pipelined_write: 0
I210819 04:54:40.615994 101 storage/rocksdb.go:102          Options.allow_concurrent_memtable_write: 1
I210819 04:54:40.615999 101 storage/rocksdb.go:102       Options.enable_write_thread_adaptive_yield: 1
I210819 04:54:40.616018 101 storage/rocksdb.go:102              Options.write_thread_max_yield_usec: 100
I210819 04:54:40.616032 101 storage/rocksdb.go:102             Options.write_thread_slow_yield_usec: 3
I210819 04:54:40.616041 101 storage/rocksdb.go:102                                Options.row_cache: None
I210819 04:54:40.616050 101 storage/rocksdb.go:102                               Options.wal_filter: None
I210819 04:54:40.616059 101 storage/rocksdb.go:102              Options.avoid_flush_during_recovery: 0
I210819 04:54:40.616068 101 storage/rocksdb.go:102              Options.allow_ingest_behind: 0
I210819 04:54:40.616077 101 storage/rocksdb.go:102              Options.preserve_deletes: 0
I210819 04:54:40.616082 101 storage/rocksdb.go:102              Options.two_write_queues: 0
I210819 04:54:40.616085 101 storage/rocksdb.go:102              Options.manual_wal_flush: 1
I210819 04:54:40.616091 101 storage/rocksdb.go:102              Options.atomic_flush: 0
I210819 04:54:40.616094 101 storage/rocksdb.go:102              Options.avoid_unnecessary_blocking_io: 0
I210819 04:54:40.616097 101 storage/rocksdb.go:102              Options.max_background_jobs: 4
I210819 04:54:40.616100 101 storage/rocksdb.go:102              Options.max_background_compactions: -1
I210819 04:54:40.616108 101 storage/rocksdb.go:102              Options.avoid_flush_during_shutdown: 0
I210819 04:54:40.616117 101 storage/rocksdb.go:102            Options.writable_file_max_buffer_size: 1048576
I210819 04:54:40.616126 101 storage/rocksdb.go:102              Options.delayed_write_rate : 16777216
I210819 04:54:40.616134 101 storage/rocksdb.go:102              Options.max_total_wal_size: 0
I210819 04:54:40.616142 101 storage/rocksdb.go:102              Options.delete_obsolete_files_period_micros: 21600000000
I210819 04:54:40.616150 101 storage/rocksdb.go:102                    Options.stats_dump_period_sec: 0
I210819 04:54:40.616157 101 storage/rocksdb.go:102                  Options.stats_persist_period_sec: 600
I210819 04:54:40.616163 101 storage/rocksdb.go:102                  Options.stats_history_buffer_size: 1048576
I210819 04:54:40.616168 101 storage/rocksdb.go:102                           Options.max_open_files: 128
I210819 04:54:40.616176 101 storage/rocksdb.go:102                           Options.bytes_per_sync: 524288
I210819 04:54:40.616184 101 storage/rocksdb.go:102                       Options.wal_bytes_per_sync: 0
I210819 04:54:40.616189 101 storage/rocksdb.go:102                    Options.strict_bytes_per_sync: 1
I210819 04:54:40.616193 101 storage/rocksdb.go:102        Options.compaction_readahead_size: 0
I210819 04:54:40.616197 101 storage/rocksdb.go:102  Compression algorithms supported:
I210819 04:54:40.616201 101 storage/rocksdb.go:102  	kZSTDNotFinalCompression supported: 0
I210819 04:54:40.616206 101 storage/rocksdb.go:102  	kZSTD supported: 0
I210819 04:54:40.616214 101 storage/rocksdb.go:102  	kXpressCompression supported: 0
I210819 04:54:40.616221 101 storage/rocksdb.go:102  	kLZ4HCCompression supported: 0
I210819 04:54:40.616237 101 storage/rocksdb.go:102  	kLZ4Compression supported: 0
I210819 04:54:40.616245 101 storage/rocksdb.go:102  	kBZip2Compression supported: 0
I210819 04:54:40.616254 101 storage/rocksdb.go:102  	kZlibCompression supported: 0
I210819 04:54:40.616260 101 storage/rocksdb.go:102  	kSnappyCompression supported: 1
I210819 04:54:40.616267 101 storage/rocksdb.go:102  Fast CRC32 supported: Supported on x86
I210819 04:54:40.617143 101 storage/rocksdb.go:102  [db/db_impl_open.cc:242] Creating manifest 1 
I210819 04:54:40.638397 101 storage/rocksdb.go:102  [db/version_set.cc:4072] Recovering from manifest file: C:\Users\Nothing\Desktop\network\cockroach-data\cockroach-temp250863243/MANIFEST-000001
I210819 04:54:40.640480 101 storage/rocksdb.go:102  [db/column_family.cc:488] --------------- Options for column family [default]:
I210819 04:54:40.640493 101 storage/rocksdb.go:102                Options.comparator: cockroach_comparator
I210819 04:54:40.640501 101 storage/rocksdb.go:102            Options.merge_operator: cockroach_merge_operator
I210819 04:54:40.640507 101 storage/rocksdb.go:102         Options.compaction_filter: None
I210819 04:54:40.640513 101 storage/rocksdb.go:102         Options.compaction_filter_factory: None
I210819 04:54:40.640519 101 storage/rocksdb.go:102          Options.memtable_factory: SkipListFactory
I210819 04:54:40.640524 101 storage/rocksdb.go:102             Options.table_factory: BlockBasedTable
I210819 04:54:40.640596 101 storage/rocksdb.go:102             table_factory options:   flush_block_policy_factory: FlushBlockBySizePolicyFactory (00000000106d1048)
  cache_index_and_filter_blocks: 0
  cache_index_and_filter_blocks_with_high_priority: 0
  pin_l0_filter_and_index_blocks_in_cache: 0
  pin_top_level_index_and_filter: 1
  index_type: 0
  data_block_index_type: 0
  index_shortening: 1
  data_block_hash_table_util_ratio: 0.750000
  hash_index_allow_collision: 1
  checksum: 1
  no_block_cache: 0
  block_cache: 0000000012801370
  block_cache_name: LRUCache
  block_cache_options:
    capacity : 1048576
    num_shard_bits : 4
    strict_capacity_limit : 0
    memory_allocator : None
    high_pri_pool_ratio: 0.000
  block_cache_compressed: 0000000000000000
  persistent_cache: 0000000000000000
  block_size: 32768
  block_size_deviation: 10
  block_restart_interval: 16
  index_block_restart_interval: 1
  metadata_block_size: 4096
  partition_filters: 0
  use_delta_encoding: 1
  filter_policy: rocksdb.BuiltinBloomFilter
  whole_key_filtering: 0
  verify_compression: 0
  read_amp_bytes_per_bit: 0
  format_version: 2
  enable_index_compression: 1
  block_align: 0
I210819 04:54:40.640607 101 storage/rocksdb.go:102         Options.write_buffer_size: 67108864
I210819 04:54:40.640615 101 storage/rocksdb.go:102   Options.max_write_buffer_number: 4
I210819 04:54:40.640662 101 storage/rocksdb.go:102           Options.compression: Snappy
I210819 04:54:40.640673 101 storage/rocksdb.go:102                   Options.bottommost_compression: Disabled
I210819 04:54:40.640682 101 storage/rocksdb.go:102        Options.prefix_extractor: cockroach_prefix_extractor
I210819 04:54:40.640690 101 storage/rocksdb.go:102    Options.memtable_insert_with_hint_prefix_extractor: nullptr
I210819 04:54:40.640697 101 storage/rocksdb.go:102              Options.num_levels: 7
I210819 04:54:40.640704 101 storage/rocksdb.go:102         Options.min_write_buffer_number_to_merge: 1
I210819 04:54:40.640711 101 storage/rocksdb.go:102      Options.max_write_buffer_number_to_maintain: 0
I210819 04:54:40.640718 101 storage/rocksdb.go:102             Options.bottommost_compression_opts.window_bits: -14
I210819 04:54:40.640725 101 storage/rocksdb.go:102                   Options.bottommost_compression_opts.level: 32767
I210819 04:54:40.640733 101 storage/rocksdb.go:102                Options.bottommost_compression_opts.strategy: 0
I210819 04:54:40.640741 101 storage/rocksdb.go:102          Options.bottommost_compression_opts.max_dict_bytes: 0
I210819 04:54:40.640748 101 storage/rocksdb.go:102          Options.bottommost_compression_opts.zstd_max_train_bytes: 0
I210819 04:54:40.640757 101 storage/rocksdb.go:102                   Options.bottommost_compression_opts.enabled: false
I210819 04:54:40.640766 101 storage/rocksdb.go:102             Options.compression_opts.window_bits: -14
I210819 04:54:40.640774 101 storage/rocksdb.go:102                   Options.compression_opts.level: 32767
I210819 04:54:40.640782 101 storage/rocksdb.go:102                Options.compression_opts.strategy: 0
I210819 04:54:40.640790 101 storage/rocksdb.go:102          Options.compression_opts.max_dict_bytes: 0
I210819 04:54:40.640796 101 storage/rocksdb.go:102          Options.compression_opts.zstd_max_train_bytes: 0
I210819 04:54:40.640801 101 storage/rocksdb.go:102                   Options.compression_opts.enabled: false
I210819 04:54:40.640809 101 storage/rocksdb.go:102       Options.level0_file_num_compaction_trigger: 2
I210819 04:54:40.640816 101 storage/rocksdb.go:102           Options.level0_slowdown_writes_trigger: 950
I210819 04:54:40.640822 101 storage/rocksdb.go:102               Options.level0_stop_writes_trigger: 1000
I210819 04:54:40.640830 101 storage/rocksdb.go:102                    Options.target_file_size_base: 4194304
I210819 04:54:40.640837 101 storage/rocksdb.go:102              Options.target_file_size_multiplier: 2
I210819 04:54:40.640844 101 storage/rocksdb.go:102                 Options.max_bytes_for_level_base: 67108864
I210819 04:54:40.640851 101 storage/rocksdb.go:102  Options.level_compaction_dynamic_level_bytes: 1
I210819 04:54:40.640860 101 storage/rocksdb.go:102           Options.max_bytes_for_level_multiplier: 10.000000
I210819 04:54:40.640867 101 storage/rocksdb.go:102  Options.max_bytes_for_level_multiplier_addtl[0]: 1
I210819 04:54:40.640873 101 storage/rocksdb.go:102  Options.max_bytes_for_level_multiplier_addtl[1]: 1
I210819 04:54:40.640880 101 storage/rocksdb.go:102  Options.max_bytes_for_level_multiplier_addtl[2]: 1
I210819 04:54:40.640887 101 storage/rocksdb.go:102  Options.max_bytes_for_level_multiplier_addtl[3]: 1
I210819 04:54:40.640894 101 storage/rocksdb.go:102  Options.max_bytes_for_level_multiplier_addtl[4]: 1
I210819 04:54:40.640900 101 storage/rocksdb.go:102  Options.max_bytes_for_level_multiplier_addtl[5]: 1
I210819 04:54:40.640907 101 storage/rocksdb.go:102  Options.max_bytes_for_level_multiplier_addtl[6]: 1
I210819 04:54:40.640914 101 storage/rocksdb.go:102        Options.max_sequential_skip_in_iterations: 8
I210819 04:54:40.640921 101 storage/rocksdb.go:102                     Options.max_compaction_bytes: 104857600
I210819 04:54:40.640927 101 storage/rocksdb.go:102                         Options.arena_block_size: 8388608
I210819 04:54:40.640934 101 storage/rocksdb.go:102    Options.soft_pending_compaction_bytes_limit: 2199023255552
I210819 04:54:40.640941 101 storage/rocksdb.go:102    Options.hard_pending_compaction_bytes_limit: 4400193994752
I210819 04:54:40.640948 101 storage/rocksdb.go:102        Options.rate_limit_delay_max_milliseconds: 100
I210819 04:54:40.640955 101 storage/rocksdb.go:102                 Options.disable_auto_compactions: 0
I210819 04:54:40.640965 101 storage/rocksdb.go:102                         Options.compaction_style: kCompactionStyleLevel
I210819 04:54:40.640973 101 storage/rocksdb.go:102                           Options.compaction_pri: kMinOverlappingRatio
I210819 04:54:40.640981 101 storage/rocksdb.go:102  Options.compaction_options_universal.size_ratio: 1
I210819 04:54:40.640989 101 storage/rocksdb.go:102  Options.compaction_options_universal.min_merge_width: 2
I210819 04:54:40.640996 101 storage/rocksdb.go:102  Options.compaction_options_universal.max_merge_width: 4294967295
I210819 04:54:40.641004 101 storage/rocksdb.go:102  Options.compaction_options_universal.max_size_amplification_percent: 200
I210819 04:54:40.641011 101 storage/rocksdb.go:102  Options.compaction_options_universal.compression_size_percent: -1
I210819 04:54:40.641019 101 storage/rocksdb.go:102  Options.compaction_options_universal.stop_style: kCompactionStopStyleTotalSize
I210819 04:54:40.641027 101 storage/rocksdb.go:102  Options.compaction_options_fifo.max_table_files_size: 1073741824
I210819 04:54:40.641037 101 storage/rocksdb.go:102  Options.compaction_options_fifo.allow_compaction: 0
I210819 04:54:40.641052 101 storage/rocksdb.go:102                    Options.table_properties_collectors: TimeBoundTblPropCollectorFactory; DeleteRangeTblPropCollectorFactory; 
I210819 04:54:40.641064 101 storage/rocksdb.go:102                    Options.inplace_update_support: 0
I210819 04:54:40.641071 101 storage/rocksdb.go:102                  Options.inplace_update_num_locks: 10000
I210819 04:54:40.641078 101 storage/rocksdb.go:102                Options.memtable_prefix_bloom_size_ratio: 0.000000
I210819 04:54:40.641085 101 storage/rocksdb.go:102                Options.memtable_whole_key_filtering: 0
I210819 04:54:40.641091 101 storage/rocksdb.go:102    Options.memtable_huge_page_size: 0
I210819 04:54:40.641097 101 storage/rocksdb.go:102                            Options.bloom_locality: 0
I210819 04:54:40.641104 101 storage/rocksdb.go:102                     Options.max_successive_merges: 0
I210819 04:54:40.641112 101 storage/rocksdb.go:102                 Options.optimize_filters_for_hits: 1
I210819 04:54:40.641119 101 storage/rocksdb.go:102                 Options.paranoid_file_checks: 0
I210819 04:54:40.641125 101 storage/rocksdb.go:102                 Options.force_consistency_checks: 0
I210819 04:54:40.641159 101 storage/rocksdb.go:102                 Options.report_bg_io_stats: 0
I210819 04:54:40.641168 101 storage/rocksdb.go:102                                Options.ttl: 0
I210819 04:54:40.641175 101 storage/rocksdb.go:102           Options.periodic_compaction_seconds: 0
I210819 04:54:40.643456 101 storage/rocksdb.go:102  [db/version_set.cc:4286] Recovered from manifest file:C:\Users\Nothing\Desktop\network\cockroach-data\cockroach-temp250863243/MANIFEST-000001 succeeded,manifest_file_number is 1, next_file_number is 3, last_sequence is 0, log_number is 0,prev_log_number is 0,max_column_family is 0,min_log_number_to_keep is 0
I210819 04:54:40.643467 101 storage/rocksdb.go:102  [db/version_set.cc:4295] Column family [default] (ID 0), log number is 0
I210819 04:54:40.662797 101 storage/rocksdb.go:102  DB pointer 000000001613e000
I210819 04:54:43.328584 101 storage/rocksdb.go:102  RocksDB version: 6.2.1
I210819 04:54:43.328589 101 storage/rocksdb.go:102  Git sha rocksdb_build_git_sha:@@
I210819 04:54:43.328592 101 storage/rocksdb.go:102  Compile date May 17 2021
I210819 04:54:43.328595 101 storage/rocksdb.go:102  DB SUMMARY
I210819 04:54:43.328779 101 storage/rocksdb.go:102  CURRENT file:  CURRENT
I210819 04:54:43.328783 101 storage/rocksdb.go:102  IDENTITY file:  IDENTITY
I210819 04:54:43.328813 101 storage/rocksdb.go:102  MANIFEST file:  MANIFEST-000022 size: 625 Bytes
I210819 04:54:43.328818 101 storage/rocksdb.go:102  SST files in C:\Users\Nothing\Desktop\network\cockroach-data dir, Total Num: 2, files: 000031.sst 000033.sst 
I210819 04:54:43.328822 101 storage/rocksdb.go:102  Write Ahead Log file in C:\Users\Nothing\Desktop\network\cockroach-data: 000029.log size: 59805732 ; 000032.log size: 33759089 ; 
I210819 04:54:43.328826 101 storage/rocksdb.go:102                          Options.error_if_exists: 0
I210819 04:54:43.328829 101 storage/rocksdb.go:102                        Options.create_if_missing: 1
I210819 04:54:43.328832 101 storage/rocksdb.go:102                          Options.paranoid_checks: 1
I210819 04:54:43.328835 101 storage/rocksdb.go:102                                      Options.env: 00000000106f1280
I210819 04:54:43.328838 101 storage/rocksdb.go:102                                 Options.info_log: 00000000157d10c0
I210819 04:54:43.328841 101 storage/rocksdb.go:102                 Options.max_file_opening_threads: 16
I210819 04:54:43.328844 101 storage/rocksdb.go:102                               Options.statistics: 0000000015e29010
I210819 04:54:43.328847 101 storage/rocksdb.go:102                                Options.use_fsync: 0
I210819 04:54:43.328850 101 storage/rocksdb.go:102                        Options.max_log_file_size: 0
I210819 04:54:43.328853 101 storage/rocksdb.go:102                   Options.max_manifest_file_size: 134217728
I210819 04:54:43.328856 101 storage/rocksdb.go:102                    Options.log_file_time_to_roll: 0
I210819 04:54:43.328858 101 storage/rocksdb.go:102                        Options.keep_log_file_num: 1000
I210819 04:54:43.328861 101 storage/rocksdb.go:102                     Options.recycle_log_file_num: 1
I210819 04:54:43.328864 101 storage/rocksdb.go:102                          Options.allow_fallocate: 1
I210819 04:54:43.328867 101 storage/rocksdb.go:102                         Options.allow_mmap_reads: 0
I210819 04:54:43.328870 101 storage/rocksdb.go:102                        Options.allow_mmap_writes: 0
I210819 04:54:43.328873 101 storage/rocksdb.go:102                         Options.use_direct_reads: 0
I210819 04:54:43.328876 101 storage/rocksdb.go:102                         Options.use_direct_io_for_flush_and_compaction: 0
I210819 04:54:43.328878 101 storage/rocksdb.go:102           Options.create_missing_column_families: 0
I210819 04:54:43.328881 101 storage/rocksdb.go:102                               Options.db_log_dir: 
I210819 04:54:43.328884 101 storage/rocksdb.go:102                                  Options.wal_dir: C:\Users\Nothing\Desktop\network\cockroach-data
I210819 04:54:43.328887 101 storage/rocksdb.go:102                 Options.table_cache_numshardbits: 6
I210819 04:54:43.328890 101 storage/rocksdb.go:102                       Options.max_subcompactions: 1
I210819 04:54:43.328893 101 storage/rocksdb.go:102                   Options.max_background_flushes: -1
I210819 04:54:43.328896 101 storage/rocksdb.go:102                          Options.WAL_ttl_seconds: 0
I210819 04:54:43.328899 101 storage/rocksdb.go:102                        Options.WAL_size_limit_MB: 0
I210819 04:54:43.328902 101 storage/rocksdb.go:102              Options.manifest_preallocation_size: 4194304
I210819 04:54:43.328905 101 storage/rocksdb.go:102                      Options.is_fd_close_on_exec: 1
I210819 04:54:43.328907 101 storage/rocksdb.go:102                    Options.advise_random_on_open: 1
I210819 04:54:43.328910 101 storage/rocksdb.go:102                     Options.db_write_buffer_size: 0
I210819 04:54:43.328913 101 storage/rocksdb.go:102                     Options.write_buffer_manager: 0000000015ef10c0
I210819 04:54:43.328916 101 storage/rocksdb.go:102          Options.access_hint_on_compaction_start: 1
I210819 04:54:43.328919 101 storage/rocksdb.go:102   Options.new_table_reader_for_compaction_inputs: 0
I210819 04:54:43.328922 101 storage/rocksdb.go:102            Options.random_access_max_buffer_size: 1048576
I210819 04:54:43.328924 101 storage/rocksdb.go:102                       Options.use_adaptive_mutex: 0
I210819 04:54:43.328927 101 storage/rocksdb.go:102                             Options.rate_limiter: 0000000000000000
I210819 04:54:43.328931 101 storage/rocksdb.go:102      Options.sst_file_manager.rate_bytes_per_sec: 0
I210819 04:54:43.328938 101 storage/rocksdb.go:102                        Options.wal_recovery_mode: 0
I210819 04:54:43.328942 101 storage/rocksdb.go:102                   Options.enable_thread_tracking: 0
I210819 04:54:43.328945 101 storage/rocksdb.go:102                   Options.enable_pipelined_write: 0
I210819 04:54:43.328948 101 storage/rocksdb.go:102          Options.allow_concurrent_memtable_write: 1
I210819 04:54:43.328951 101 storage/rocksdb.go:102       Options.enable_write_thread_adaptive_yield: 1
I210819 04:54:43.328954 101 storage/rocksdb.go:102              Options.write_thread_max_yield_usec: 100
I210819 04:54:43.328957 101 storage/rocksdb.go:102             Options.write_thread_slow_yield_usec: 3
I210819 04:54:43.328960 101 storage/rocksdb.go:102                                Options.row_cache: None
I210819 04:54:43.328963 101 storage/rocksdb.go:102                               Options.wal_filter: None
I210819 04:54:43.328966 101 storage/rocksdb.go:102              Options.avoid_flush_during_recovery: 0
I210819 04:54:43.328969 101 storage/rocksdb.go:102              Options.allow_ingest_behind: 0
I210819 04:54:43.328972 101 storage/rocksdb.go:102              Options.preserve_deletes: 0
I210819 04:54:43.328975 101 storage/rocksdb.go:102              Options.two_write_queues: 0
I210819 04:54:43.328977 101 storage/rocksdb.go:102              Options.manual_wal_flush: 1
I210819 04:54:43.328980 101 storage/rocksdb.go:102              Options.atomic_flush: 0
I210819 04:54:43.328983 101 storage/rocksdb.go:102              Options.avoid_unnecessary_blocking_io: 0
I210819 04:54:43.328986 101 storage/rocksdb.go:102              Options.max_background_jobs: 4
I210819 04:54:43.328989 101 storage/rocksdb.go:102              Options.max_background_compactions: -1
I210819 04:54:43.328992 101 storage/rocksdb.go:102              Options.avoid_flush_during_shutdown: 0
I210819 04:54:43.328995 101 storage/rocksdb.go:102            Options.writable_file_max_buffer_size: 1048576
I210819 04:54:43.328998 101 storage/rocksdb.go:102              Options.delayed_write_rate : 16777216
I210819 04:54:43.329001 101 storage/rocksdb.go:102              Options.max_total_wal_size: 0
I210819 04:54:43.329004 101 storage/rocksdb.go:102              Options.delete_obsolete_files_period_micros: 21600000000
I210819 04:54:43.329007 101 storage/rocksdb.go:102                    Options.stats_dump_period_sec: 0
I210819 04:54:43.329010 101 storage/rocksdb.go:102                  Options.stats_persist_period_sec: 600
I210819 04:54:43.329013 101 storage/rocksdb.go:102                  Options.stats_history_buffer_size: 1048576
I210819 04:54:43.329016 101 storage/rocksdb.go:102                           Options.max_open_files: 10000
I210819 04:54:43.329019 101 storage/rocksdb.go:102                           Options.bytes_per_sync: 524288
I210819 04:54:43.329022 101 storage/rocksdb.go:102                       Options.wal_bytes_per_sync: 0
I210819 04:54:43.329024 101 storage/rocksdb.go:102                    Options.strict_bytes_per_sync: 1
I210819 04:54:43.329027 101 storage/rocksdb.go:102        Options.compaction_readahead_size: 0
I210819 04:54:43.329030 101 storage/rocksdb.go:102  Compression algorithms supported:
I210819 04:54:43.329033 101 storage/rocksdb.go:102  	kZSTDNotFinalCompression supported: 0
I210819 04:54:43.329036 101 storage/rocksdb.go:102  	kZSTD supported: 0
I210819 04:54:43.329040 101 storage/rocksdb.go:102  	kXpressCompression supported: 0
I210819 04:54:43.329043 101 storage/rocksdb.go:102  	kLZ4HCCompression supported: 0
I210819 04:54:43.329046 101 storage/rocksdb.go:102  	kLZ4Compression supported: 0
I210819 04:54:43.329049 101 storage/rocksdb.go:102  	kBZip2Compression supported: 0
I210819 04:54:43.329052 101 storage/rocksdb.go:102  	kZlibCompression supported: 0
I210819 04:54:43.329055 101 storage/rocksdb.go:102  	kSnappyCompression supported: 1
I210819 04:54:43.329059 101 storage/rocksdb.go:102  Fast CRC32 supported: Supported on x86
I210819 04:54:43.329489 101 storage/rocksdb.go:102  [db/version_set.cc:4072] Recovering from manifest file: C:\Users\Nothing\Desktop\network\cockroach-data/MANIFEST-000022
I210819 04:54:43.329582 101 storage/rocksdb.go:102  [db/column_family.cc:488] --------------- Options for column family [default]:
I210819 04:54:43.329586 101 storage/rocksdb.go:102                Options.comparator: cockroach_comparator
I210819 04:54:43.329589 101 storage/rocksdb.go:102            Options.merge_operator: cockroach_merge_operator
I210819 04:54:43.329592 101 storage/rocksdb.go:102         Options.compaction_filter: None
I210819 04:54:43.329595 101 storage/rocksdb.go:102         Options.compaction_filter_factory: None
I210819 04:54:43.329598 101 storage/rocksdb.go:102          Options.memtable_factory: SkipListFactory
I210819 04:54:43.329601 101 storage/rocksdb.go:102             Options.table_factory: BlockBasedTable
I210819 04:54:43.329635 101 storage/rocksdb.go:102             table_factory options:   flush_block_policy_factory: FlushBlockBySizePolicyFactory (0000000015e28028)
  cache_index_and_filter_blocks: 0
  cache_index_and_filter_blocks_with_high_priority: 0
  pin_l0_filter_and_index_blocks_in_cache: 0
  pin_top_level_index_and_filter: 1
  index_type: 0
  data_block_index_type: 0
  index_shortening: 1
  data_block_hash_table_util_ratio: 0.750000
  hash_index_allow_collision: 1
  checksum: 1
  no_block_cache: 0
  block_cache: 00000000157d2010
  block_cache_name: LRUCache
  block_cache_options:
    capacity : 67108864
    num_shard_bits : 4
    strict_capacity_limit : 0
    memory_allocator : None
    high_pri_pool_ratio: 0.000
  block_cache_compressed: 0000000000000000
  persistent_cache: 0000000000000000
  block_size: 32768
  block_size_deviation: 10
  block_restart_interval: 16
  index_block_restart_interval: 1
  metadata_block_size: 4096
  partition_filters: 0
  use_delta_encoding: 1
  filter_policy: rocksdb.BuiltinBloomFilter
  whole_key_filtering: 0
  verify_compression: 0
  read_amp_bytes_per_bit: 0
  format_version: 2
  enable_index_compression: 1
  block_align: 0
I210819 04:54:43.329639 101 storage/rocksdb.go:102         Options.write_buffer_size: 67108864
I210819 04:54:43.329644 101 storage/rocksdb.go:102   Options.max_write_buffer_number: 4
I210819 04:54:43.329647 101 storage/rocksdb.go:102           Options.compression: Snappy
I210819 04:54:43.329650 101 storage/rocksdb.go:102                   Options.bottommost_compression: Disabled
I210819 04:54:43.329653 101 storage/rocksdb.go:102        Options.prefix_extractor: cockroach_prefix_extractor
I210819 04:54:43.329656 101 storage/rocksdb.go:102    Options.memtable_insert_with_hint_prefix_extractor: nullptr
I210819 04:54:43.329659 101 storage/rocksdb.go:102              Options.num_levels: 7
I210819 04:54:43.329662 101 storage/rocksdb.go:102         Options.min_write_buffer_number_to_merge: 1
I210819 04:54:43.329665 101 storage/rocksdb.go:102      Options.max_write_buffer_number_to_maintain: 0
I210819 04:54:43.329668 101 storage/rocksdb.go:102             Options.bottommost_compression_opts.window_bits: -14
I210819 04:54:43.329671 101 storage/rocksdb.go:102                   Options.bottommost_compression_opts.level: 32767
I210819 04:54:43.329674 101 storage/rocksdb.go:102                Options.bottommost_compression_opts.strategy: 0
I210819 04:54:43.329677 101 storage/rocksdb.go:102          Options.bottommost_compression_opts.max_dict_bytes: 0
I210819 04:54:43.329680 101 storage/rocksdb.go:102          Options.bottommost_compression_opts.zstd_max_train_bytes: 0
I210819 04:54:43.329682 101 storage/rocksdb.go:102                   Options.bottommost_compression_opts.enabled: false
I210819 04:54:43.329685 101 storage/rocksdb.go:102             Options.compression_opts.window_bits: -14
I210819 04:54:43.329688 101 storage/rocksdb.go:102                   Options.compression_opts.level: 32767
I210819 04:54:43.329691 101 storage/rocksdb.go:102                Options.compression_opts.strategy: 0
I210819 04:54:43.329694 101 storage/rocksdb.go:102          Options.compression_opts.max_dict_bytes: 0
I210819 04:54:43.329697 101 storage/rocksdb.go:102          Options.compression_opts.zstd_max_train_bytes: 0
I210819 04:54:43.329700 101 storage/rocksdb.go:102                   Options.compression_opts.enabled: false
I210819 04:54:43.329703 101 storage/rocksdb.go:102       Options.level0_file_num_compaction_trigger: 2
I210819 04:54:43.329706 101 storage/rocksdb.go:102           Options.level0_slowdown_writes_trigger: 950
I210819 04:54:43.329709 101 storage/rocksdb.go:102               Options.level0_stop_writes_trigger: 1000
I210819 04:54:43.329712 101 storage/rocksdb.go:102                    Options.target_file_size_base: 4194304
I210819 04:54:43.329715 101 storage/rocksdb.go:102              Options.target_file_size_multiplier: 2
I210819 04:54:43.329718 101 storage/rocksdb.go:102                 Options.max_bytes_for_level_base: 67108864
I210819 04:54:43.329720 101 storage/rocksdb.go:102  Options.level_compaction_dynamic_level_bytes: 1
I210819 04:54:43.329724 101 storage/rocksdb.go:102           Options.max_bytes_for_level_multiplier: 10.000000
I210819 04:54:43.329727 101 storage/rocksdb.go:102  Options.max_bytes_for_level_multiplier_addtl[0]: 1
I210819 04:54:43.329730 101 storage/rocksdb.go:102  Options.max_bytes_for_level_multiplier_addtl[1]: 1
I210819 04:54:43.329733 101 storage/rocksdb.go:102  Options.max_bytes_for_level_multiplier_addtl[2]: 1
I210819 04:54:43.329736 101 storage/rocksdb.go:102  Options.max_bytes_for_level_multiplier_addtl[3]: 1
I210819 04:54:43.329739 101 storage/rocksdb.go:102  Options.max_bytes_for_level_multiplier_addtl[4]: 1
I210819 04:54:43.329741 101 storage/rocksdb.go:102  Options.max_bytes_for_level_multiplier_addtl[5]: 1
I210819 04:54:43.329744 101 storage/rocksdb.go:102  Options.max_bytes_for_level_multiplier_addtl[6]: 1
I210819 04:54:43.329747 101 storage/rocksdb.go:102        Options.max_sequential_skip_in_iterations: 8
I210819 04:54:43.329750 101 storage/rocksdb.go:102                     Options.max_compaction_bytes: 104857600
I210819 04:54:43.329753 101 storage/rocksdb.go:102                         Options.arena_block_size: 8388608
I210819 04:54:43.329756 101 storage/rocksdb.go:102    Options.soft_pending_compaction_bytes_limit: 2199023255552
I210819 04:54:43.329759 101 storage/rocksdb.go:102    Options.hard_pending_compaction_bytes_limit: 4400193994752
I210819 04:54:43.329761 101 storage/rocksdb.go:102        Options.rate_limit_delay_max_milliseconds: 100
I210819 04:54:43.329764 101 storage/rocksdb.go:102                 Options.disable_auto_compactions: 0
I210819 04:54:43.330175 101 storage/rocksdb.go:102                         Options.compaction_style: kCompactionStyleLevel
I210819 04:54:43.330187 101 storage/rocksdb.go:102                           Options.compaction_pri: kMinOverlappingRatio
I210819 04:54:43.330195 101 storage/rocksdb.go:102  Options.compaction_options_universal.size_ratio: 1
I210819 04:54:43.330201 101 storage/rocksdb.go:102  Options.compaction_options_universal.min_merge_width: 2
I210819 04:54:43.330212 101 storage/rocksdb.go:102  Options.compaction_options_universal.max_merge_width: 4294967295
I210819 04:54:43.330218 101 storage/rocksdb.go:102  Options.compaction_options_universal.max_size_amplification_percent: 200
I210819 04:54:43.330224 101 storage/rocksdb.go:102  Options.compaction_options_universal.compression_size_percent: -1
I210819 04:54:43.330232 101 storage/rocksdb.go:102  Options.compaction_options_universal.stop_style: kCompactionStopStyleTotalSize
I210819 04:54:43.330239 101 storage/rocksdb.go:102  Options.compaction_options_fifo.max_table_files_size: 1073741824
I210819 04:54:43.330244 101 storage/rocksdb.go:102  Options.compaction_options_fifo.allow_compaction: 0
I210819 04:54:43.330266 101 storage/rocksdb.go:102                    Options.table_properties_collectors: TimeBoundTblPropCollectorFactory; DeleteRangeTblPropCollectorFactory; 
I210819 04:54:43.330274 101 storage/rocksdb.go:102                    Options.inplace_update_support: 0
I210819 04:54:43.330282 101 storage/rocksdb.go:102                  Options.inplace_update_num_locks: 10000
I210819 04:54:43.330287 101 storage/rocksdb.go:102                Options.memtable_prefix_bloom_size_ratio: 0.000000
I210819 04:54:43.330290 101 storage/rocksdb.go:102                Options.memtable_whole_key_filtering: 0
I210819 04:54:43.330293 101 storage/rocksdb.go:102    Options.memtable_huge_page_size: 0
I210819 04:54:43.330299 101 storage/rocksdb.go:102                            Options.bloom_locality: 0
I210819 04:54:43.330305 101 storage/rocksdb.go:102                     Options.max_successive_merges: 0
I210819 04:54:43.330309 101 storage/rocksdb.go:102                 Options.optimize_filters_for_hits: 1
I210819 04:54:43.330313 101 storage/rocksdb.go:102                 Options.paranoid_file_checks: 0
I210819 04:54:43.330317 101 storage/rocksdb.go:102                 Options.force_consistency_checks: 0
I210819 04:54:43.330323 101 storage/rocksdb.go:102                 Options.report_bg_io_stats: 0
I210819 04:54:43.330329 101 storage/rocksdb.go:102                                Options.ttl: 0
I210819 04:54:43.330333 101 storage/rocksdb.go:102           Options.periodic_compaction_seconds: 0
I210819 04:54:43.335161 101 storage/rocksdb.go:102  [db/version_set.cc:3086] More existing levels in DB than needed. max_bytes_for_level_multiplier may not be guaranteed.
I210819 04:54:43.335178 101 storage/rocksdb.go:102  [db/version_set.cc:4286] Recovered from manifest file:C:\Users\Nothing\Desktop\network\cockroach-data/MANIFEST-000022 succeeded,manifest_file_number is 22, next_file_number is 35, last_sequence is 1083003, log_number is 32,prev_log_number is 0,max_column_family is 0,min_log_number_to_keep is 0
I210819 04:54:43.335183 101 storage/rocksdb.go:102  [db/version_set.cc:4295] Column family [default] (ID 0), log number is 32
I210819 04:54:43.336507 101 storage/rocksdb.go:102  EVENT_LOG_v1 {"time_micros": 1629348883335192, "job": 1, "event": "recovery_started", "log_files": [29, 32]}
I210819 04:54:43.336513 101 storage/rocksdb.go:102  [db/db_impl_open.cc:586] Skipping log #29 since it is older than min log to keep #32
I210819 04:54:43.336518 101 storage/rocksdb.go:102  [db/db_impl_open.cc:598] Recovering log #32 mode 0
I210819 04:54:43.693176 101 storage/rocksdb.go:102  EVENT_LOG_v1 {"time_micros": 1629348883692856, "cf_name": "default", "job": 1, "event": "table_file_creation", "file_number": 35, "file_size": 438234, "table_properties": {"data_size": 425117, "index_size": 2558, "index_partitions": 0, "top_level_index_size": 0, "index_key_is_user_key": 0, "index_value_is_delta_encoded": 0, "filter_size": 10565, "raw_key_size": 344028, "raw_average_key_size": 30, "raw_value_size": 1637084, "raw_average_value_size": 147, "num_data_blocks": 56, "num_entries": 11123, "num_deletions": 6682, "num_merge_operands": 694, "num_range_deletions": 694, "format_version": 0, "fixed_key_len": 0, "filter_policy": "rocksdb.BuiltinBloomFilter", "column_family_name": "default", "column_family_id": 0, "comparator": "cockroach_comparator", "merge_operator": "cockroach_merge_operator", "prefix_extractor_name": "cockroach_prefix_extractor", "property_collectors": "[TimeBoundTblPropCollectorFactory,DeleteRangeTblPropCollectorFactory]", "compression": "Snappy", "compression_options": "window_bits=-14; level=32767; strategy=0; max_dict_bytes=0; zstd_max_train_bytes=0; enabled=0; ", "creation_time": 1629348883, "oldest_key_time": 3, "file_creation_time": 0}}
I210819 04:54:43.695828 101 storage/rocksdb.go:102  [db/version_set.cc:3560] Creating manifest 36
I210819 04:54:43.696487 101 storage/rocksdb.go:102  [db/version_set.cc:3086] More existing levels in DB than needed. max_bytes_for_level_multiplier may not be guaranteed.
I210819 04:54:43.702750 101 storage/rocksdb.go:102  EVENT_LOG_v1 {"time_micros": 1629348883701837, "job": 1, "event": "recovery_finished"}
I210819 04:54:43.720571 101 storage/rocksdb.go:102  DB pointer 0000000015f01000
I210819 04:54:43.722012 17 storage/rocksdb.go:102  [db/compaction_job.cc:1647] [default] [JOB 3] Compacting 2@0 + 1@6 files to L6, score 1.00
I210819 04:54:43.722036 17 storage/rocksdb.go:102  [db/compaction_job.cc:1651] [default] Compaction start summary: Base version 2 Base level 0, inputs: [35(427KB) 33(732KB)], [31(1479KB)]
I210819 04:54:43.722129 17 storage/rocksdb.go:102  EVENT_LOG_v1 {"time_micros": 1629348883721779, "job": 3, "event": "compaction_started", "compaction_reason": "LevelL0FilesNum", "files_L0": [35, 33], "files_L6": [31], "score": 1, "input_data_size": 2703210}
I210819 04:54:43.858510 17 storage/rocksdb.go:102  [db/compaction_job.cc:1334] [default] [JOB 3] Generated table #40: 25830 keys, 2182040 bytes
I210819 04:54:43.858573 17 storage/rocksdb.go:102  EVENT_LOG_v1 {"time_micros": 1629348883857670, "cf_name": "default", "job": 3, "event": "table_file_creation", "file_number": 40, "file_size": 2182040, "table_properties": {"data_size": 2171471, "index_size": 22333, "index_partitions": 0, "top_level_index_size": 0, "index_key_is_user_key": 0, "index_value_is_delta_encoded": 0, "filter_size": 0, "raw_key_size": 937261, "raw_average_key_size": 36, "raw_value_size": 11777279, "raw_average_value_size": 455, "num_data_blocks": 393, "num_entries": 25830, "num_deletions": 0, "num_merge_operands": 0, "num_range_deletions": 0, "format_version": 0, "fixed_key_len": 0, "filter_policy": "rocksdb.BuiltinBloomFilter", "column_family_name": "default", "column_family_id": 0, "comparator": "cockroach_comparator", "merge_operator": "cockroach_merge_operator", "prefix_extractor_name": "cockroach_prefix_extractor", "property_collectors": "[TimeBoundTblPropCollectorFactory,DeleteRangeTblPropCollectorFactory]", "compression": "Snappy", "compression_options": "window_bits=-14; level=32767; strategy=0; max_dict_bytes=0; zstd_max_train_bytes=0; enabled=0; ", "creation_time": 1629348883, "oldest_key_time": 0, "file_creation_time": 1629348883}}
I210819 04:54:43.862777 17 storage/rocksdb.go:102  [db/compaction_job.cc:1397] [default] [JOB 3] Compacted 2@0 + 1@6 files to L6 => 2182040 bytes
I210819 04:54:43.862805 17 storage/rocksdb.go:102  [db/version_set.cc:3086] More existing levels in DB than needed. max_bytes_for_level_multiplier may not be guaranteed.
I210819 04:54:43.864189 17 storage/rocksdb.go:102  (Original Log Time 2021/08/19-11:54:43.863654) [db/compaction_job.cc:770] [default] compacted to: base level 6 level multiplier 10.00 max bytes base 67108864 files[0 0 0 0 0 0 1] max score 0.00, MB/sec: 19.8 rd, 16.0 wr, level 6, files in(2, 1) out(1) MB in(1.1, 1.4) out(2.1), read-write-amplify(4.1) write-amplify(1.8) OK, records in: 50933, records dropped: 23715 output_compression: Snappy
I210819 04:54:43.864227 17 storage/rocksdb.go:102  (Original Log Time 2021/08/19-11:54:43.863654) EVENT_LOG_v1 {"time_micros": 1629348883863654, "job": 3, "event": "compaction_finished", "compaction_time_micros": 136574, "compaction_time_cpu_micros": 0, "output_level": 6, "num_output_files": 1, "total_output_size": 2182040, "num_input_records": 49545, "num_output_records": 25830, "num_subcompactions": 1, "output_compression": "Snappy", "num_single_delete_mismatches": 0, "num_single_delete_fallthrough": 0, "lsm_state": [0, 0, 0, 0, 0, 0, 1]}
I210819 04:54:43.890717 101 storage/rocksdb.go:102  EVENT_LOG_v1 {"time_micros": 1629348883890631, "job": 0, "event": "table_file_deletion", "file_number": 35}
I210819 04:54:43.891012 101 storage/rocksdb.go:102  EVENT_LOG_v1 {"time_micros": 1629348883890631, "job": 0, "event": "table_file_deletion", "file_number": 33}
I210819 04:54:43.891332 101 storage/rocksdb.go:102  EVENT_LOG_v1 {"time_micros": 1629348883890631, "job": 0, "event": "table_file_deletion", "file_number": 31}
