I210818 17:42:11.950878 48 util/log/sync_buffer.go:70  [config] file created at: 2021/08/18 17:42:11
I210818 17:42:11.950878 48 util/log/sync_buffer.go:70  [config] running on machine: DESKTOP-GU2JBJ3
I210818 17:42:11.950878 48 util/log/sync_buffer.go:70  [config] binary: CockroachDB CCL v20.1.17 (x86_64-w64-mingw32, built 2021/05/17 16:42:38, go1.13.9)
I210818 17:42:11.950878 48 util/log/sync_buffer.go:70  [config] arguments: [C:\cockroach\cockroach.exe start --insecure --host 127.0.0.1]
I210818 17:42:11.950878 48 util/log/sync_buffer.go:70  line format: [IWEF]yymmdd hh:mm:ss.uuuuuu goid file:line msg utf8=✓
I210818 17:42:11.950876 48 storage/rocksdb.go:102  RocksDB version: 6.2.1
I210818 17:42:11.954863 48 storage/rocksdb.go:102  Git sha rocksdb_build_git_sha:@@
I210818 17:42:11.954871 48 storage/rocksdb.go:102  Compile date May 17 2021
I210818 17:42:11.954879 48 storage/rocksdb.go:102  DB SUMMARY
I210818 17:42:11.955034 48 storage/rocksdb.go:102  SST files in C:\Users\Nothing\Desktop\network\cockroach-data\cockroach-temp249152411 dir, Total Num: 0, files: 
I210818 17:42:11.955042 48 storage/rocksdb.go:102  Write Ahead Log file in C:\Users\Nothing\Desktop\network\cockroach-data\cockroach-temp249152411: 
I210818 17:42:11.955048 48 storage/rocksdb.go:102                          Options.error_if_exists: 0
I210818 17:42:11.955054 48 storage/rocksdb.go:102                        Options.create_if_missing: 1
I210818 17:42:11.955058 48 storage/rocksdb.go:102                          Options.paranoid_checks: 1
I210818 17:42:11.955063 48 storage/rocksdb.go:102                                      Options.env: 0000000010df1280
I210818 17:42:11.955069 48 storage/rocksdb.go:102                                 Options.info_log: 0000000015dc10e0
I210818 17:42:11.955075 48 storage/rocksdb.go:102                 Options.max_file_opening_threads: 16
I210818 17:42:11.955081 48 storage/rocksdb.go:102                               Options.statistics: 0000000015de1010
I210818 17:42:11.955088 48 storage/rocksdb.go:102                                Options.use_fsync: 0
I210818 17:42:11.955092 48 storage/rocksdb.go:102                        Options.max_log_file_size: 0
I210818 17:42:11.955095 48 storage/rocksdb.go:102                   Options.max_manifest_file_size: 134217728
I210818 17:42:11.955098 48 storage/rocksdb.go:102                    Options.log_file_time_to_roll: 0
I210818 17:42:11.955101 48 storage/rocksdb.go:102                        Options.keep_log_file_num: 1000
I210818 17:42:11.955103 48 storage/rocksdb.go:102                     Options.recycle_log_file_num: 1
I210818 17:42:11.955106 48 storage/rocksdb.go:102                          Options.allow_fallocate: 1
I210818 17:42:11.955109 48 storage/rocksdb.go:102                         Options.allow_mmap_reads: 0
I210818 17:42:11.955112 48 storage/rocksdb.go:102                        Options.allow_mmap_writes: 0
I210818 17:42:11.955115 48 storage/rocksdb.go:102                         Options.use_direct_reads: 0
I210818 17:42:11.955118 48 storage/rocksdb.go:102                         Options.use_direct_io_for_flush_and_compaction: 0
I210818 17:42:11.955124 48 storage/rocksdb.go:102           Options.create_missing_column_families: 0
I210818 17:42:11.955127 48 storage/rocksdb.go:102                               Options.db_log_dir: 
I210818 17:42:11.955131 48 storage/rocksdb.go:102                                  Options.wal_dir: C:\Users\Nothing\Desktop\network\cockroach-data\cockroach-temp249152411
I210818 17:42:11.955134 48 storage/rocksdb.go:102                 Options.table_cache_numshardbits: 6
I210818 17:42:11.955138 48 storage/rocksdb.go:102                       Options.max_subcompactions: 1
I210818 17:42:11.955140 48 storage/rocksdb.go:102                   Options.max_background_flushes: -1
I210818 17:42:11.955143 48 storage/rocksdb.go:102                          Options.WAL_ttl_seconds: 0
I210818 17:42:11.955146 48 storage/rocksdb.go:102                        Options.WAL_size_limit_MB: 0
I210818 17:42:11.955149 48 storage/rocksdb.go:102              Options.manifest_preallocation_size: 4194304
I210818 17:42:11.955152 48 storage/rocksdb.go:102                      Options.is_fd_close_on_exec: 1
I210818 17:42:11.955155 48 storage/rocksdb.go:102                    Options.advise_random_on_open: 1
I210818 17:42:11.955158 48 storage/rocksdb.go:102                     Options.db_write_buffer_size: 0
I210818 17:42:11.955161 48 storage/rocksdb.go:102                     Options.write_buffer_manager: 0000000015dda030
I210818 17:42:11.955164 48 storage/rocksdb.go:102          Options.access_hint_on_compaction_start: 1
I210818 17:42:11.955167 48 storage/rocksdb.go:102   Options.new_table_reader_for_compaction_inputs: 0
I210818 17:42:11.955170 48 storage/rocksdb.go:102            Options.random_access_max_buffer_size: 1048576
I210818 17:42:11.955172 48 storage/rocksdb.go:102                       Options.use_adaptive_mutex: 0
I210818 17:42:11.955175 48 storage/rocksdb.go:102                             Options.rate_limiter: 0000000000000000
I210818 17:42:11.955188 48 storage/rocksdb.go:102      Options.sst_file_manager.rate_bytes_per_sec: 0
I210818 17:42:11.955191 48 storage/rocksdb.go:102                        Options.wal_recovery_mode: 0
I210818 17:42:11.955194 48 storage/rocksdb.go:102                   Options.enable_thread_tracking: 0
I210818 17:42:11.955197 48 storage/rocksdb.go:102                   Options.enable_pipelined_write: 0
I210818 17:42:11.955200 48 storage/rocksdb.go:102          Options.allow_concurrent_memtable_write: 1
I210818 17:42:11.955203 48 storage/rocksdb.go:102       Options.enable_write_thread_adaptive_yield: 1
I210818 17:42:11.955205 48 storage/rocksdb.go:102              Options.write_thread_max_yield_usec: 100
I210818 17:42:11.955208 48 storage/rocksdb.go:102             Options.write_thread_slow_yield_usec: 3
I210818 17:42:11.955211 48 storage/rocksdb.go:102                                Options.row_cache: None
I210818 17:42:11.955214 48 storage/rocksdb.go:102                               Options.wal_filter: None
I210818 17:42:11.955217 48 storage/rocksdb.go:102              Options.avoid_flush_during_recovery: 0
I210818 17:42:11.955220 48 storage/rocksdb.go:102              Options.allow_ingest_behind: 0
I210818 17:42:11.955223 48 storage/rocksdb.go:102              Options.preserve_deletes: 0
I210818 17:42:11.955226 48 storage/rocksdb.go:102              Options.two_write_queues: 0
I210818 17:42:11.955229 48 storage/rocksdb.go:102              Options.manual_wal_flush: 1
I210818 17:42:11.955236 48 storage/rocksdb.go:102              Options.atomic_flush: 0
I210818 17:42:11.955239 48 storage/rocksdb.go:102              Options.avoid_unnecessary_blocking_io: 0
I210818 17:42:11.955242 48 storage/rocksdb.go:102              Options.max_background_jobs: 4
I210818 17:42:11.955245 48 storage/rocksdb.go:102              Options.max_background_compactions: -1
I210818 17:42:11.955248 48 storage/rocksdb.go:102              Options.avoid_flush_during_shutdown: 0
I210818 17:42:11.955251 48 storage/rocksdb.go:102            Options.writable_file_max_buffer_size: 1048576
I210818 17:42:11.955254 48 storage/rocksdb.go:102              Options.delayed_write_rate : 16777216
I210818 17:42:11.955257 48 storage/rocksdb.go:102              Options.max_total_wal_size: 0
I210818 17:42:11.955260 48 storage/rocksdb.go:102              Options.delete_obsolete_files_period_micros: 21600000000
I210818 17:42:11.955262 48 storage/rocksdb.go:102                    Options.stats_dump_period_sec: 0
I210818 17:42:11.955265 48 storage/rocksdb.go:102                  Options.stats_persist_period_sec: 600
I210818 17:42:11.955268 48 storage/rocksdb.go:102                  Options.stats_history_buffer_size: 1048576
I210818 17:42:11.955271 48 storage/rocksdb.go:102                           Options.max_open_files: 128
I210818 17:42:11.955274 48 storage/rocksdb.go:102                           Options.bytes_per_sync: 524288
I210818 17:42:11.955277 48 storage/rocksdb.go:102                       Options.wal_bytes_per_sync: 0
I210818 17:42:11.955280 48 storage/rocksdb.go:102                    Options.strict_bytes_per_sync: 1
I210818 17:42:11.955283 48 storage/rocksdb.go:102        Options.compaction_readahead_size: 0
I210818 17:42:11.955286 48 storage/rocksdb.go:102  Compression algorithms supported:
I210818 17:42:11.955289 48 storage/rocksdb.go:102  	kZSTDNotFinalCompression supported: 0
I210818 17:42:11.955292 48 storage/rocksdb.go:102  	kZSTD supported: 0
I210818 17:42:11.955295 48 storage/rocksdb.go:102  	kXpressCompression supported: 0
I210818 17:42:11.955298 48 storage/rocksdb.go:102  	kLZ4HCCompression supported: 0
I210818 17:42:11.955301 48 storage/rocksdb.go:102  	kLZ4Compression supported: 0
I210818 17:42:11.955304 48 storage/rocksdb.go:102  	kBZip2Compression supported: 0
I210818 17:42:11.955308 48 storage/rocksdb.go:102  	kZlibCompression supported: 0
I210818 17:42:11.955311 48 storage/rocksdb.go:102  	kSnappyCompression supported: 1
I210818 17:42:11.955316 48 storage/rocksdb.go:102  Fast CRC32 supported: Supported on x86
I210818 17:42:11.955817 48 storage/rocksdb.go:102  [db/db_impl_open.cc:242] Creating manifest 1 
I210818 17:42:11.978709 48 storage/rocksdb.go:102  [db/version_set.cc:4072] Recovering from manifest file: C:\Users\Nothing\Desktop\network\cockroach-data\cockroach-temp249152411/MANIFEST-000001
I210818 17:42:11.978970 48 storage/rocksdb.go:102  [db/column_family.cc:488] --------------- Options for column family [default]:
I210818 17:42:11.978984 48 storage/rocksdb.go:102                Options.comparator: cockroach_comparator
I210818 17:42:11.978992 48 storage/rocksdb.go:102            Options.merge_operator: cockroach_merge_operator
I210818 17:42:11.978996 48 storage/rocksdb.go:102         Options.compaction_filter: None
I210818 17:42:11.979001 48 storage/rocksdb.go:102         Options.compaction_filter_factory: None
I210818 17:42:11.979005 48 storage/rocksdb.go:102          Options.memtable_factory: SkipListFactory
I210818 17:42:11.979011 48 storage/rocksdb.go:102             Options.table_factory: BlockBasedTable
I210818 17:42:11.979115 48 storage/rocksdb.go:102             table_factory options:   flush_block_policy_factory: FlushBlockBySizePolicyFactory (0000000015dd8028)
  cache_index_and_filter_blocks: 0
  cache_index_and_filter_blocks_with_high_priority: 0
  pin_l0_filter_and_index_blocks_in_cache: 0
  pin_top_level_index_and_filter: 1
  index_type: 0
  data_block_index_type: 0
  index_shortening: 1
  data_block_hash_table_util_ratio: 0.750000
  hash_index_allow_collision: 1
  checksum: 1
  no_block_cache: 0
  block_cache: 0000000015dc2010
  block_cache_name: LRUCache
  block_cache_options:
    capacity : 1048576
    num_shard_bits : 4
    strict_capacity_limit : 0
    memory_allocator : None
    high_pri_pool_ratio: 0.000
  block_cache_compressed: 0000000000000000
  persistent_cache: 0000000000000000
  block_size: 32768
  block_size_deviation: 10
  block_restart_interval: 16
  index_block_restart_interval: 1
  metadata_block_size: 4096
  partition_filters: 0
  use_delta_encoding: 1
  filter_policy: rocksdb.BuiltinBloomFilter
  whole_key_filtering: 0
  verify_compression: 0
  read_amp_bytes_per_bit: 0
  format_version: 2
  enable_index_compression: 1
  block_align: 0
I210818 17:42:11.979123 48 storage/rocksdb.go:102         Options.write_buffer_size: 67108864
I210818 17:42:11.979131 48 storage/rocksdb.go:102   Options.max_write_buffer_number: 4
I210818 17:42:11.979144 48 storage/rocksdb.go:102           Options.compression: Snappy
I210818 17:42:11.979148 48 storage/rocksdb.go:102                   Options.bottommost_compression: Disabled
I210818 17:42:11.979154 48 storage/rocksdb.go:102        Options.prefix_extractor: cockroach_prefix_extractor
I210818 17:42:11.979159 48 storage/rocksdb.go:102    Options.memtable_insert_with_hint_prefix_extractor: nullptr
I210818 17:42:11.979162 48 storage/rocksdb.go:102              Options.num_levels: 7
I210818 17:42:11.979166 48 storage/rocksdb.go:102         Options.min_write_buffer_number_to_merge: 1
I210818 17:42:11.979169 48 storage/rocksdb.go:102      Options.max_write_buffer_number_to_maintain: 0
I210818 17:42:11.979173 48 storage/rocksdb.go:102             Options.bottommost_compression_opts.window_bits: -14
I210818 17:42:11.979176 48 storage/rocksdb.go:102                   Options.bottommost_compression_opts.level: 32767
I210818 17:42:11.979181 48 storage/rocksdb.go:102                Options.bottommost_compression_opts.strategy: 0
I210818 17:42:11.979185 48 storage/rocksdb.go:102          Options.bottommost_compression_opts.max_dict_bytes: 0
I210818 17:42:11.979191 48 storage/rocksdb.go:102          Options.bottommost_compression_opts.zstd_max_train_bytes: 0
I210818 17:42:11.979197 48 storage/rocksdb.go:102                   Options.bottommost_compression_opts.enabled: false
I210818 17:42:11.979201 48 storage/rocksdb.go:102             Options.compression_opts.window_bits: -14
I210818 17:42:11.979204 48 storage/rocksdb.go:102                   Options.compression_opts.level: 32767
I210818 17:42:11.979208 48 storage/rocksdb.go:102                Options.compression_opts.strategy: 0
I210818 17:42:11.979211 48 storage/rocksdb.go:102          Options.compression_opts.max_dict_bytes: 0
I210818 17:42:11.979215 48 storage/rocksdb.go:102          Options.compression_opts.zstd_max_train_bytes: 0
I210818 17:42:11.979218 48 storage/rocksdb.go:102                   Options.compression_opts.enabled: false
I210818 17:42:11.979222 48 storage/rocksdb.go:102       Options.level0_file_num_compaction_trigger: 2
I210818 17:42:11.979225 48 storage/rocksdb.go:102           Options.level0_slowdown_writes_trigger: 950
I210818 17:42:11.979229 48 storage/rocksdb.go:102               Options.level0_stop_writes_trigger: 1000
I210818 17:42:11.979233 48 storage/rocksdb.go:102                    Options.target_file_size_base: 4194304
I210818 17:42:11.979236 48 storage/rocksdb.go:102              Options.target_file_size_multiplier: 2
I210818 17:42:11.979240 48 storage/rocksdb.go:102                 Options.max_bytes_for_level_base: 67108864
I210818 17:42:11.979243 48 storage/rocksdb.go:102  Options.level_compaction_dynamic_level_bytes: 1
I210818 17:42:11.979249 48 storage/rocksdb.go:102           Options.max_bytes_for_level_multiplier: 10.000000
I210818 17:42:11.979253 48 storage/rocksdb.go:102  Options.max_bytes_for_level_multiplier_addtl[0]: 1
I210818 17:42:11.979256 48 storage/rocksdb.go:102  Options.max_bytes_for_level_multiplier_addtl[1]: 1
I210818 17:42:11.979261 48 storage/rocksdb.go:102  Options.max_bytes_for_level_multiplier_addtl[2]: 1
I210818 17:42:11.979265 48 storage/rocksdb.go:102  Options.max_bytes_for_level_multiplier_addtl[3]: 1
I210818 17:42:11.979269 48 storage/rocksdb.go:102  Options.max_bytes_for_level_multiplier_addtl[4]: 1
I210818 17:42:11.979272 48 storage/rocksdb.go:102  Options.max_bytes_for_level_multiplier_addtl[5]: 1
I210818 17:42:11.979276 48 storage/rocksdb.go:102  Options.max_bytes_for_level_multiplier_addtl[6]: 1
I210818 17:42:11.979279 48 storage/rocksdb.go:102        Options.max_sequential_skip_in_iterations: 8
I210818 17:42:11.979283 48 storage/rocksdb.go:102                     Options.max_compaction_bytes: 104857600
I210818 17:42:11.979286 48 storage/rocksdb.go:102                         Options.arena_block_size: 8388608
I210818 17:42:11.979290 48 storage/rocksdb.go:102    Options.soft_pending_compaction_bytes_limit: 2199023255552
I210818 17:42:11.979293 48 storage/rocksdb.go:102    Options.hard_pending_compaction_bytes_limit: 4400193994752
I210818 17:42:11.979297 48 storage/rocksdb.go:102        Options.rate_limit_delay_max_milliseconds: 100
I210818 17:42:11.979301 48 storage/rocksdb.go:102                 Options.disable_auto_compactions: 0
I210818 17:42:11.979306 48 storage/rocksdb.go:102                         Options.compaction_style: kCompactionStyleLevel
I210818 17:42:11.979310 48 storage/rocksdb.go:102                           Options.compaction_pri: kMinOverlappingRatio
I210818 17:42:11.979314 48 storage/rocksdb.go:102  Options.compaction_options_universal.size_ratio: 1
I210818 17:42:11.979317 48 storage/rocksdb.go:102  Options.compaction_options_universal.min_merge_width: 2
I210818 17:42:11.979321 48 storage/rocksdb.go:102  Options.compaction_options_universal.max_merge_width: 4294967295
I210818 17:42:11.979324 48 storage/rocksdb.go:102  Options.compaction_options_universal.max_size_amplification_percent: 200
I210818 17:42:11.979328 48 storage/rocksdb.go:102  Options.compaction_options_universal.compression_size_percent: -1
I210818 17:42:11.979332 48 storage/rocksdb.go:102  Options.compaction_options_universal.stop_style: kCompactionStopStyleTotalSize
I210818 17:42:11.979336 48 storage/rocksdb.go:102  Options.compaction_options_fifo.max_table_files_size: 1073741824
I210818 17:42:11.979339 48 storage/rocksdb.go:102  Options.compaction_options_fifo.allow_compaction: 0
I210818 17:42:11.979358 48 storage/rocksdb.go:102                    Options.table_properties_collectors: TimeBoundTblPropCollectorFactory; DeleteRangeTblPropCollectorFactory; 
I210818 17:42:11.979363 48 storage/rocksdb.go:102                    Options.inplace_update_support: 0
I210818 17:42:11.979366 48 storage/rocksdb.go:102                  Options.inplace_update_num_locks: 10000
I210818 17:42:11.979370 48 storage/rocksdb.go:102                Options.memtable_prefix_bloom_size_ratio: 0.000000
I210818 17:42:11.979374 48 storage/rocksdb.go:102                Options.memtable_whole_key_filtering: 0
I210818 17:42:11.979377 48 storage/rocksdb.go:102    Options.memtable_huge_page_size: 0
I210818 17:42:11.979381 48 storage/rocksdb.go:102                            Options.bloom_locality: 0
I210818 17:42:11.979385 48 storage/rocksdb.go:102                     Options.max_successive_merges: 0
I210818 17:42:11.979389 48 storage/rocksdb.go:102                 Options.optimize_filters_for_hits: 1
I210818 17:42:11.979393 48 storage/rocksdb.go:102                 Options.paranoid_file_checks: 0
I210818 17:42:11.979396 48 storage/rocksdb.go:102                 Options.force_consistency_checks: 0
I210818 17:42:11.979401 48 storage/rocksdb.go:102                 Options.report_bg_io_stats: 0
I210818 17:42:11.979404 48 storage/rocksdb.go:102                                Options.ttl: 0
I210818 17:42:11.979407 48 storage/rocksdb.go:102           Options.periodic_compaction_seconds: 0
I210818 17:42:11.983464 48 storage/rocksdb.go:102  [db/version_set.cc:4286] Recovered from manifest file:C:\Users\Nothing\Desktop\network\cockroach-data\cockroach-temp249152411/MANIFEST-000001 succeeded,manifest_file_number is 1, next_file_number is 3, last_sequence is 0, log_number is 0,prev_log_number is 0,max_column_family is 0,min_log_number_to_keep is 0
I210818 17:42:11.983483 48 storage/rocksdb.go:102  [db/version_set.cc:4295] Column family [default] (ID 0), log number is 0
I210818 17:42:12.004334 48 storage/rocksdb.go:102  DB pointer 0000000015dde000
I210818 17:42:12.341921 48 storage/rocksdb.go:102  RocksDB version: 6.2.1
I210818 17:42:12.341934 48 storage/rocksdb.go:102  Git sha rocksdb_build_git_sha:@@
I210818 17:42:12.341938 48 storage/rocksdb.go:102  Compile date May 17 2021
I210818 17:42:12.341942 48 storage/rocksdb.go:102  DB SUMMARY
I210818 17:42:12.342059 48 storage/rocksdb.go:102  SST files in C:\Users\Nothing\Desktop\network\cockroach-data dir, Total Num: 0, files: 
I210818 17:42:12.342066 48 storage/rocksdb.go:102  Write Ahead Log file in C:\Users\Nothing\Desktop\network\cockroach-data: 
I210818 17:42:12.342071 48 storage/rocksdb.go:102                          Options.error_if_exists: 0
I210818 17:42:12.342074 48 storage/rocksdb.go:102                        Options.create_if_missing: 1
I210818 17:42:12.342078 48 storage/rocksdb.go:102                          Options.paranoid_checks: 1
I210818 17:42:12.342081 48 storage/rocksdb.go:102                                      Options.env: 0000000010df1280
I210818 17:42:12.342085 48 storage/rocksdb.go:102                                 Options.info_log: 0000000016e510c0
I210818 17:42:12.342088 48 storage/rocksdb.go:102                 Options.max_file_opening_threads: 16
I210818 17:42:12.342092 48 storage/rocksdb.go:102                               Options.statistics: 0000000016e69010
I210818 17:42:12.342095 48 storage/rocksdb.go:102                                Options.use_fsync: 0
I210818 17:42:12.342098 48 storage/rocksdb.go:102                        Options.max_log_file_size: 0
I210818 17:42:12.342104 48 storage/rocksdb.go:102                   Options.max_manifest_file_size: 134217728
I210818 17:42:12.342108 48 storage/rocksdb.go:102                    Options.log_file_time_to_roll: 0
I210818 17:42:12.342112 48 storage/rocksdb.go:102                        Options.keep_log_file_num: 1000
I210818 17:42:12.342116 48 storage/rocksdb.go:102                     Options.recycle_log_file_num: 1
I210818 17:42:12.342119 48 storage/rocksdb.go:102                          Options.allow_fallocate: 1
I210818 17:42:12.342123 48 storage/rocksdb.go:102                         Options.allow_mmap_reads: 0
I210818 17:42:12.342126 48 storage/rocksdb.go:102                        Options.allow_mmap_writes: 0
I210818 17:42:12.342129 48 storage/rocksdb.go:102                         Options.use_direct_reads: 0
I210818 17:42:12.342133 48 storage/rocksdb.go:102                         Options.use_direct_io_for_flush_and_compaction: 0
I210818 17:42:12.342136 48 storage/rocksdb.go:102           Options.create_missing_column_families: 0
I210818 17:42:12.342139 48 storage/rocksdb.go:102                               Options.db_log_dir: 
I210818 17:42:12.342142 48 storage/rocksdb.go:102                                  Options.wal_dir: C:\Users\Nothing\Desktop\network\cockroach-data
I210818 17:42:12.342146 48 storage/rocksdb.go:102                 Options.table_cache_numshardbits: 6
I210818 17:42:12.342149 48 storage/rocksdb.go:102                       Options.max_subcompactions: 1
I210818 17:42:12.342154 48 storage/rocksdb.go:102                   Options.max_background_flushes: -1
I210818 17:42:12.342158 48 storage/rocksdb.go:102                          Options.WAL_ttl_seconds: 0
I210818 17:42:12.342161 48 storage/rocksdb.go:102                        Options.WAL_size_limit_MB: 0
I210818 17:42:12.342164 48 storage/rocksdb.go:102              Options.manifest_preallocation_size: 4194304
I210818 17:42:12.342167 48 storage/rocksdb.go:102                      Options.is_fd_close_on_exec: 1
I210818 17:42:12.342171 48 storage/rocksdb.go:102                    Options.advise_random_on_open: 1
I210818 17:42:12.342175 48 storage/rocksdb.go:102                     Options.db_write_buffer_size: 0
I210818 17:42:12.342178 48 storage/rocksdb.go:102                     Options.write_buffer_manager: 0000000016f310c0
I210818 17:42:12.342182 48 storage/rocksdb.go:102          Options.access_hint_on_compaction_start: 1
I210818 17:42:12.342185 48 storage/rocksdb.go:102   Options.new_table_reader_for_compaction_inputs: 0
I210818 17:42:12.342188 48 storage/rocksdb.go:102            Options.random_access_max_buffer_size: 1048576
I210818 17:42:12.342191 48 storage/rocksdb.go:102                       Options.use_adaptive_mutex: 0
I210818 17:42:12.342196 48 storage/rocksdb.go:102                             Options.rate_limiter: 0000000000000000
I210818 17:42:12.342200 48 storage/rocksdb.go:102      Options.sst_file_manager.rate_bytes_per_sec: 0
I210818 17:42:12.342203 48 storage/rocksdb.go:102                        Options.wal_recovery_mode: 0
I210818 17:42:12.342206 48 storage/rocksdb.go:102                   Options.enable_thread_tracking: 0
I210818 17:42:12.342209 48 storage/rocksdb.go:102                   Options.enable_pipelined_write: 0
I210818 17:42:12.342213 48 storage/rocksdb.go:102          Options.allow_concurrent_memtable_write: 1
I210818 17:42:12.342216 48 storage/rocksdb.go:102       Options.enable_write_thread_adaptive_yield: 1
I210818 17:42:12.342219 48 storage/rocksdb.go:102              Options.write_thread_max_yield_usec: 100
I210818 17:42:12.342222 48 storage/rocksdb.go:102             Options.write_thread_slow_yield_usec: 3
I210818 17:42:12.342226 48 storage/rocksdb.go:102                                Options.row_cache: None
I210818 17:42:12.342229 48 storage/rocksdb.go:102                               Options.wal_filter: None
I210818 17:42:12.342232 48 storage/rocksdb.go:102              Options.avoid_flush_during_recovery: 0
I210818 17:42:12.342236 48 storage/rocksdb.go:102              Options.allow_ingest_behind: 0
I210818 17:42:12.342239 48 storage/rocksdb.go:102              Options.preserve_deletes: 0
I210818 17:42:12.342242 48 storage/rocksdb.go:102              Options.two_write_queues: 0
I210818 17:42:12.342246 48 storage/rocksdb.go:102              Options.manual_wal_flush: 1
I210818 17:42:12.342250 48 storage/rocksdb.go:102              Options.atomic_flush: 0
I210818 17:42:12.342253 48 storage/rocksdb.go:102              Options.avoid_unnecessary_blocking_io: 0
I210818 17:42:12.342257 48 storage/rocksdb.go:102              Options.max_background_jobs: 4
I210818 17:42:12.342261 48 storage/rocksdb.go:102              Options.max_background_compactions: -1
I210818 17:42:12.342264 48 storage/rocksdb.go:102              Options.avoid_flush_during_shutdown: 0
I210818 17:42:12.342268 48 storage/rocksdb.go:102            Options.writable_file_max_buffer_size: 1048576
I210818 17:42:12.342272 48 storage/rocksdb.go:102              Options.delayed_write_rate : 16777216
I210818 17:42:12.342275 48 storage/rocksdb.go:102              Options.max_total_wal_size: 0
I210818 17:42:12.342279 48 storage/rocksdb.go:102              Options.delete_obsolete_files_period_micros: 21600000000
I210818 17:42:12.342282 48 storage/rocksdb.go:102                    Options.stats_dump_period_sec: 0
I210818 17:42:12.342285 48 storage/rocksdb.go:102                  Options.stats_persist_period_sec: 600
I210818 17:42:12.342289 48 storage/rocksdb.go:102                  Options.stats_history_buffer_size: 1048576
I210818 17:42:12.342292 48 storage/rocksdb.go:102                           Options.max_open_files: 10000
I210818 17:42:12.342296 48 storage/rocksdb.go:102                           Options.bytes_per_sync: 524288
I210818 17:42:12.342299 48 storage/rocksdb.go:102                       Options.wal_bytes_per_sync: 0
I210818 17:42:12.342302 48 storage/rocksdb.go:102                    Options.strict_bytes_per_sync: 1
I210818 17:42:12.342305 48 storage/rocksdb.go:102        Options.compaction_readahead_size: 0
I210818 17:42:12.342309 48 storage/rocksdb.go:102  Compression algorithms supported:
I210818 17:42:12.342313 48 storage/rocksdb.go:102  	kZSTDNotFinalCompression supported: 0
I210818 17:42:12.342317 48 storage/rocksdb.go:102  	kZSTD supported: 0
I210818 17:42:12.342321 48 storage/rocksdb.go:102  	kXpressCompression supported: 0
I210818 17:42:12.342324 48 storage/rocksdb.go:102  	kLZ4HCCompression supported: 0
I210818 17:42:12.342327 48 storage/rocksdb.go:102  	kLZ4Compression supported: 0
I210818 17:42:12.342331 48 storage/rocksdb.go:102  	kBZip2Compression supported: 0
I210818 17:42:12.342334 48 storage/rocksdb.go:102  	kZlibCompression supported: 0
I210818 17:42:12.342338 48 storage/rocksdb.go:102  	kSnappyCompression supported: 1
I210818 17:42:12.342343 48 storage/rocksdb.go:102  Fast CRC32 supported: Supported on x86
I210818 17:42:12.342837 48 storage/rocksdb.go:102  [db/db_impl_open.cc:242] Creating manifest 1 
I210818 17:42:12.361946 48 storage/rocksdb.go:102  [db/version_set.cc:4072] Recovering from manifest file: C:\Users\Nothing\Desktop\network\cockroach-data/MANIFEST-000001
I210818 17:42:12.362218 48 storage/rocksdb.go:102  [db/column_family.cc:488] --------------- Options for column family [default]:
I210818 17:42:12.362229 48 storage/rocksdb.go:102                Options.comparator: cockroach_comparator
I210818 17:42:12.362238 48 storage/rocksdb.go:102            Options.merge_operator: cockroach_merge_operator
I210818 17:42:12.362247 48 storage/rocksdb.go:102         Options.compaction_filter: None
I210818 17:42:12.362254 48 storage/rocksdb.go:102         Options.compaction_filter_factory: None
I210818 17:42:12.362261 48 storage/rocksdb.go:102          Options.memtable_factory: SkipListFactory
I210818 17:42:12.362321 48 storage/rocksdb.go:102             Options.table_factory: BlockBasedTable
I210818 17:42:12.362411 48 storage/rocksdb.go:102             table_factory options:   flush_block_policy_factory: FlushBlockBySizePolicyFactory (0000000016e68028)
  cache_index_and_filter_blocks: 0
  cache_index_and_filter_blocks_with_high_priority: 0
  pin_l0_filter_and_index_blocks_in_cache: 0
  pin_top_level_index_and_filter: 1
  index_type: 0
  data_block_index_type: 0
  index_shortening: 1
  data_block_hash_table_util_ratio: 0.750000
  hash_index_allow_collision: 1
  checksum: 1
  no_block_cache: 0
  block_cache: 0000000016e52010
  block_cache_name: LRUCache
  block_cache_options:
    capacity : 67108864
    num_shard_bits : 4
    strict_capacity_limit : 0
    memory_allocator : None
    high_pri_pool_ratio: 0.000
  block_cache_compressed: 0000000000000000
  persistent_cache: 0000000000000000
  block_size: 32768
  block_size_deviation: 10
  block_restart_interval: 16
  index_block_restart_interval: 1
  metadata_block_size: 4096
  partition_filters: 0
  use_delta_encoding: 1
  filter_policy: rocksdb.BuiltinBloomFilter
  whole_key_filtering: 0
  verify_compression: 0
  read_amp_bytes_per_bit: 0
  format_version: 2
  enable_index_compression: 1
  block_align: 0
I210818 17:42:12.362422 48 storage/rocksdb.go:102         Options.write_buffer_size: 67108864
I210818 17:42:12.362439 48 storage/rocksdb.go:102   Options.max_write_buffer_number: 4
I210818 17:42:12.362446 48 storage/rocksdb.go:102           Options.compression: Snappy
I210818 17:42:12.362452 48 storage/rocksdb.go:102                   Options.bottommost_compression: Disabled
I210818 17:42:12.362460 48 storage/rocksdb.go:102        Options.prefix_extractor: cockroach_prefix_extractor
I210818 17:42:12.362468 48 storage/rocksdb.go:102    Options.memtable_insert_with_hint_prefix_extractor: nullptr
I210818 17:42:12.362476 48 storage/rocksdb.go:102              Options.num_levels: 7
I210818 17:42:12.362484 48 storage/rocksdb.go:102         Options.min_write_buffer_number_to_merge: 1
I210818 17:42:12.362492 48 storage/rocksdb.go:102      Options.max_write_buffer_number_to_maintain: 0
I210818 17:42:12.362503 48 storage/rocksdb.go:102             Options.bottommost_compression_opts.window_bits: -14
I210818 17:42:12.362514 48 storage/rocksdb.go:102                   Options.bottommost_compression_opts.level: 32767
I210818 17:42:12.362522 48 storage/rocksdb.go:102                Options.bottommost_compression_opts.strategy: 0
I210818 17:42:12.362554 48 storage/rocksdb.go:102          Options.bottommost_compression_opts.max_dict_bytes: 0
I210818 17:42:12.362558 48 storage/rocksdb.go:102          Options.bottommost_compression_opts.zstd_max_train_bytes: 0
I210818 17:42:12.362563 48 storage/rocksdb.go:102                   Options.bottommost_compression_opts.enabled: false
I210818 17:42:12.362567 48 storage/rocksdb.go:102             Options.compression_opts.window_bits: -14
I210818 17:42:12.362570 48 storage/rocksdb.go:102                   Options.compression_opts.level: 32767
I210818 17:42:12.362574 48 storage/rocksdb.go:102                Options.compression_opts.strategy: 0
I210818 17:42:12.362577 48 storage/rocksdb.go:102          Options.compression_opts.max_dict_bytes: 0
I210818 17:42:12.362582 48 storage/rocksdb.go:102          Options.compression_opts.zstd_max_train_bytes: 0
I210818 17:42:12.362585 48 storage/rocksdb.go:102                   Options.compression_opts.enabled: false
I210818 17:42:12.362589 48 storage/rocksdb.go:102       Options.level0_file_num_compaction_trigger: 2
I210818 17:42:12.362592 48 storage/rocksdb.go:102           Options.level0_slowdown_writes_trigger: 950
I210818 17:42:12.362597 48 storage/rocksdb.go:102               Options.level0_stop_writes_trigger: 1000
I210818 17:42:12.362622 48 storage/rocksdb.go:102                    Options.target_file_size_base: 4194304
I210818 17:42:12.362630 48 storage/rocksdb.go:102              Options.target_file_size_multiplier: 2
I210818 17:42:12.362637 48 storage/rocksdb.go:102                 Options.max_bytes_for_level_base: 67108864
I210818 17:42:12.362644 48 storage/rocksdb.go:102  Options.level_compaction_dynamic_level_bytes: 1
I210818 17:42:12.362651 48 storage/rocksdb.go:102           Options.max_bytes_for_level_multiplier: 10.000000
I210818 17:42:12.362655 48 storage/rocksdb.go:102  Options.max_bytes_for_level_multiplier_addtl[0]: 1
I210818 17:42:12.362659 48 storage/rocksdb.go:102  Options.max_bytes_for_level_multiplier_addtl[1]: 1
I210818 17:42:12.362663 48 storage/rocksdb.go:102  Options.max_bytes_for_level_multiplier_addtl[2]: 1
I210818 17:42:12.362666 48 storage/rocksdb.go:102  Options.max_bytes_for_level_multiplier_addtl[3]: 1
I210818 17:42:12.362671 48 storage/rocksdb.go:102  Options.max_bytes_for_level_multiplier_addtl[4]: 1
I210818 17:42:12.362675 48 storage/rocksdb.go:102  Options.max_bytes_for_level_multiplier_addtl[5]: 1
I210818 17:42:12.362678 48 storage/rocksdb.go:102  Options.max_bytes_for_level_multiplier_addtl[6]: 1
I210818 17:42:12.362682 48 storage/rocksdb.go:102        Options.max_sequential_skip_in_iterations: 8
I210818 17:42:12.362686 48 storage/rocksdb.go:102                     Options.max_compaction_bytes: 104857600
I210818 17:42:12.362689 48 storage/rocksdb.go:102                         Options.arena_block_size: 8388608
I210818 17:42:12.362694 48 storage/rocksdb.go:102    Options.soft_pending_compaction_bytes_limit: 2199023255552
I210818 17:42:12.362700 48 storage/rocksdb.go:102    Options.hard_pending_compaction_bytes_limit: 4400193994752
I210818 17:42:12.362706 48 storage/rocksdb.go:102        Options.rate_limit_delay_max_milliseconds: 100
I210818 17:42:12.362716 48 storage/rocksdb.go:102                 Options.disable_auto_compactions: 0
I210818 17:42:12.362726 48 storage/rocksdb.go:102                         Options.compaction_style: kCompactionStyleLevel
I210818 17:42:12.362733 48 storage/rocksdb.go:102                           Options.compaction_pri: kMinOverlappingRatio
I210818 17:42:12.362737 48 storage/rocksdb.go:102  Options.compaction_options_universal.size_ratio: 1
I210818 17:42:12.362742 48 storage/rocksdb.go:102  Options.compaction_options_universal.min_merge_width: 2
I210818 17:42:12.362746 48 storage/rocksdb.go:102  Options.compaction_options_universal.max_merge_width: 4294967295
I210818 17:42:12.362752 48 storage/rocksdb.go:102  Options.compaction_options_universal.max_size_amplification_percent: 200
I210818 17:42:12.362756 48 storage/rocksdb.go:102  Options.compaction_options_universal.compression_size_percent: -1
I210818 17:42:12.362761 48 storage/rocksdb.go:102  Options.compaction_options_universal.stop_style: kCompactionStopStyleTotalSize
I210818 17:42:12.362765 48 storage/rocksdb.go:102  Options.compaction_options_fifo.max_table_files_size: 1073741824
I210818 17:42:12.362769 48 storage/rocksdb.go:102  Options.compaction_options_fifo.allow_compaction: 0
I210818 17:42:12.362791 48 storage/rocksdb.go:102                    Options.table_properties_collectors: TimeBoundTblPropCollectorFactory; DeleteRangeTblPropCollectorFactory; 
I210818 17:42:12.362805 48 storage/rocksdb.go:102                    Options.inplace_update_support: 0
I210818 17:42:12.362812 48 storage/rocksdb.go:102                  Options.inplace_update_num_locks: 10000
I210818 17:42:12.362820 48 storage/rocksdb.go:102                Options.memtable_prefix_bloom_size_ratio: 0.000000
I210818 17:42:12.362824 48 storage/rocksdb.go:102                Options.memtable_whole_key_filtering: 0
I210818 17:42:12.362828 48 storage/rocksdb.go:102    Options.memtable_huge_page_size: 0
I210818 17:42:12.362832 48 storage/rocksdb.go:102                            Options.bloom_locality: 0
I210818 17:42:12.362836 48 storage/rocksdb.go:102                     Options.max_successive_merges: 0
I210818 17:42:12.362840 48 storage/rocksdb.go:102                 Options.optimize_filters_for_hits: 1
I210818 17:42:12.362845 48 storage/rocksdb.go:102                 Options.paranoid_file_checks: 0
I210818 17:42:12.362850 48 storage/rocksdb.go:102                 Options.force_consistency_checks: 0
I210818 17:42:12.362854 48 storage/rocksdb.go:102                 Options.report_bg_io_stats: 0
I210818 17:42:12.362859 48 storage/rocksdb.go:102                                Options.ttl: 0
I210818 17:42:12.362863 48 storage/rocksdb.go:102           Options.periodic_compaction_seconds: 0
I210818 17:42:12.366180 48 storage/rocksdb.go:102  [db/version_set.cc:4286] Recovered from manifest file:C:\Users\Nothing\Desktop\network\cockroach-data/MANIFEST-000001 succeeded,manifest_file_number is 1, next_file_number is 3, last_sequence is 0, log_number is 0,prev_log_number is 0,max_column_family is 0,min_log_number_to_keep is 0
I210818 17:42:12.366225 48 storage/rocksdb.go:102  [db/version_set.cc:4295] Column family [default] (ID 0), log number is 0
I210818 17:42:12.381375 48 storage/rocksdb.go:102  DB pointer 0000000016f41000
I210818 18:20:12.536398 124 storage/rocksdb.go:102  [db/db_impl_write.cc:1437] [default] New memtable created with log file: #6. Immutable memtables: 0.
I210818 18:20:12.542507 17 storage/rocksdb.go:102  (Original Log Time 2021/08/19-01:20:12.538748) [db/db_impl_compaction_flush.cc:2097] Calling FlushMemTableToOutputFile with column family [default], flush slots available 1, compaction slots available 1, flush slots scheduled 1, compaction slots scheduled 0
I210818 18:20:12.542521 17 storage/rocksdb.go:102  [db/flush_job.cc:322] [default] [JOB 2] Flushing memtable with next log file: 6
I210818 18:20:12.550366 17 storage/rocksdb.go:102  EVENT_LOG_v1 {"time_micros": 1629310812545763, "job": 2, "event": "flush_started", "num_memtables": 1, "num_entries": 239584, "num_deletes": 19954, "total_data_size": 60569135, "memory_usage": 65040520, "flush_reason": "Write Buffer Full"}
I210818 18:20:12.550394 17 storage/rocksdb.go:102  [db/flush_job.cc:351] [default] [JOB 2] Level-0 flush table #7: started
I210818 18:20:12.951713 17 storage/rocksdb.go:102  EVENT_LOG_v1 {"time_micros": 1629310812951145, "cf_name": "default", "job": 2, "event": "table_file_creation", "file_number": 7, "file_size": 901196, "table_properties": {"data_size": 870035, "index_size": 5208, "index_partitions": 0, "top_level_index_size": 0, "index_key_is_user_key": 0, "index_value_is_delta_encoded": 0, "filter_size": 26949, "raw_key_size": 899542, "raw_average_key_size": 31, "raw_value_size": 3054031, "raw_average_value_size": 106, "num_data_blocks": 108, "num_entries": 28656, "num_deletions": 17426, "num_merge_operands": 1388, "num_range_deletions": 1388, "format_version": 0, "fixed_key_len": 0, "filter_policy": "rocksdb.BuiltinBloomFilter", "column_family_name": "default", "column_family_id": 0, "comparator": "cockroach_comparator", "merge_operator": "cockroach_merge_operator", "prefix_extractor_name": "cockroach_prefix_extractor", "property_collectors": "[TimeBoundTblPropCollectorFactory,DeleteRangeTblPropCollectorFactory]", "compression": "Snappy", "compression_options": "window_bits=-14; level=32767; strategy=0; max_dict_bytes=0; zstd_max_train_bytes=0; enabled=0; ", "creation_time": 1629310812, "oldest_key_time": 1629308532, "file_creation_time": 1629310812}}
I210818 18:20:12.951755 17 storage/rocksdb.go:102  [db/flush_job.cc:392] [default] [JOB 2] Level-0 flush table #7: 901196 bytes OK
I210818 18:20:12.953427 17 storage/rocksdb.go:102  [db/version_set.cc:3560] Creating manifest 8
I210818 18:20:12.959673 17 storage/rocksdb.go:102  [db/db_impl_files.cc:194] adding log 3 to recycle list
I210818 18:20:12.959688 17 storage/rocksdb.go:102  (Original Log Time 2021/08/19-01:20:12.952143) [db/memtable_list.cc:389] [default] Level-0 commit table #7 started
I210818 18:20:12.959695 17 storage/rocksdb.go:102  (Original Log Time 2021/08/19-01:20:12.959124) [db/memtable_list.cc:437] [default] Level-0 commit table #7: memtable #1 done
I210818 18:20:12.959702 17 storage/rocksdb.go:102  (Original Log Time 2021/08/19-01:20:12.959124) EVENT_LOG_v1 {"time_micros": 1629310812959124, "job": 2, "event": "flush_finished", "output_compression": "Snappy", "lsm_state": [1, 0, 0, 0, 0, 0, 0], "immutable_memtables": 0}
I210818 18:20:12.959710 17 storage/rocksdb.go:102  (Original Log Time 2021/08/19-01:20:12.959124) [db/db_impl_compaction_flush.cc:208] [default] Level summary: files[1 0 0 0 0 0 0] max score 0.50
I210818 18:20:12.959723 17 storage/rocksdb.go:102  [db/db_impl_files.cc:356] [JOB 2] Try to delete WAL files size 59297813, prev total WAL file size 59491890, number of live WAL files 2.
I210818 18:20:14.670827 17 storage/rocksdb.go:102  [db/compaction_job.cc:1647] [default] [JOB 3] Compacting 1@0 files to L0, score 0.00
I210818 18:20:14.670844 17 storage/rocksdb.go:102  [db/compaction_job.cc:1651] [default] Compaction start summary: Base version 2 Base level 0, inputs: [7(880KB)]
I210818 18:20:14.670898 17 storage/rocksdb.go:102  EVENT_LOG_v1 {"time_micros": 1629310814670337, "job": 3, "event": "compaction_started", "compaction_reason": "BottommostFiles", "files_L0": [7], "score": 0, "input_data_size": 901196}
I210818 18:20:14.695832 17 storage/rocksdb.go:102  [db/compaction_job.cc:1334] [default] [JOB 3] Generated table #9: 11230 keys, 654707 bytes
I210818 18:20:14.695890 17 storage/rocksdb.go:102  EVENT_LOG_v1 {"time_micros": 1629310814695271, "cf_name": "default", "job": 3, "event": "table_file_creation", "file_number": 9, "file_size": 654707, "table_properties": {"data_size": 650944, "index_size": 5191, "index_partitions": 0, "top_level_index_size": 0, "index_key_is_user_key": 0, "index_value_is_delta_encoded": 0, "filter_size": 0, "raw_key_size": 403552, "raw_average_key_size": 35, "raw_value_size": 2995711, "raw_average_value_size": 266, "num_data_blocks": 98, "num_entries": 11230, "num_deletions": 0, "num_merge_operands": 0, "num_range_deletions": 0, "format_version": 0, "fixed_key_len": 0, "filter_policy": "rocksdb.BuiltinBloomFilter", "column_family_name": "default", "column_family_id": 0, "comparator": "cockroach_comparator", "merge_operator": "cockroach_merge_operator", "prefix_extractor_name": "cockroach_prefix_extractor", "property_collectors": "[TimeBoundTblPropCollectorFactory,DeleteRangeTblPropCollectorFactory]", "compression": "Snappy", "compression_options": "window_bits=-14; level=32767; strategy=0; max_dict_bytes=0; zstd_max_train_bytes=0; enabled=0; ", "creation_time": 1629310812, "oldest_key_time": 0, "file_creation_time": 1629310814}}
I210818 18:20:14.701669 17 storage/rocksdb.go:102  [db/compaction_job.cc:1397] [default] [JOB 3] Compacted 1@0 files to L0 => 654707 bytes
I210818 18:20:14.703659 17 storage/rocksdb.go:102  (Original Log Time 2021/08/19-01:20:14.703250) [db/compaction_job.cc:770] [default] compacted to: files[1 0 0 0 0 0 0] max score 0.50, MB/sec: 35.9 rd, 26.1 wr, level 0, files in(0, 1) out(1) MB in(0.0, 0.9) out(0.6), read-write-amplify(0.0) write-amplify(0.0) OK, records in: 28656, records dropped: 17426 output_compression: Snappy
I210818 18:20:14.703678 17 storage/rocksdb.go:102  (Original Log Time 2021/08/19-01:20:14.703250) EVENT_LOG_v1 {"time_micros": 1629310814703250, "job": 3, "event": "compaction_finished", "compaction_time_micros": 25106, "compaction_time_cpu_micros": 0, "output_level": 0, "num_output_files": 1, "total_output_size": 654707, "num_input_records": 28656, "num_output_records": 11230, "num_subcompactions": 1, "output_compression": "Snappy", "num_single_delete_mismatches": 0, "num_single_delete_fallthrough": 0, "lsm_state": [1, 0, 0, 0, 0, 0, 0]}
I210818 18:20:14.704134 17 storage/rocksdb.go:102  EVENT_LOG_v1 {"time_micros": 1629310814703250, "job": 3, "event": "table_file_deletion", "file_number": 7}
