I210818 18:30:53.181763 101 util/log/sync_buffer.go:70  [config] file created at: 2021/08/18 18:30:53
I210818 18:30:53.181763 101 util/log/sync_buffer.go:70  [config] running on machine: DESKTOP-GU2JBJ3
I210818 18:30:53.181763 101 util/log/sync_buffer.go:70  [config] binary: CockroachDB CCL v20.1.17 (x86_64-w64-mingw32, built 2021/05/17 16:42:38, go1.13.9)
I210818 18:30:53.181763 101 util/log/sync_buffer.go:70  [config] arguments: [C:\cockroach\cockroach.exe start --insecure --host 127.0.0.1]
I210818 18:30:53.181763 101 util/log/sync_buffer.go:70  line format: [IWEF]yymmdd hh:mm:ss.uuuuuu goid file:line msg utf8=✓
I210818 18:30:53.181762 101 storage/rocksdb.go:102  RocksDB version: 6.2.1
I210818 18:30:53.182729 101 storage/rocksdb.go:102  Git sha rocksdb_build_git_sha:@@
I210818 18:30:53.182734 101 storage/rocksdb.go:102  Compile date May 17 2021
I210818 18:30:53.182742 101 storage/rocksdb.go:102  DB SUMMARY
I210818 18:30:53.182852 101 storage/rocksdb.go:102  SST files in C:\Users\Nothing\Desktop\network\cockroach-data\cockroach-temp038360955 dir, Total Num: 0, files: 
I210818 18:30:53.182856 101 storage/rocksdb.go:102  Write Ahead Log file in C:\Users\Nothing\Desktop\network\cockroach-data\cockroach-temp038360955: 
I210818 18:30:53.182860 101 storage/rocksdb.go:102                          Options.error_if_exists: 0
I210818 18:30:53.182863 101 storage/rocksdb.go:102                        Options.create_if_missing: 1
I210818 18:30:53.182866 101 storage/rocksdb.go:102                          Options.paranoid_checks: 1
I210818 18:30:53.182870 101 storage/rocksdb.go:102                                      Options.env: 0000000010801280
I210818 18:30:53.182873 101 storage/rocksdb.go:102                                 Options.info_log: 00000000127fe460
I210818 18:30:53.182876 101 storage/rocksdb.go:102                 Options.max_file_opening_threads: 16
I210818 18:30:53.182879 101 storage/rocksdb.go:102                               Options.statistics: 000000001080f6b0
I210818 18:30:53.182882 101 storage/rocksdb.go:102                                Options.use_fsync: 0
I210818 18:30:53.182885 101 storage/rocksdb.go:102                        Options.max_log_file_size: 0
I210818 18:30:53.182888 101 storage/rocksdb.go:102                   Options.max_manifest_file_size: 134217728
I210818 18:30:53.182891 101 storage/rocksdb.go:102                    Options.log_file_time_to_roll: 0
I210818 18:30:53.182894 101 storage/rocksdb.go:102                        Options.keep_log_file_num: 1000
I210818 18:30:53.182896 101 storage/rocksdb.go:102                     Options.recycle_log_file_num: 1
I210818 18:30:53.182899 101 storage/rocksdb.go:102                          Options.allow_fallocate: 1
I210818 18:30:53.182902 101 storage/rocksdb.go:102                         Options.allow_mmap_reads: 0
I210818 18:30:53.182905 101 storage/rocksdb.go:102                        Options.allow_mmap_writes: 0
I210818 18:30:53.182908 101 storage/rocksdb.go:102                         Options.use_direct_reads: 0
I210818 18:30:53.182911 101 storage/rocksdb.go:102                         Options.use_direct_io_for_flush_and_compaction: 0
I210818 18:30:53.182914 101 storage/rocksdb.go:102           Options.create_missing_column_families: 0
I210818 18:30:53.182918 101 storage/rocksdb.go:102                               Options.db_log_dir: 
I210818 18:30:53.182921 101 storage/rocksdb.go:102                                  Options.wal_dir: C:\Users\Nothing\Desktop\network\cockroach-data\cockroach-temp038360955
I210818 18:30:53.182924 101 storage/rocksdb.go:102                 Options.table_cache_numshardbits: 6
I210818 18:30:53.182926 101 storage/rocksdb.go:102                       Options.max_subcompactions: 1
I210818 18:30:53.182929 101 storage/rocksdb.go:102                   Options.max_background_flushes: -1
I210818 18:30:53.182932 101 storage/rocksdb.go:102                          Options.WAL_ttl_seconds: 0
I210818 18:30:53.182935 101 storage/rocksdb.go:102                        Options.WAL_size_limit_MB: 0
I210818 18:30:53.182938 101 storage/rocksdb.go:102              Options.manifest_preallocation_size: 4194304
I210818 18:30:53.182941 101 storage/rocksdb.go:102                      Options.is_fd_close_on_exec: 1
I210818 18:30:53.182944 101 storage/rocksdb.go:102                    Options.advise_random_on_open: 1
I210818 18:30:53.182947 101 storage/rocksdb.go:102                     Options.db_write_buffer_size: 0
I210818 18:30:53.182950 101 storage/rocksdb.go:102                     Options.write_buffer_manager: 00000000108292e0
I210818 18:30:53.182953 101 storage/rocksdb.go:102          Options.access_hint_on_compaction_start: 1
I210818 18:30:53.182956 101 storage/rocksdb.go:102   Options.new_table_reader_for_compaction_inputs: 0
I210818 18:30:53.182960 101 storage/rocksdb.go:102            Options.random_access_max_buffer_size: 1048576
I210818 18:30:53.182963 101 storage/rocksdb.go:102                       Options.use_adaptive_mutex: 0
I210818 18:30:53.182966 101 storage/rocksdb.go:102                             Options.rate_limiter: 0000000000000000
I210818 18:30:53.182973 101 storage/rocksdb.go:102      Options.sst_file_manager.rate_bytes_per_sec: 0
I210818 18:30:53.182976 101 storage/rocksdb.go:102                        Options.wal_recovery_mode: 0
I210818 18:30:53.182979 101 storage/rocksdb.go:102                   Options.enable_thread_tracking: 0
I210818 18:30:53.182982 101 storage/rocksdb.go:102                   Options.enable_pipelined_write: 0
I210818 18:30:53.182986 101 storage/rocksdb.go:102          Options.allow_concurrent_memtable_write: 1
I210818 18:30:53.182988 101 storage/rocksdb.go:102       Options.enable_write_thread_adaptive_yield: 1
I210818 18:30:53.182991 101 storage/rocksdb.go:102              Options.write_thread_max_yield_usec: 100
I210818 18:30:53.182994 101 storage/rocksdb.go:102             Options.write_thread_slow_yield_usec: 3
I210818 18:30:53.182998 101 storage/rocksdb.go:102                                Options.row_cache: None
I210818 18:30:53.183001 101 storage/rocksdb.go:102                               Options.wal_filter: None
I210818 18:30:53.183003 101 storage/rocksdb.go:102              Options.avoid_flush_during_recovery: 0
I210818 18:30:53.183006 101 storage/rocksdb.go:102              Options.allow_ingest_behind: 0
I210818 18:30:53.183009 101 storage/rocksdb.go:102              Options.preserve_deletes: 0
I210818 18:30:53.183012 101 storage/rocksdb.go:102              Options.two_write_queues: 0
I210818 18:30:53.183015 101 storage/rocksdb.go:102              Options.manual_wal_flush: 1
I210818 18:30:53.183020 101 storage/rocksdb.go:102              Options.atomic_flush: 0
I210818 18:30:53.183023 101 storage/rocksdb.go:102              Options.avoid_unnecessary_blocking_io: 0
I210818 18:30:53.183025 101 storage/rocksdb.go:102              Options.max_background_jobs: 4
I210818 18:30:53.183028 101 storage/rocksdb.go:102              Options.max_background_compactions: -1
I210818 18:30:53.183031 101 storage/rocksdb.go:102              Options.avoid_flush_during_shutdown: 0
I210818 18:30:53.183034 101 storage/rocksdb.go:102            Options.writable_file_max_buffer_size: 1048576
I210818 18:30:53.183037 101 storage/rocksdb.go:102              Options.delayed_write_rate : 16777216
I210818 18:30:53.183040 101 storage/rocksdb.go:102              Options.max_total_wal_size: 0
I210818 18:30:53.183043 101 storage/rocksdb.go:102              Options.delete_obsolete_files_period_micros: 21600000000
I210818 18:30:53.183045 101 storage/rocksdb.go:102                    Options.stats_dump_period_sec: 0
I210818 18:30:53.183048 101 storage/rocksdb.go:102                  Options.stats_persist_period_sec: 600
I210818 18:30:53.183051 101 storage/rocksdb.go:102                  Options.stats_history_buffer_size: 1048576
I210818 18:30:53.183054 101 storage/rocksdb.go:102                           Options.max_open_files: 128
I210818 18:30:53.183057 101 storage/rocksdb.go:102                           Options.bytes_per_sync: 524288
I210818 18:30:53.183060 101 storage/rocksdb.go:102                       Options.wal_bytes_per_sync: 0
I210818 18:30:53.183063 101 storage/rocksdb.go:102                    Options.strict_bytes_per_sync: 1
I210818 18:30:53.183066 101 storage/rocksdb.go:102        Options.compaction_readahead_size: 0
I210818 18:30:53.183069 101 storage/rocksdb.go:102  Compression algorithms supported:
I210818 18:30:53.183072 101 storage/rocksdb.go:102  	kZSTDNotFinalCompression supported: 0
I210818 18:30:53.183075 101 storage/rocksdb.go:102  	kZSTD supported: 0
I210818 18:30:53.183078 101 storage/rocksdb.go:102  	kXpressCompression supported: 0
I210818 18:30:53.183081 101 storage/rocksdb.go:102  	kLZ4HCCompression supported: 0
I210818 18:30:53.183085 101 storage/rocksdb.go:102  	kLZ4Compression supported: 0
I210818 18:30:53.183088 101 storage/rocksdb.go:102  	kBZip2Compression supported: 0
I210818 18:30:53.183091 101 storage/rocksdb.go:102  	kZlibCompression supported: 0
I210818 18:30:53.183095 101 storage/rocksdb.go:102  	kSnappyCompression supported: 1
I210818 18:30:53.183099 101 storage/rocksdb.go:102  Fast CRC32 supported: Supported on x86
I210818 18:30:53.183392 101 storage/rocksdb.go:102  [db/db_impl_open.cc:242] Creating manifest 1 
I210818 18:30:53.198224 101 storage/rocksdb.go:102  [db/version_set.cc:4072] Recovering from manifest file: C:\Users\Nothing\Desktop\network\cockroach-data\cockroach-temp038360955/MANIFEST-000001
I210818 18:30:53.198337 101 storage/rocksdb.go:102  [db/column_family.cc:488] --------------- Options for column family [default]:
I210818 18:30:53.198343 101 storage/rocksdb.go:102                Options.comparator: cockroach_comparator
I210818 18:30:53.198348 101 storage/rocksdb.go:102            Options.merge_operator: cockroach_merge_operator
I210818 18:30:53.198352 101 storage/rocksdb.go:102         Options.compaction_filter: None
I210818 18:30:53.198355 101 storage/rocksdb.go:102         Options.compaction_filter_factory: None
I210818 18:30:53.198358 101 storage/rocksdb.go:102          Options.memtable_factory: SkipListFactory
I210818 18:30:53.198361 101 storage/rocksdb.go:102             Options.table_factory: BlockBasedTable
I210818 18:30:53.198402 101 storage/rocksdb.go:102             table_factory options:   flush_block_policy_factory: FlushBlockBySizePolicyFactory (00000000107d1048)
  cache_index_and_filter_blocks: 0
  cache_index_and_filter_blocks_with_high_priority: 0
  pin_l0_filter_and_index_blocks_in_cache: 0
  pin_top_level_index_and_filter: 1
  index_type: 0
  data_block_index_type: 0
  index_shortening: 1
  data_block_hash_table_util_ratio: 0.750000
  hash_index_allow_collision: 1
  checksum: 1
  no_block_cache: 0
  block_cache: 0000000012801370
  block_cache_name: LRUCache
  block_cache_options:
    capacity : 1048576
    num_shard_bits : 4
    strict_capacity_limit : 0
    memory_allocator : None
    high_pri_pool_ratio: 0.000
  block_cache_compressed: 0000000000000000
  persistent_cache: 0000000000000000
  block_size: 32768
  block_size_deviation: 10
  block_restart_interval: 16
  index_block_restart_interval: 1
  metadata_block_size: 4096
  partition_filters: 0
  use_delta_encoding: 1
  filter_policy: rocksdb.BuiltinBloomFilter
  whole_key_filtering: 0
  verify_compression: 0
  read_amp_bytes_per_bit: 0
  format_version: 2
  enable_index_compression: 1
  block_align: 0
I210818 18:30:53.198411 101 storage/rocksdb.go:102         Options.write_buffer_size: 67108864
I210818 18:30:53.198416 101 storage/rocksdb.go:102   Options.max_write_buffer_number: 4
I210818 18:30:53.198421 101 storage/rocksdb.go:102           Options.compression: Snappy
I210818 18:30:53.198424 101 storage/rocksdb.go:102                   Options.bottommost_compression: Disabled
I210818 18:30:53.198428 101 storage/rocksdb.go:102        Options.prefix_extractor: cockroach_prefix_extractor
I210818 18:30:53.198431 101 storage/rocksdb.go:102    Options.memtable_insert_with_hint_prefix_extractor: nullptr
I210818 18:30:53.198433 101 storage/rocksdb.go:102              Options.num_levels: 7
I210818 18:30:53.198436 101 storage/rocksdb.go:102         Options.min_write_buffer_number_to_merge: 1
I210818 18:30:53.198439 101 storage/rocksdb.go:102      Options.max_write_buffer_number_to_maintain: 0
I210818 18:30:53.198442 101 storage/rocksdb.go:102             Options.bottommost_compression_opts.window_bits: -14
I210818 18:30:53.198445 101 storage/rocksdb.go:102                   Options.bottommost_compression_opts.level: 32767
I210818 18:30:53.198448 101 storage/rocksdb.go:102                Options.bottommost_compression_opts.strategy: 0
I210818 18:30:53.198451 101 storage/rocksdb.go:102          Options.bottommost_compression_opts.max_dict_bytes: 0
I210818 18:30:53.198454 101 storage/rocksdb.go:102          Options.bottommost_compression_opts.zstd_max_train_bytes: 0
I210818 18:30:53.198459 101 storage/rocksdb.go:102                   Options.bottommost_compression_opts.enabled: false
I210818 18:30:53.198462 101 storage/rocksdb.go:102             Options.compression_opts.window_bits: -14
I210818 18:30:53.198465 101 storage/rocksdb.go:102                   Options.compression_opts.level: 32767
I210818 18:30:53.198468 101 storage/rocksdb.go:102                Options.compression_opts.strategy: 0
I210818 18:30:53.198470 101 storage/rocksdb.go:102          Options.compression_opts.max_dict_bytes: 0
I210818 18:30:53.198474 101 storage/rocksdb.go:102          Options.compression_opts.zstd_max_train_bytes: 0
I210818 18:30:53.198477 101 storage/rocksdb.go:102                   Options.compression_opts.enabled: false
I210818 18:30:53.198481 101 storage/rocksdb.go:102       Options.level0_file_num_compaction_trigger: 2
I210818 18:30:53.198484 101 storage/rocksdb.go:102           Options.level0_slowdown_writes_trigger: 950
I210818 18:30:53.198487 101 storage/rocksdb.go:102               Options.level0_stop_writes_trigger: 1000
I210818 18:30:53.198491 101 storage/rocksdb.go:102                    Options.target_file_size_base: 4194304
I210818 18:30:53.198494 101 storage/rocksdb.go:102              Options.target_file_size_multiplier: 2
I210818 18:30:53.198497 101 storage/rocksdb.go:102                 Options.max_bytes_for_level_base: 67108864
I210818 18:30:53.198500 101 storage/rocksdb.go:102  Options.level_compaction_dynamic_level_bytes: 1
I210818 18:30:53.198503 101 storage/rocksdb.go:102           Options.max_bytes_for_level_multiplier: 10.000000
I210818 18:30:53.198506 101 storage/rocksdb.go:102  Options.max_bytes_for_level_multiplier_addtl[0]: 1
I210818 18:30:53.198509 101 storage/rocksdb.go:102  Options.max_bytes_for_level_multiplier_addtl[1]: 1
I210818 18:30:53.198512 101 storage/rocksdb.go:102  Options.max_bytes_for_level_multiplier_addtl[2]: 1
I210818 18:30:53.198515 101 storage/rocksdb.go:102  Options.max_bytes_for_level_multiplier_addtl[3]: 1
I210818 18:30:53.198518 101 storage/rocksdb.go:102  Options.max_bytes_for_level_multiplier_addtl[4]: 1
I210818 18:30:53.198521 101 storage/rocksdb.go:102  Options.max_bytes_for_level_multiplier_addtl[5]: 1
I210818 18:30:53.198524 101 storage/rocksdb.go:102  Options.max_bytes_for_level_multiplier_addtl[6]: 1
I210818 18:30:53.198527 101 storage/rocksdb.go:102        Options.max_sequential_skip_in_iterations: 8
I210818 18:30:53.198530 101 storage/rocksdb.go:102                     Options.max_compaction_bytes: 104857600
I210818 18:30:53.198533 101 storage/rocksdb.go:102                         Options.arena_block_size: 8388608
I210818 18:30:53.198536 101 storage/rocksdb.go:102    Options.soft_pending_compaction_bytes_limit: 2199023255552
I210818 18:30:53.198539 101 storage/rocksdb.go:102    Options.hard_pending_compaction_bytes_limit: 4400193994752
I210818 18:30:53.198542 101 storage/rocksdb.go:102        Options.rate_limit_delay_max_milliseconds: 100
I210818 18:30:53.198545 101 storage/rocksdb.go:102                 Options.disable_auto_compactions: 0
I210818 18:30:53.198548 101 storage/rocksdb.go:102                         Options.compaction_style: kCompactionStyleLevel
I210818 18:30:53.198552 101 storage/rocksdb.go:102                           Options.compaction_pri: kMinOverlappingRatio
I210818 18:30:53.198555 101 storage/rocksdb.go:102  Options.compaction_options_universal.size_ratio: 1
I210818 18:30:53.198558 101 storage/rocksdb.go:102  Options.compaction_options_universal.min_merge_width: 2
I210818 18:30:53.198561 101 storage/rocksdb.go:102  Options.compaction_options_universal.max_merge_width: 4294967295
I210818 18:30:53.198564 101 storage/rocksdb.go:102  Options.compaction_options_universal.max_size_amplification_percent: 200
I210818 18:30:53.198567 101 storage/rocksdb.go:102  Options.compaction_options_universal.compression_size_percent: -1
I210818 18:30:53.198570 101 storage/rocksdb.go:102  Options.compaction_options_universal.stop_style: kCompactionStopStyleTotalSize
I210818 18:30:53.198573 101 storage/rocksdb.go:102  Options.compaction_options_fifo.max_table_files_size: 1073741824
I210818 18:30:53.198577 101 storage/rocksdb.go:102  Options.compaction_options_fifo.allow_compaction: 0
I210818 18:30:53.198584 101 storage/rocksdb.go:102                    Options.table_properties_collectors: TimeBoundTblPropCollectorFactory; DeleteRangeTblPropCollectorFactory; 
I210818 18:30:53.198587 101 storage/rocksdb.go:102                    Options.inplace_update_support: 0
I210818 18:30:53.198590 101 storage/rocksdb.go:102                  Options.inplace_update_num_locks: 10000
I210818 18:30:53.198593 101 storage/rocksdb.go:102                Options.memtable_prefix_bloom_size_ratio: 0.000000
I210818 18:30:53.198596 101 storage/rocksdb.go:102                Options.memtable_whole_key_filtering: 0
I210818 18:30:53.198599 101 storage/rocksdb.go:102    Options.memtable_huge_page_size: 0
I210818 18:30:53.198602 101 storage/rocksdb.go:102                            Options.bloom_locality: 0
I210818 18:30:53.198605 101 storage/rocksdb.go:102                     Options.max_successive_merges: 0
I210818 18:30:53.198608 101 storage/rocksdb.go:102                 Options.optimize_filters_for_hits: 1
I210818 18:30:53.198611 101 storage/rocksdb.go:102                 Options.paranoid_file_checks: 0
I210818 18:30:53.198614 101 storage/rocksdb.go:102                 Options.force_consistency_checks: 0
I210818 18:30:53.198616 101 storage/rocksdb.go:102                 Options.report_bg_io_stats: 0
I210818 18:30:53.198619 101 storage/rocksdb.go:102                                Options.ttl: 0
I210818 18:30:53.198622 101 storage/rocksdb.go:102           Options.periodic_compaction_seconds: 0
I210818 18:30:53.200914 101 storage/rocksdb.go:102  [db/version_set.cc:4286] Recovered from manifest file:C:\Users\Nothing\Desktop\network\cockroach-data\cockroach-temp038360955/MANIFEST-000001 succeeded,manifest_file_number is 1, next_file_number is 3, last_sequence is 0, log_number is 0,prev_log_number is 0,max_column_family is 0,min_log_number_to_keep is 0
I210818 18:30:53.200925 101 storage/rocksdb.go:102  [db/version_set.cc:4295] Column family [default] (ID 0), log number is 0
I210818 18:30:53.210193 101 storage/rocksdb.go:102  DB pointer 000000001660e000
I210818 18:30:55.689766 101 storage/rocksdb.go:102  RocksDB version: 6.2.1
I210818 18:30:55.689771 101 storage/rocksdb.go:102  Git sha rocksdb_build_git_sha:@@
I210818 18:30:55.689827 101 storage/rocksdb.go:102  Compile date May 17 2021
I210818 18:30:55.689830 101 storage/rocksdb.go:102  DB SUMMARY
I210818 18:30:55.689972 101 storage/rocksdb.go:102  CURRENT file:  CURRENT
I210818 18:30:55.689976 101 storage/rocksdb.go:102  IDENTITY file:  IDENTITY
I210818 18:30:55.690004 101 storage/rocksdb.go:102  MANIFEST file:  MANIFEST-000008 size: 184 Bytes
I210818 18:30:55.690009 101 storage/rocksdb.go:102  SST files in C:\Users\Nothing\Desktop\network\cockroach-data dir, Total Num: 1, files: 000009.sst 
I210818 18:30:55.690013 101 storage/rocksdb.go:102  Write Ahead Log file in C:\Users\Nothing\Desktop\network\cockroach-data: 000003.log size: 59685955 ; 000006.log size: 1452419 ; 
I210818 18:30:55.690016 101 storage/rocksdb.go:102                          Options.error_if_exists: 0
I210818 18:30:55.690019 101 storage/rocksdb.go:102                        Options.create_if_missing: 1
I210818 18:30:55.690022 101 storage/rocksdb.go:102                          Options.paranoid_checks: 1
I210818 18:30:55.690025 101 storage/rocksdb.go:102                                      Options.env: 0000000010801280
I210818 18:30:55.690028 101 storage/rocksdb.go:102                                 Options.info_log: 00000000156510c0
I210818 18:30:55.690031 101 storage/rocksdb.go:102                 Options.max_file_opening_threads: 16
I210818 18:30:55.690034 101 storage/rocksdb.go:102                               Options.statistics: 0000000015cf9010
I210818 18:30:55.690037 101 storage/rocksdb.go:102                                Options.use_fsync: 0
I210818 18:30:55.690040 101 storage/rocksdb.go:102                        Options.max_log_file_size: 0
I210818 18:30:55.690042 101 storage/rocksdb.go:102                   Options.max_manifest_file_size: 134217728
I210818 18:30:55.690045 101 storage/rocksdb.go:102                    Options.log_file_time_to_roll: 0
I210818 18:30:55.690048 101 storage/rocksdb.go:102                        Options.keep_log_file_num: 1000
I210818 18:30:55.690051 101 storage/rocksdb.go:102                     Options.recycle_log_file_num: 1
I210818 18:30:55.690054 101 storage/rocksdb.go:102                          Options.allow_fallocate: 1
I210818 18:30:55.690057 101 storage/rocksdb.go:102                         Options.allow_mmap_reads: 0
I210818 18:30:55.690060 101 storage/rocksdb.go:102                        Options.allow_mmap_writes: 0
I210818 18:30:55.690063 101 storage/rocksdb.go:102                         Options.use_direct_reads: 0
I210818 18:30:55.690066 101 storage/rocksdb.go:102                         Options.use_direct_io_for_flush_and_compaction: 0
I210818 18:30:55.690069 101 storage/rocksdb.go:102           Options.create_missing_column_families: 0
I210818 18:30:55.690071 101 storage/rocksdb.go:102                               Options.db_log_dir: 
I210818 18:30:55.690080 101 storage/rocksdb.go:102                                  Options.wal_dir: C:\Users\Nothing\Desktop\network\cockroach-data
I210818 18:30:55.690083 101 storage/rocksdb.go:102                 Options.table_cache_numshardbits: 6
I210818 18:30:55.690086 101 storage/rocksdb.go:102                       Options.max_subcompactions: 1
I210818 18:30:55.690088 101 storage/rocksdb.go:102                   Options.max_background_flushes: -1
I210818 18:30:55.690091 101 storage/rocksdb.go:102                          Options.WAL_ttl_seconds: 0
I210818 18:30:55.690094 101 storage/rocksdb.go:102                        Options.WAL_size_limit_MB: 0
I210818 18:30:55.690097 101 storage/rocksdb.go:102              Options.manifest_preallocation_size: 4194304
I210818 18:30:55.690100 101 storage/rocksdb.go:102                      Options.is_fd_close_on_exec: 1
I210818 18:30:55.690102 101 storage/rocksdb.go:102                    Options.advise_random_on_open: 1
I210818 18:30:55.690105 101 storage/rocksdb.go:102                     Options.db_write_buffer_size: 0
I210818 18:30:55.690108 101 storage/rocksdb.go:102                     Options.write_buffer_manager: 0000000015dc10c0
I210818 18:30:55.690111 101 storage/rocksdb.go:102          Options.access_hint_on_compaction_start: 1
I210818 18:30:55.690113 101 storage/rocksdb.go:102   Options.new_table_reader_for_compaction_inputs: 0
I210818 18:30:55.690116 101 storage/rocksdb.go:102            Options.random_access_max_buffer_size: 1048576
I210818 18:30:55.690119 101 storage/rocksdb.go:102                       Options.use_adaptive_mutex: 0
I210818 18:30:55.690122 101 storage/rocksdb.go:102                             Options.rate_limiter: 0000000000000000
I210818 18:30:55.690126 101 storage/rocksdb.go:102      Options.sst_file_manager.rate_bytes_per_sec: 0
I210818 18:30:55.690128 101 storage/rocksdb.go:102                        Options.wal_recovery_mode: 0
I210818 18:30:55.690131 101 storage/rocksdb.go:102                   Options.enable_thread_tracking: 0
I210818 18:30:55.690134 101 storage/rocksdb.go:102                   Options.enable_pipelined_write: 0
I210818 18:30:55.690137 101 storage/rocksdb.go:102          Options.allow_concurrent_memtable_write: 1
I210818 18:30:55.690140 101 storage/rocksdb.go:102       Options.enable_write_thread_adaptive_yield: 1
I210818 18:30:55.690143 101 storage/rocksdb.go:102              Options.write_thread_max_yield_usec: 100
I210818 18:30:55.690145 101 storage/rocksdb.go:102             Options.write_thread_slow_yield_usec: 3
I210818 18:30:55.690148 101 storage/rocksdb.go:102                                Options.row_cache: None
I210818 18:30:55.690151 101 storage/rocksdb.go:102                               Options.wal_filter: None
I210818 18:30:55.690154 101 storage/rocksdb.go:102              Options.avoid_flush_during_recovery: 0
I210818 18:30:55.690157 101 storage/rocksdb.go:102              Options.allow_ingest_behind: 0
I210818 18:30:55.690160 101 storage/rocksdb.go:102              Options.preserve_deletes: 0
I210818 18:30:55.690162 101 storage/rocksdb.go:102              Options.two_write_queues: 0
I210818 18:30:55.690165 101 storage/rocksdb.go:102              Options.manual_wal_flush: 1
I210818 18:30:55.690168 101 storage/rocksdb.go:102              Options.atomic_flush: 0
I210818 18:30:55.690171 101 storage/rocksdb.go:102              Options.avoid_unnecessary_blocking_io: 0
I210818 18:30:55.690173 101 storage/rocksdb.go:102              Options.max_background_jobs: 4
I210818 18:30:55.690176 101 storage/rocksdb.go:102              Options.max_background_compactions: -1
I210818 18:30:55.690179 101 storage/rocksdb.go:102              Options.avoid_flush_during_shutdown: 0
I210818 18:30:55.690182 101 storage/rocksdb.go:102            Options.writable_file_max_buffer_size: 1048576
I210818 18:30:55.690185 101 storage/rocksdb.go:102              Options.delayed_write_rate : 16777216
I210818 18:30:55.690188 101 storage/rocksdb.go:102              Options.max_total_wal_size: 0
I210818 18:30:55.690191 101 storage/rocksdb.go:102              Options.delete_obsolete_files_period_micros: 21600000000
I210818 18:30:55.690193 101 storage/rocksdb.go:102                    Options.stats_dump_period_sec: 0
I210818 18:30:55.690196 101 storage/rocksdb.go:102                  Options.stats_persist_period_sec: 600
I210818 18:30:55.690199 101 storage/rocksdb.go:102                  Options.stats_history_buffer_size: 1048576
I210818 18:30:55.690202 101 storage/rocksdb.go:102                           Options.max_open_files: 10000
I210818 18:30:55.690205 101 storage/rocksdb.go:102                           Options.bytes_per_sync: 524288
I210818 18:30:55.690208 101 storage/rocksdb.go:102                       Options.wal_bytes_per_sync: 0
I210818 18:30:55.690211 101 storage/rocksdb.go:102                    Options.strict_bytes_per_sync: 1
I210818 18:30:55.690213 101 storage/rocksdb.go:102        Options.compaction_readahead_size: 0
I210818 18:30:55.690216 101 storage/rocksdb.go:102  Compression algorithms supported:
I210818 18:30:55.690220 101 storage/rocksdb.go:102  	kZSTDNotFinalCompression supported: 0
I210818 18:30:55.690222 101 storage/rocksdb.go:102  	kZSTD supported: 0
I210818 18:30:55.690225 101 storage/rocksdb.go:102  	kXpressCompression supported: 0
I210818 18:30:55.690228 101 storage/rocksdb.go:102  	kLZ4HCCompression supported: 0
I210818 18:30:55.690231 101 storage/rocksdb.go:102  	kLZ4Compression supported: 0
I210818 18:30:55.690234 101 storage/rocksdb.go:102  	kBZip2Compression supported: 0
I210818 18:30:55.690236 101 storage/rocksdb.go:102  	kZlibCompression supported: 0
I210818 18:30:55.690240 101 storage/rocksdb.go:102  	kSnappyCompression supported: 1
I210818 18:30:55.690244 101 storage/rocksdb.go:102  Fast CRC32 supported: Supported on x86
I210818 18:30:55.690642 101 storage/rocksdb.go:102  [db/version_set.cc:4072] Recovering from manifest file: C:\Users\Nothing\Desktop\network\cockroach-data/MANIFEST-000008
I210818 18:30:55.690735 101 storage/rocksdb.go:102  [db/column_family.cc:488] --------------- Options for column family [default]:
I210818 18:30:55.690739 101 storage/rocksdb.go:102                Options.comparator: cockroach_comparator
I210818 18:30:55.690742 101 storage/rocksdb.go:102            Options.merge_operator: cockroach_merge_operator
I210818 18:30:55.690745 101 storage/rocksdb.go:102         Options.compaction_filter: None
I210818 18:30:55.690748 101 storage/rocksdb.go:102         Options.compaction_filter_factory: None
I210818 18:30:55.690751 101 storage/rocksdb.go:102          Options.memtable_factory: SkipListFactory
I210818 18:30:55.690754 101 storage/rocksdb.go:102             Options.table_factory: BlockBasedTable
I210818 18:30:55.690785 101 storage/rocksdb.go:102             table_factory options:   flush_block_policy_factory: FlushBlockBySizePolicyFactory (0000000015cf8028)
  cache_index_and_filter_blocks: 0
  cache_index_and_filter_blocks_with_high_priority: 0
  pin_l0_filter_and_index_blocks_in_cache: 0
  pin_top_level_index_and_filter: 1
  index_type: 0
  data_block_index_type: 0
  index_shortening: 1
  data_block_hash_table_util_ratio: 0.750000
  hash_index_allow_collision: 1
  checksum: 1
  no_block_cache: 0
  block_cache: 0000000015652010
  block_cache_name: LRUCache
  block_cache_options:
    capacity : 67108864
    num_shard_bits : 4
    strict_capacity_limit : 0
    memory_allocator : None
    high_pri_pool_ratio: 0.000
  block_cache_compressed: 0000000000000000
  persistent_cache: 0000000000000000
  block_size: 32768
  block_size_deviation: 10
  block_restart_interval: 16
  index_block_restart_interval: 1
  metadata_block_size: 4096
  partition_filters: 0
  use_delta_encoding: 1
  filter_policy: rocksdb.BuiltinBloomFilter
  whole_key_filtering: 0
  verify_compression: 0
  read_amp_bytes_per_bit: 0
  format_version: 2
  enable_index_compression: 1
  block_align: 0
I210818 18:30:55.690790 101 storage/rocksdb.go:102         Options.write_buffer_size: 67108864
I210818 18:30:55.690794 101 storage/rocksdb.go:102   Options.max_write_buffer_number: 4
I210818 18:30:55.690797 101 storage/rocksdb.go:102           Options.compression: Snappy
I210818 18:30:55.690800 101 storage/rocksdb.go:102                   Options.bottommost_compression: Disabled
I210818 18:30:55.690803 101 storage/rocksdb.go:102        Options.prefix_extractor: cockroach_prefix_extractor
I210818 18:30:55.690806 101 storage/rocksdb.go:102    Options.memtable_insert_with_hint_prefix_extractor: nullptr
I210818 18:30:55.690809 101 storage/rocksdb.go:102              Options.num_levels: 7
I210818 18:30:55.690812 101 storage/rocksdb.go:102         Options.min_write_buffer_number_to_merge: 1
I210818 18:30:55.690815 101 storage/rocksdb.go:102      Options.max_write_buffer_number_to_maintain: 0
I210818 18:30:55.690817 101 storage/rocksdb.go:102             Options.bottommost_compression_opts.window_bits: -14
I210818 18:30:55.690820 101 storage/rocksdb.go:102                   Options.bottommost_compression_opts.level: 32767
I210818 18:30:55.690823 101 storage/rocksdb.go:102                Options.bottommost_compression_opts.strategy: 0
I210818 18:30:55.690826 101 storage/rocksdb.go:102          Options.bottommost_compression_opts.max_dict_bytes: 0
I210818 18:30:55.690829 101 storage/rocksdb.go:102          Options.bottommost_compression_opts.zstd_max_train_bytes: 0
I210818 18:30:55.690832 101 storage/rocksdb.go:102                   Options.bottommost_compression_opts.enabled: false
I210818 18:30:55.690835 101 storage/rocksdb.go:102             Options.compression_opts.window_bits: -14
I210818 18:30:55.690838 101 storage/rocksdb.go:102                   Options.compression_opts.level: 32767
I210818 18:30:55.690840 101 storage/rocksdb.go:102                Options.compression_opts.strategy: 0
I210818 18:30:55.690843 101 storage/rocksdb.go:102          Options.compression_opts.max_dict_bytes: 0
I210818 18:30:55.690846 101 storage/rocksdb.go:102          Options.compression_opts.zstd_max_train_bytes: 0
I210818 18:30:55.690849 101 storage/rocksdb.go:102                   Options.compression_opts.enabled: false
I210818 18:30:55.690852 101 storage/rocksdb.go:102       Options.level0_file_num_compaction_trigger: 2
I210818 18:30:55.690855 101 storage/rocksdb.go:102           Options.level0_slowdown_writes_trigger: 950
I210818 18:30:55.690858 101 storage/rocksdb.go:102               Options.level0_stop_writes_trigger: 1000
I210818 18:30:55.690861 101 storage/rocksdb.go:102                    Options.target_file_size_base: 4194304
I210818 18:30:55.690863 101 storage/rocksdb.go:102              Options.target_file_size_multiplier: 2
I210818 18:30:55.690866 101 storage/rocksdb.go:102                 Options.max_bytes_for_level_base: 67108864
I210818 18:30:55.690869 101 storage/rocksdb.go:102  Options.level_compaction_dynamic_level_bytes: 1
I210818 18:30:55.690872 101 storage/rocksdb.go:102           Options.max_bytes_for_level_multiplier: 10.000000
I210818 18:30:55.690875 101 storage/rocksdb.go:102  Options.max_bytes_for_level_multiplier_addtl[0]: 1
I210818 18:30:55.690878 101 storage/rocksdb.go:102  Options.max_bytes_for_level_multiplier_addtl[1]: 1
I210818 18:30:55.690881 101 storage/rocksdb.go:102  Options.max_bytes_for_level_multiplier_addtl[2]: 1
I210818 18:30:55.690884 101 storage/rocksdb.go:102  Options.max_bytes_for_level_multiplier_addtl[3]: 1
I210818 18:30:55.690903 101 storage/rocksdb.go:102  Options.max_bytes_for_level_multiplier_addtl[4]: 1
I210818 18:30:55.690907 101 storage/rocksdb.go:102  Options.max_bytes_for_level_multiplier_addtl[5]: 1
I210818 18:30:55.690909 101 storage/rocksdb.go:102  Options.max_bytes_for_level_multiplier_addtl[6]: 1
I210818 18:30:55.690912 101 storage/rocksdb.go:102        Options.max_sequential_skip_in_iterations: 8
I210818 18:30:55.690915 101 storage/rocksdb.go:102                     Options.max_compaction_bytes: 104857600
I210818 18:30:55.690918 101 storage/rocksdb.go:102                         Options.arena_block_size: 8388608
I210818 18:30:55.690921 101 storage/rocksdb.go:102    Options.soft_pending_compaction_bytes_limit: 2199023255552
I210818 18:30:55.690924 101 storage/rocksdb.go:102    Options.hard_pending_compaction_bytes_limit: 4400193994752
I210818 18:30:55.690927 101 storage/rocksdb.go:102        Options.rate_limit_delay_max_milliseconds: 100
I210818 18:30:55.690929 101 storage/rocksdb.go:102                 Options.disable_auto_compactions: 0
I210818 18:30:55.690933 101 storage/rocksdb.go:102                         Options.compaction_style: kCompactionStyleLevel
I210818 18:30:55.690936 101 storage/rocksdb.go:102                           Options.compaction_pri: kMinOverlappingRatio
I210818 18:30:55.690939 101 storage/rocksdb.go:102  Options.compaction_options_universal.size_ratio: 1
I210818 18:30:55.690942 101 storage/rocksdb.go:102  Options.compaction_options_universal.min_merge_width: 2
I210818 18:30:55.690945 101 storage/rocksdb.go:102  Options.compaction_options_universal.max_merge_width: 4294967295
I210818 18:30:55.690947 101 storage/rocksdb.go:102  Options.compaction_options_universal.max_size_amplification_percent: 200
I210818 18:30:55.690950 101 storage/rocksdb.go:102  Options.compaction_options_universal.compression_size_percent: -1
I210818 18:30:55.690953 101 storage/rocksdb.go:102  Options.compaction_options_universal.stop_style: kCompactionStopStyleTotalSize
I210818 18:30:55.690956 101 storage/rocksdb.go:102  Options.compaction_options_fifo.max_table_files_size: 1073741824
I210818 18:30:55.690959 101 storage/rocksdb.go:102  Options.compaction_options_fifo.allow_compaction: 0
I210818 18:30:55.690968 101 storage/rocksdb.go:102                    Options.table_properties_collectors: TimeBoundTblPropCollectorFactory; DeleteRangeTblPropCollectorFactory; 
I210818 18:30:55.690971 101 storage/rocksdb.go:102                    Options.inplace_update_support: 0
I210818 18:30:55.690974 101 storage/rocksdb.go:102                  Options.inplace_update_num_locks: 10000
I210818 18:30:55.690977 101 storage/rocksdb.go:102                Options.memtable_prefix_bloom_size_ratio: 0.000000
I210818 18:30:55.690980 101 storage/rocksdb.go:102                Options.memtable_whole_key_filtering: 0
I210818 18:30:55.690983 101 storage/rocksdb.go:102    Options.memtable_huge_page_size: 0
I210818 18:30:55.690985 101 storage/rocksdb.go:102                            Options.bloom_locality: 0
I210818 18:30:55.690988 101 storage/rocksdb.go:102                     Options.max_successive_merges: 0
I210818 18:30:55.690991 101 storage/rocksdb.go:102                 Options.optimize_filters_for_hits: 1
I210818 18:30:55.690994 101 storage/rocksdb.go:102                 Options.paranoid_file_checks: 0
I210818 18:30:55.690997 101 storage/rocksdb.go:102                 Options.force_consistency_checks: 0
I210818 18:30:55.690999 101 storage/rocksdb.go:102                 Options.report_bg_io_stats: 0
I210818 18:30:55.691002 101 storage/rocksdb.go:102                                Options.ttl: 0
I210818 18:30:55.691005 101 storage/rocksdb.go:102           Options.periodic_compaction_seconds: 0
I210818 18:30:55.693443 101 storage/rocksdb.go:102  [db/version_set.cc:4286] Recovered from manifest file:C:\Users\Nothing\Desktop\network\cockroach-data/MANIFEST-000008 succeeded,manifest_file_number is 8, next_file_number is 11, last_sequence is 240405, log_number is 6,prev_log_number is 0,max_column_family is 0,min_log_number_to_keep is 0
I210818 18:30:55.693448 101 storage/rocksdb.go:102  [db/version_set.cc:4295] Column family [default] (ID 0), log number is 6
I210818 18:30:55.694113 101 storage/rocksdb.go:102  EVENT_LOG_v1 {"time_micros": 1629311455693653, "job": 1, "event": "recovery_started", "log_files": [3, 6]}
I210818 18:30:55.694120 101 storage/rocksdb.go:102  [db/db_impl_open.cc:586] Skipping log #3 since it is older than min log to keep #6
I210818 18:30:55.694124 101 storage/rocksdb.go:102  [db/db_impl_open.cc:598] Recovering log #6 mode 0
I210818 18:30:55.713245 101 storage/rocksdb.go:102  EVENT_LOG_v1 {"time_micros": 1629311455712938, "cf_name": "default", "job": 1, "event": "table_file_creation", "file_number": 11, "file_size": 79035, "table_properties": {"data_size": 76332, "index_size": 334, "index_partitions": 0, "top_level_index_size": 0, "index_key_is_user_key": 0, "index_value_is_delta_encoded": 0, "filter_size": 1477, "raw_key_size": 54480, "raw_average_key_size": 42, "raw_value_size": 294429, "raw_average_value_size": 229, "num_data_blocks": 8, "num_entries": 1284, "num_deletions": 218, "num_merge_operands": 694, "num_range_deletions": 694, "format_version": 0, "fixed_key_len": 0, "filter_policy": "rocksdb.BuiltinBloomFilter", "column_family_name": "default", "column_family_id": 0, "comparator": "cockroach_comparator", "merge_operator": "cockroach_merge_operator", "prefix_extractor_name": "cockroach_prefix_extractor", "property_collectors": "[TimeBoundTblPropCollectorFactory,DeleteRangeTblPropCollectorFactory]", "compression": "Snappy", "compression_options": "window_bits=-14; level=32767; strategy=0; max_dict_bytes=0; zstd_max_train_bytes=0; enabled=0; ", "creation_time": 1629311455, "oldest_key_time": 3, "file_creation_time": 0}}
I210818 18:30:55.713548 101 storage/rocksdb.go:102  [db/version_set.cc:3560] Creating manifest 12
I210818 18:30:55.719793 101 storage/rocksdb.go:102  EVENT_LOG_v1 {"time_micros": 1629311455718965, "job": 1, "event": "recovery_finished"}
I210818 18:30:55.731352 101 storage/rocksdb.go:102  DB pointer 0000000015dd1000
I210818 18:30:55.731523 17 storage/rocksdb.go:102  [db/compaction_job.cc:1647] [default] [JOB 3] Compacting 2@0 files to L6, score 1.00
I210818 18:30:55.731558 17 storage/rocksdb.go:102  [db/compaction_job.cc:1651] [default] Compaction start summary: Base version 2 Base level 0, inputs: [11(77KB) 9(639KB)]
I210818 18:30:55.731611 17 storage/rocksdb.go:102  EVENT_LOG_v1 {"time_micros": 1629311455730926, "job": 3, "event": "compaction_started", "compaction_reason": "LevelL0FilesNum", "files_L0": [11, 9], "score": 1, "input_data_size": 733742}
I210818 18:30:55.751436 17 storage/rocksdb.go:102  [db/compaction_job.cc:1334] [default] [JOB 3] Generated table #16: 11549 keys, 665791 bytes
I210818 18:30:55.751489 17 storage/rocksdb.go:102  EVENT_LOG_v1 {"time_micros": 1629311455750839, "cf_name": "default", "job": 3, "event": "table_file_creation", "file_number": 16, "file_size": 665791, "table_properties": {"data_size": 661991, "index_size": 5029, "index_partitions": 0, "top_level_index_size": 0, "index_key_is_user_key": 0, "index_value_is_delta_encoded": 0, "filter_size": 0, "raw_key_size": 411570, "raw_average_key_size": 35, "raw_value_size": 3033650, "raw_average_value_size": 262, "num_data_blocks": 100, "num_entries": 11549, "num_deletions": 0, "num_merge_operands": 0, "num_range_deletions": 0, "format_version": 0, "fixed_key_len": 0, "filter_policy": "rocksdb.BuiltinBloomFilter", "column_family_name": "default", "column_family_id": 0, "comparator": "cockroach_comparator", "merge_operator": "cockroach_merge_operator", "prefix_extractor_name": "cockroach_prefix_extractor", "property_collectors": "[TimeBoundTblPropCollectorFactory,DeleteRangeTblPropCollectorFactory]", "compression": "Snappy", "compression_options": "window_bits=-14; level=32767; strategy=0; max_dict_bytes=0; zstd_max_train_bytes=0; enabled=0; ", "creation_time": 1629311455, "oldest_key_time": 0, "file_creation_time": 1629311455}}
I210818 18:30:55.757131 17 storage/rocksdb.go:102  [db/compaction_job.cc:1397] [default] [JOB 3] Compacted 2@0 files to L6 => 665791 bytes
I210818 18:30:55.757590 17 storage/rocksdb.go:102  [db/version_set.cc:3086] More existing levels in DB than needed. max_bytes_for_level_multiplier may not be guaranteed.
I210818 18:30:55.759560 17 storage/rocksdb.go:102  (Original Log Time 2021/08/19-01:30:55.758818) [db/compaction_job.cc:770] [default] compacted to: base level 6 level multiplier 10.00 max bytes base 67108864 files[0 0 0 0 0 0 1] max score 0.00, MB/sec: 36.7 rd, 33.3 wr, level 6, files in(2, 0) out(1) MB in(0.7, 0.0) out(0.6), read-write-amplify(1.9) write-amplify(0.9) OK, records in: 12514, records dropped: 271 output_compression: Snappy
I210818 18:30:55.759579 17 storage/rocksdb.go:102  (Original Log Time 2021/08/19-01:30:55.758818) EVENT_LOG_v1 {"time_micros": 1629311455758818, "job": 3, "event": "compaction_finished", "compaction_time_micros": 19991, "compaction_time_cpu_micros": 0, "output_level": 6, "num_output_files": 1, "total_output_size": 665791, "num_input_records": 11820, "num_output_records": 11549, "num_subcompactions": 1, "output_compression": "Snappy", "num_single_delete_mismatches": 0, "num_single_delete_fallthrough": 0, "lsm_state": [0, 0, 0, 0, 0, 0, 1]}
I210818 18:30:55.759930 17 storage/rocksdb.go:102  EVENT_LOG_v1 {"time_micros": 1629311455759816, "job": 3, "event": "table_file_deletion", "file_number": 11}
I210818 18:30:55.760312 17 storage/rocksdb.go:102  EVENT_LOG_v1 {"time_micros": 1629311455759816, "job": 3, "event": "table_file_deletion", "file_number": 9}
